Exception in thread "main" edu.uci.ics.hyracks.api.exceptions.HyracksException: edu.uci.ics.hyracks.ipc.exceptions.IPCException: Handle is not in Connected state
	at edu.uci.ics.pregelix.core.driver.Driver.runJobs(Driver.java:200)
	at edu.uci.ics.pregelix.core.driver.Driver.runJob(Driver.java:99)
	at edu.uci.ics.pregelix.example.client.Client.run(Client.java:84)
	at edu.uci.ics.pregelix.example.PageRankVertex.main(PageRankVertex.java:243)
	at sun.reflect.NativeMethodAccessorImpl.invoke0(Native Method)
	at sun.reflect.NativeMethodAccessorImpl.invoke(NativeMethodAccessorImpl.java:57)
	at sun.reflect.DelegatingMethodAccessorImpl.invoke(DelegatingMethodAccessorImpl.java:43)
	at java.lang.reflect.Method.invoke(Method.java:606)
	at org.apache.hadoop.util.RunJar.main(RunJar.java:156)
Caused by: edu.uci.ics.hyracks.ipc.exceptions.IPCException: Handle is not in Connected state
	at edu.uci.ics.hyracks.ipc.impl.IPCHandle.send(IPCHandle.java:68)
	at edu.uci.ics.hyracks.control.common.ipc.NodeControllerRemoteProxy.deployBinary(NodeControllerRemoteProxy.java:73)
	at edu.uci.ics.hyracks.control.cc.work.CliDeployBinaryWork.doRun(CliDeployBinaryWork.java:86)
	at edu.uci.ics.hyracks.control.common.work.SynchronizableWork.run(SynchronizableWork.java:32)
	at edu.uci.ics.hyracks.control.common.work.WorkQueue$WorkerThread.run(WorkQueue.java:116)
java.lang.IllegalStateException: Unexpected token END OF FILE at position 0.
	at edu.uci.ics.hyracks.client.stats.impl.ClientCounterContext.requestCounters(ClientCounterContext.java:141)
	at edu.uci.ics.hyracks.client.stats.impl.ClientCounterContext.access$200(ClientCounterContext.java:40)
	at edu.uci.ics.hyracks.client.stats.impl.ClientCounterContext$UpdateThread.run(ClientCounterContext.java:265)
Caused by: Unexpected token END OF FILE at position 0.
	at org.json.simple.parser.JSONParser.parse(Unknown Source)
	at org.json.simple.parser.JSONParser.parse(Unknown Source)
	at org.json.simple.parser.JSONParser.parse(Unknown Source)
	at edu.uci.ics.hyracks.client.stats.impl.ClientCounterContext.requestCounters(ClientCounterContext.java:131)
	... 2 more
Total Execution Time: 15090 seconds
