Warning: $HADOOP_HOME is deprecated.

Deleted hdfs://sensorium-1:31888/tmp/ccoutput
Warning: $HADOOP_HOME is deprecated.

14/03/05 18:16:08 INFO utils.ConfigurationUtils: No edge input format specified. Ensure your InputFormat does not require one.
14/03/05 18:16:08 INFO utils.ConfigurationUtils: No edge output format specified. Ensure your OutputFormat does not require one.
14/03/05 18:16:08 INFO utils.ConfigurationUtils: Setting custom argument [giraph.useOutOfCoreGraph] to [false] in GiraphConfiguration
14/03/05 18:16:08 INFO utils.ConfigurationUtils: Setting custom argument [giraph.useOutOfCoreMessages] to [false] in GiraphConfiguration
14/03/05 18:16:08 INFO utils.ConfigurationUtils: Setting custom argument [giraph.partitionsDirectory] to [/scratch/yingyib/giraph] in GiraphConfiguration
14/03/05 18:16:08 INFO job.GiraphJob: run: Since checkpointing is disabled (default), do not allow any task retries (setting mapred.map.max.attempts = 0, old value = 4)
14/03/05 18:16:19 INFO job.GiraphJob: run: Tracking URL: http://sensorium-1:47040/jobdetails.jsp?jobid=job_201402140954_0148
14/03/05 18:17:07 INFO job.HaltApplicationUtils$DefaultHaltInstructionsWriter: writeHaltInstructions: To halt after next superstep execute: 'bin/halt-application --zkServer sensorium-58.ics.uci.edu:22181 --zkNode /_hadoopBsp/job_201402140954_0148/_haltComputation'
14/03/05 18:17:07 INFO mapred.JobClient: Running job: job_201402140954_0148
14/03/05 18:17:08 INFO mapred.JobClient:  map 37% reduce 0%
14/03/05 18:17:09 INFO mapred.JobClient:  map 49% reduce 0%
14/03/05 18:17:10 INFO mapred.JobClient:  map 58% reduce 0%
14/03/05 18:17:11 INFO mapred.JobClient:  map 70% reduce 0%
14/03/05 18:17:12 INFO mapred.JobClient:  map 83% reduce 0%
14/03/05 18:17:13 INFO mapred.JobClient:  map 91% reduce 0%
14/03/05 18:17:15 INFO mapred.JobClient:  map 100% reduce 0%
14/03/05 18:37:00 INFO mapred.JobClient:  map 95% reduce 0%
14/03/05 18:50:31 INFO mapred.JobClient:  map 91% reduce 0%
14/03/05 20:24:46 INFO mapred.JobClient:  map 87% reduce 0%
14/03/05 20:25:02 INFO mapred.JobClient: Job complete: job_201402140954_0148
14/03/05 20:25:02 INFO mapred.JobClient: Counters: 6
14/03/05 20:25:02 INFO mapred.JobClient:   Job Counters 
14/03/05 20:25:02 INFO mapred.JobClient:     SLOTS_MILLIS_MAPS=168851936
14/03/05 20:25:02 INFO mapred.JobClient:     Total time spent by all reduces waiting after reserving slots (ms)=0
14/03/05 20:25:02 INFO mapred.JobClient:     Total time spent by all maps waiting after reserving slots (ms)=0
14/03/05 20:25:02 INFO mapred.JobClient:     Launched map tasks=24
14/03/05 20:25:02 INFO mapred.JobClient:     SLOTS_MILLIS_REDUCES=0
14/03/05 20:25:02 INFO mapred.JobClient:     Failed map tasks=1
Total Execution Time: 7744 seconds
