Warning: $HADOOP_HOME is deprecated.

Deleted hdfs://sensorium-1:31888/tmp/ccoutput
Warning: $HADOOP_HOME is deprecated.

14/03/06 14:38:22 INFO utils.ConfigurationUtils: No edge input format specified. Ensure your InputFormat does not require one.
14/03/06 14:38:22 INFO utils.ConfigurationUtils: No edge output format specified. Ensure your OutputFormat does not require one.
14/03/06 14:38:22 INFO utils.ConfigurationUtils: Setting custom argument [giraph.useOutOfCoreGraph] to [false] in GiraphConfiguration
14/03/06 14:38:22 INFO utils.ConfigurationUtils: Setting custom argument [giraph.useOutOfCoreMessages] to [false] in GiraphConfiguration
14/03/06 14:38:22 INFO utils.ConfigurationUtils: Setting custom argument [giraph.partitionsDirectory] to [/scratch/yingyib/giraph] in GiraphConfiguration
14/03/06 14:38:22 INFO job.GiraphJob: run: Since checkpointing is disabled (default), do not allow any task retries (setting mapred.map.max.attempts = 0, old value = 4)
14/03/06 14:38:31 INFO job.GiraphJob: run: Tracking URL: http://sensorium-1:47040/jobdetails.jsp?jobid=job_201402140954_0166
14/03/06 14:39:42 INFO job.HaltApplicationUtils$DefaultHaltInstructionsWriter: writeHaltInstructions: To halt after next superstep execute: 'bin/halt-application --zkServer sensorium-75.ics.uci.edu:22181 --zkNode /_hadoopBsp/job_201402140954_0166/_haltComputation'
14/03/06 14:39:42 INFO mapred.JobClient: Running job: job_201402140954_0166
14/03/06 14:39:43 INFO mapred.JobClient:  map 12% reduce 0%
14/03/06 14:39:47 INFO mapred.JobClient:  map 25% reduce 0%
14/03/06 14:39:48 INFO mapred.JobClient:  map 62% reduce 0%
14/03/06 14:39:49 INFO mapred.JobClient:  map 75% reduce 0%
14/03/06 14:39:50 INFO mapred.JobClient:  map 100% reduce 0%
14/03/06 15:05:07 INFO mapred.JobClient:  map 87% reduce 0%
14/03/06 15:05:42 INFO mapred.JobClient: Job complete: job_201402140954_0166
14/03/06 15:05:42 INFO mapred.JobClient: Counters: 6
14/03/06 15:05:42 INFO mapred.JobClient:   Job Counters 
14/03/06 15:05:42 INFO mapred.JobClient:     SLOTS_MILLIS_MAPS=9388791
14/03/06 15:05:42 INFO mapred.JobClient:     Total time spent by all reduces waiting after reserving slots (ms)=0
14/03/06 15:05:42 INFO mapred.JobClient:     Total time spent by all maps waiting after reserving slots (ms)=0
14/03/06 15:05:42 INFO mapred.JobClient:     Launched map tasks=8
14/03/06 15:05:42 INFO mapred.JobClient:     SLOTS_MILLIS_REDUCES=0
14/03/06 15:05:42 INFO mapred.JobClient:     Failed map tasks=1
Total Execution Time: 1649 seconds
