Mar 13, 2014 12:13:27 PM edu.uci.ics.pregelix.core.driver.Driver installApplication
INFO: jar deployment finished 9546ms
Mar 13, 2014 12:13:27 PM edu.uci.ics.pregelix.core.driver.Driver runJobs
INFO: job started
Mar 13, 2014 12:13:29 PM org.apache.hadoop.mapreduce.lib.input.FileInputFormat listStatus
INFO: Total input paths to process : 62
Mar 13, 2014 12:13:29 PM org.apache.hadoop.util.NativeCodeLoader <clinit>
WARNING: Unable to load native-hadoop library for your platform... using builtin-java classes where applicable
Mar 13, 2014 12:13:29 PM org.apache.hadoop.io.compress.snappy.LoadSnappy <clinit>
WARNING: Snappy native library not loaded
Mar 13, 2014 12:13:29 PM edu.uci.ics.pregelix.core.jobgen.JobGen loadHDFSData
INFO: number of splits: 62
Mar 13, 2014 12:13:29 PM edu.uci.ics.pregelix.core.jobgen.JobGen loadHDFSData
INFO: hdfs://sensorium-1:31888/btc05x/part-0:0+236285114
Mar 13, 2014 12:13:29 PM edu.uci.ics.pregelix.core.jobgen.JobGen loadHDFSData
INFO: hdfs://sensorium-1:31888/btc05x/part-1:0+236377117
Mar 13, 2014 12:13:29 PM edu.uci.ics.pregelix.core.jobgen.JobGen loadHDFSData
INFO: hdfs://sensorium-1:31888/btc05x/part-10:0+210180069
Mar 13, 2014 12:13:29 PM edu.uci.ics.pregelix.core.jobgen.JobGen loadHDFSData
INFO: hdfs://sensorium-1:31888/btc05x/part-11:0+209983562
Mar 13, 2014 12:13:29 PM edu.uci.ics.pregelix.core.jobgen.JobGen loadHDFSData
INFO: hdfs://sensorium-1:31888/btc05x/part-12:0+209916492
Mar 13, 2014 12:13:29 PM edu.uci.ics.pregelix.core.jobgen.JobGen loadHDFSData
INFO: hdfs://sensorium-1:31888/btc05x/part-13:0+210216595
Mar 13, 2014 12:13:29 PM edu.uci.ics.pregelix.core.jobgen.JobGen loadHDFSData
INFO: hdfs://sensorium-1:31888/btc05x/part-14:0+210037964
Mar 13, 2014 12:13:29 PM edu.uci.ics.pregelix.core.jobgen.JobGen loadHDFSData
INFO: hdfs://sensorium-1:31888/btc05x/part-15:0+210183509
Mar 13, 2014 12:13:29 PM edu.uci.ics.pregelix.core.jobgen.JobGen loadHDFSData
INFO: hdfs://sensorium-1:31888/btc05x/part-16:0+210099849
Mar 13, 2014 12:13:29 PM edu.uci.ics.pregelix.core.jobgen.JobGen loadHDFSData
INFO: hdfs://sensorium-1:31888/btc05x/part-17:0+210267434
Mar 13, 2014 12:13:29 PM edu.uci.ics.pregelix.core.jobgen.JobGen loadHDFSData
INFO: hdfs://sensorium-1:31888/btc05x/part-18:0+209868950
Mar 13, 2014 12:13:29 PM edu.uci.ics.pregelix.core.jobgen.JobGen loadHDFSData
INFO: hdfs://sensorium-1:31888/btc05x/part-19:0+209963169
Mar 13, 2014 12:13:29 PM edu.uci.ics.pregelix.core.jobgen.JobGen loadHDFSData
INFO: hdfs://sensorium-1:31888/btc05x/part-2:0+236219675
Mar 13, 2014 12:13:29 PM edu.uci.ics.pregelix.core.jobgen.JobGen loadHDFSData
INFO: hdfs://sensorium-1:31888/btc05x/part-20:0+210184526
Mar 13, 2014 12:13:29 PM edu.uci.ics.pregelix.core.jobgen.JobGen loadHDFSData
INFO: hdfs://sensorium-1:31888/btc05x/part-21:0+210090047
Mar 13, 2014 12:13:29 PM edu.uci.ics.pregelix.core.jobgen.JobGen loadHDFSData
INFO: hdfs://sensorium-1:31888/btc05x/part-22:0+210172123
Mar 13, 2014 12:13:29 PM edu.uci.ics.pregelix.core.jobgen.JobGen loadHDFSData
INFO: hdfs://sensorium-1:31888/btc05x/part-23:0+210122152
Mar 13, 2014 12:13:29 PM edu.uci.ics.pregelix.core.jobgen.JobGen loadHDFSData
INFO: hdfs://sensorium-1:31888/btc05x/part-24:0+210017340
Mar 13, 2014 12:13:29 PM edu.uci.ics.pregelix.core.jobgen.JobGen loadHDFSData
INFO: hdfs://sensorium-1:31888/btc05x/part-25:0+209921550
Mar 13, 2014 12:13:29 PM edu.uci.ics.pregelix.core.jobgen.JobGen loadHDFSData
INFO: hdfs://sensorium-1:31888/btc05x/part-26:0+210085932
Mar 13, 2014 12:13:29 PM edu.uci.ics.pregelix.core.jobgen.JobGen loadHDFSData
INFO: hdfs://sensorium-1:31888/btc05x/part-27:0+210167018
Mar 13, 2014 12:13:29 PM edu.uci.ics.pregelix.core.jobgen.JobGen loadHDFSData
INFO: hdfs://sensorium-1:31888/btc05x/part-28:0+236296485
Mar 13, 2014 12:13:29 PM edu.uci.ics.pregelix.core.jobgen.JobGen loadHDFSData
INFO: hdfs://sensorium-1:31888/btc05x/part-29:0+236349382
Mar 13, 2014 12:13:29 PM edu.uci.ics.pregelix.core.jobgen.JobGen loadHDFSData
INFO: hdfs://sensorium-1:31888/btc05x/part-3:0+236521242
Mar 13, 2014 12:13:29 PM edu.uci.ics.pregelix.core.jobgen.JobGen loadHDFSData
INFO: hdfs://sensorium-1:31888/btc05x/part-30:0+236320093
Mar 13, 2014 12:13:29 PM edu.uci.ics.pregelix.core.jobgen.JobGen loadHDFSData
INFO: hdfs://sensorium-1:31888/btc05x/part-31:0+236387031
Mar 13, 2014 12:13:29 PM edu.uci.ics.pregelix.core.jobgen.JobGen loadHDFSData
INFO: hdfs://sensorium-1:31888/btc05x/part-32:0+236310127
Mar 13, 2014 12:13:29 PM edu.uci.ics.pregelix.core.jobgen.JobGen loadHDFSData
INFO: hdfs://sensorium-1:31888/btc05x/part-33:0+236430910
Mar 13, 2014 12:13:29 PM edu.uci.ics.pregelix.core.jobgen.JobGen loadHDFSData
INFO: hdfs://sensorium-1:31888/btc05x/part-34:0+236288182
Mar 13, 2014 12:13:29 PM edu.uci.ics.pregelix.core.jobgen.JobGen loadHDFSData
INFO: hdfs://sensorium-1:31888/btc05x/part-35:0+236308962
Mar 13, 2014 12:13:29 PM edu.uci.ics.pregelix.core.jobgen.JobGen loadHDFSData
INFO: hdfs://sensorium-1:31888/btc05x/part-36:0+210147862
Mar 13, 2014 12:13:29 PM edu.uci.ics.pregelix.core.jobgen.JobGen loadHDFSData
INFO: hdfs://sensorium-1:31888/btc05x/part-37:0+210238137
Mar 13, 2014 12:13:29 PM edu.uci.ics.pregelix.core.jobgen.JobGen loadHDFSData
INFO: hdfs://sensorium-1:31888/btc05x/part-38:0+210203360
Mar 13, 2014 12:13:29 PM edu.uci.ics.pregelix.core.jobgen.JobGen loadHDFSData
INFO: hdfs://sensorium-1:31888/btc05x/part-39:0+210115068
Mar 13, 2014 12:13:29 PM edu.uci.ics.pregelix.core.jobgen.JobGen loadHDFSData
INFO: hdfs://sensorium-1:31888/btc05x/part-4:0+236317804
Mar 13, 2014 12:13:29 PM edu.uci.ics.pregelix.core.jobgen.JobGen loadHDFSData
INFO: hdfs://sensorium-1:31888/btc05x/part-40:0+210033759
Mar 13, 2014 12:13:29 PM edu.uci.ics.pregelix.core.jobgen.JobGen loadHDFSData
INFO: hdfs://sensorium-1:31888/btc05x/part-41:0+209999531
Mar 13, 2014 12:13:29 PM edu.uci.ics.pregelix.core.jobgen.JobGen loadHDFSData
INFO: hdfs://sensorium-1:31888/btc05x/part-42:0+209994216
Mar 13, 2014 12:13:29 PM edu.uci.ics.pregelix.core.jobgen.JobGen loadHDFSData
INFO: hdfs://sensorium-1:31888/btc05x/part-43:0+210169120
Mar 13, 2014 12:13:29 PM edu.uci.ics.pregelix.core.jobgen.JobGen loadHDFSData
INFO: hdfs://sensorium-1:31888/btc05x/part-44:0+209955515
Mar 13, 2014 12:13:29 PM edu.uci.ics.pregelix.core.jobgen.JobGen loadHDFSData
INFO: hdfs://sensorium-1:31888/btc05x/part-45:0+210036829
Mar 13, 2014 12:13:29 PM edu.uci.ics.pregelix.core.jobgen.JobGen loadHDFSData
INFO: hdfs://sensorium-1:31888/btc05x/part-46:0+210120102
Mar 13, 2014 12:13:29 PM edu.uci.ics.pregelix.core.jobgen.JobGen loadHDFSData
INFO: hdfs://sensorium-1:31888/btc05x/part-47:0+210056968
Mar 13, 2014 12:13:29 PM edu.uci.ics.pregelix.core.jobgen.JobGen loadHDFSData
INFO: hdfs://sensorium-1:31888/btc05x/part-48:0+210226212
Mar 13, 2014 12:13:29 PM edu.uci.ics.pregelix.core.jobgen.JobGen loadHDFSData
INFO: hdfs://sensorium-1:31888/btc05x/part-49:0+209879590
Mar 13, 2014 12:13:29 PM edu.uci.ics.pregelix.core.jobgen.JobGen loadHDFSData
INFO: hdfs://sensorium-1:31888/btc05x/part-5:0+209938586
Mar 13, 2014 12:13:29 PM edu.uci.ics.pregelix.core.jobgen.JobGen loadHDFSData
INFO: hdfs://sensorium-1:31888/btc05x/part-50:0+210078182
Mar 13, 2014 12:13:29 PM edu.uci.ics.pregelix.core.jobgen.JobGen loadHDFSData
INFO: hdfs://sensorium-1:31888/btc05x/part-51:0+209978626
Mar 13, 2014 12:13:29 PM edu.uci.ics.pregelix.core.jobgen.JobGen loadHDFSData
INFO: hdfs://sensorium-1:31888/btc05x/part-52:0+210307789
Mar 13, 2014 12:13:29 PM edu.uci.ics.pregelix.core.jobgen.JobGen loadHDFSData
INFO: hdfs://sensorium-1:31888/btc05x/part-53:0+210262770
Mar 13, 2014 12:13:29 PM edu.uci.ics.pregelix.core.jobgen.JobGen loadHDFSData
INFO: hdfs://sensorium-1:31888/btc05x/part-54:0+210201056
Mar 13, 2014 12:13:29 PM edu.uci.ics.pregelix.core.jobgen.JobGen loadHDFSData
INFO: hdfs://sensorium-1:31888/btc05x/part-55:0+209999413
Mar 13, 2014 12:13:29 PM edu.uci.ics.pregelix.core.jobgen.JobGen loadHDFSData
INFO: hdfs://sensorium-1:31888/btc05x/part-56:0+210367628
Mar 13, 2014 12:13:29 PM edu.uci.ics.pregelix.core.jobgen.JobGen loadHDFSData
INFO: hdfs://sensorium-1:31888/btc05x/part-57:0+210038499
Mar 13, 2014 12:13:29 PM edu.uci.ics.pregelix.core.jobgen.JobGen loadHDFSData
INFO: hdfs://sensorium-1:31888/btc05x/part-58:0+210181007
Mar 13, 2014 12:13:29 PM edu.uci.ics.pregelix.core.jobgen.JobGen loadHDFSData
INFO: hdfs://sensorium-1:31888/btc05x/part-59:0+236176319
Mar 13, 2014 12:13:29 PM edu.uci.ics.pregelix.core.jobgen.JobGen loadHDFSData
INFO: hdfs://sensorium-1:31888/btc05x/part-6:0+210129899
Mar 13, 2014 12:13:29 PM edu.uci.ics.pregelix.core.jobgen.JobGen loadHDFSData
INFO: hdfs://sensorium-1:31888/btc05x/part-60:0+236611024
Mar 13, 2014 12:13:29 PM edu.uci.ics.pregelix.core.jobgen.JobGen loadHDFSData
INFO: hdfs://sensorium-1:31888/btc05x/part-61:0+236408205
Mar 13, 2014 12:13:29 PM edu.uci.ics.pregelix.core.jobgen.JobGen loadHDFSData
INFO: hdfs://sensorium-1:31888/btc05x/part-7:0+209956059
Mar 13, 2014 12:13:29 PM edu.uci.ics.pregelix.core.jobgen.JobGen loadHDFSData
INFO: hdfs://sensorium-1:31888/btc05x/part-8:0+210024801
Mar 13, 2014 12:13:29 PM edu.uci.ics.pregelix.core.jobgen.JobGen loadHDFSData
INFO: hdfs://sensorium-1:31888/btc05x/part-9:0+210150713
Mar 13, 2014 12:13:29 PM edu.uci.ics.hyracks.hdfs.scheduler.Scheduler getLocationConstraints
INFO: Data local rate: 0.9032257795333862
Mar 13, 2014 12:14:55 PM edu.uci.ics.pregelix.core.driver.Driver loadData
INFO: data loading finished 86974ms
Mar 13, 2014 12:18:11 PM edu.uci.ics.pregelix.core.driver.Driver runLoopBody
INFO: ConnectedComponentsVertex: iteration 1 finished 195738ms
Mar 13, 2014 12:22:04 PM edu.uci.ics.pregelix.core.driver.Driver runLoopBody
INFO: ConnectedComponentsVertex: iteration 2 finished 232788ms
Mar 13, 2014 12:25:47 PM edu.uci.ics.pregelix.core.driver.Driver runLoopBody
INFO: ConnectedComponentsVertex: iteration 3 finished 223427ms
Mar 13, 2014 12:29:23 PM edu.uci.ics.pregelix.core.driver.Driver runLoopBody
INFO: ConnectedComponentsVertex: iteration 4 finished 216064ms
Mar 13, 2014 12:32:53 PM edu.uci.ics.pregelix.core.driver.Driver runLoopBody
INFO: ConnectedComponentsVertex: iteration 5 finished 209786ms
Mar 13, 2014 12:36:21 PM edu.uci.ics.pregelix.core.driver.Driver runLoopBody
INFO: ConnectedComponentsVertex: iteration 6 finished 208051ms
Mar 13, 2014 12:38:47 PM edu.uci.ics.pregelix.core.driver.Driver runLoopBody
INFO: ConnectedComponentsVertex: iteration 7 finished 145405ms
Mar 13, 2014 12:40:18 PM edu.uci.ics.pregelix.core.driver.Driver runLoopBody
INFO: ConnectedComponentsVertex: iteration 8 finished 91482ms
Mar 13, 2014 12:40:55 PM edu.uci.ics.pregelix.core.driver.Driver runLoopBody
INFO: ConnectedComponentsVertex: iteration 9 finished 37192ms
Mar 13, 2014 12:41:26 PM edu.uci.ics.pregelix.core.driver.Driver runLoopBody
INFO: ConnectedComponentsVertex: iteration 10 finished 30593ms
Mar 13, 2014 12:41:32 PM edu.uci.ics.pregelix.core.driver.Driver runLoopBody
INFO: ConnectedComponentsVertex: iteration 11 finished 6035ms
Mar 13, 2014 12:41:37 PM edu.uci.ics.pregelix.core.driver.Driver runLoopBody
INFO: ConnectedComponentsVertex: iteration 12 finished 4565ms
Mar 13, 2014 12:41:40 PM edu.uci.ics.pregelix.core.driver.Driver runLoopBody
INFO: ConnectedComponentsVertex: iteration 13 finished 3396ms
Mar 13, 2014 12:41:43 PM edu.uci.ics.pregelix.core.driver.Driver runLoopBody
INFO: ConnectedComponentsVertex: iteration 14 finished 3507ms
Mar 13, 2014 12:41:47 PM edu.uci.ics.pregelix.core.driver.Driver runLoopBody
INFO: ConnectedComponentsVertex: iteration 15 finished 3443ms
Mar 13, 2014 12:41:52 PM edu.uci.ics.pregelix.core.driver.Driver runLoopBody
INFO: ConnectedComponentsVertex: iteration 16 finished 4588ms
Mar 13, 2014 12:41:57 PM edu.uci.ics.pregelix.core.driver.Driver runLoopBody
INFO: ConnectedComponentsVertex: iteration 17 finished 5591ms
Mar 13, 2014 12:42:01 PM edu.uci.ics.pregelix.core.driver.Driver runLoopBody
INFO: ConnectedComponentsVertex: iteration 18 finished 3606ms
Mar 13, 2014 12:42:04 PM edu.uci.ics.pregelix.core.driver.Driver runLoopBody
INFO: ConnectedComponentsVertex: iteration 19 finished 2760ms
Mar 13, 2014 12:42:06 PM edu.uci.ics.pregelix.core.driver.Driver runLoopBody
INFO: ConnectedComponentsVertex: iteration 20 finished 2648ms
Mar 13, 2014 12:42:09 PM edu.uci.ics.pregelix.core.driver.Driver runLoopBody
INFO: ConnectedComponentsVertex: iteration 21 finished 2648ms
Mar 13, 2014 12:42:11 PM edu.uci.ics.pregelix.core.driver.Driver runLoopBody
INFO: ConnectedComponentsVertex: iteration 22 finished 2194ms
Mar 13, 2014 12:43:51 PM edu.uci.ics.pregelix.core.driver.Driver finishJobs
INFO: result writing finished 99337ms
Mar 13, 2014 12:43:52 PM edu.uci.ics.pregelix.core.driver.Driver runJobs
INFO: job finished
Mar 13, 2014 12:43:52 PM edu.uci.ics.pregelix.core.driver.Driver runJobs
INFO: performance counters
	total vertice: 154468585
	total edges: 1217346688
	num-processors: 2
	system-load-averages: 1
	heap-used-sizes: 1322209534
	disk-reads: 1853103616
	disk-writes: 8226803712
	net-payload-bytes-read: 5850871264
	net-payload-bytes-written: 5850871264

Total Execution Time: 1843 seconds
