Feb 13, 2014 3:35:23 AM edu.uci.ics.pregelix.core.driver.Driver installApplication
INFO: jar deployment finished 5322ms
Feb 13, 2014 3:35:23 AM edu.uci.ics.pregelix.core.driver.Driver runJobs
INFO: job started
Feb 13, 2014 3:35:24 AM org.apache.hadoop.mapreduce.lib.input.FileInputFormat listStatus
INFO: Total input paths to process : 37
Feb 13, 2014 3:35:24 AM org.apache.hadoop.util.NativeCodeLoader <clinit>
WARNING: Unable to load native-hadoop library for your platform... using builtin-java classes where applicable
Feb 13, 2014 3:35:24 AM org.apache.hadoop.io.compress.snappy.LoadSnappy <clinit>
WARNING: Snappy native library not loaded
Feb 13, 2014 3:35:24 AM edu.uci.ics.pregelix.core.jobgen.JobGen loadHDFSData
INFO: number of splits: 37
Feb 13, 2014 3:35:24 AM edu.uci.ics.pregelix.core.jobgen.JobGen loadHDFSData
INFO: hdfs://sensorium-1:31888/webmap0005x/part-0:0+54604837
Feb 13, 2014 3:35:24 AM edu.uci.ics.pregelix.core.jobgen.JobGen loadHDFSData
INFO: hdfs://sensorium-1:31888/webmap0005x/part-1:0+54758355
Feb 13, 2014 3:35:24 AM edu.uci.ics.pregelix.core.jobgen.JobGen loadHDFSData
INFO: hdfs://sensorium-1:31888/webmap0005x/part-10:0+54739381
Feb 13, 2014 3:35:24 AM edu.uci.ics.pregelix.core.jobgen.JobGen loadHDFSData
INFO: hdfs://sensorium-1:31888/webmap0005x/part-11:0+54743163
Feb 13, 2014 3:35:24 AM edu.uci.ics.pregelix.core.jobgen.JobGen loadHDFSData
INFO: hdfs://sensorium-1:31888/webmap0005x/part-12:0+54575130
Feb 13, 2014 3:35:24 AM edu.uci.ics.pregelix.core.jobgen.JobGen loadHDFSData
INFO: hdfs://sensorium-1:31888/webmap0005x/part-13:0+54730203
Feb 13, 2014 3:35:24 AM edu.uci.ics.pregelix.core.jobgen.JobGen loadHDFSData
INFO: hdfs://sensorium-1:31888/webmap0005x/part-14:0+54557538
Feb 13, 2014 3:35:24 AM edu.uci.ics.pregelix.core.jobgen.JobGen loadHDFSData
INFO: hdfs://sensorium-1:31888/webmap0005x/part-15:0+54539059
Feb 13, 2014 3:35:24 AM edu.uci.ics.pregelix.core.jobgen.JobGen loadHDFSData
INFO: hdfs://sensorium-1:31888/webmap0005x/part-16:0+54705094
Feb 13, 2014 3:35:24 AM edu.uci.ics.pregelix.core.jobgen.JobGen loadHDFSData
INFO: hdfs://sensorium-1:31888/webmap0005x/part-17:0+54674647
Feb 13, 2014 3:35:24 AM edu.uci.ics.pregelix.core.jobgen.JobGen loadHDFSData
INFO: hdfs://sensorium-1:31888/webmap0005x/part-18:0+54581480
Feb 13, 2014 3:35:24 AM edu.uci.ics.pregelix.core.jobgen.JobGen loadHDFSData
INFO: hdfs://sensorium-1:31888/webmap0005x/part-19:0+54737290
Feb 13, 2014 3:35:24 AM edu.uci.ics.pregelix.core.jobgen.JobGen loadHDFSData
INFO: hdfs://sensorium-1:31888/webmap0005x/part-2:0+54699997
Feb 13, 2014 3:35:24 AM edu.uci.ics.pregelix.core.jobgen.JobGen loadHDFSData
INFO: hdfs://sensorium-1:31888/webmap0005x/part-20:0+54511223
Feb 13, 2014 3:35:24 AM edu.uci.ics.pregelix.core.jobgen.JobGen loadHDFSData
INFO: hdfs://sensorium-1:31888/webmap0005x/part-21:0+54671471
Feb 13, 2014 3:35:24 AM edu.uci.ics.pregelix.core.jobgen.JobGen loadHDFSData
INFO: hdfs://sensorium-1:31888/webmap0005x/part-22:0+54686724
Feb 13, 2014 3:35:24 AM edu.uci.ics.pregelix.core.jobgen.JobGen loadHDFSData
INFO: hdfs://sensorium-1:31888/webmap0005x/part-23:0+54629291
Feb 13, 2014 3:35:24 AM edu.uci.ics.pregelix.core.jobgen.JobGen loadHDFSData
INFO: hdfs://sensorium-1:31888/webmap0005x/part-24:0+54446494
Feb 13, 2014 3:35:24 AM edu.uci.ics.pregelix.core.jobgen.JobGen loadHDFSData
INFO: hdfs://sensorium-1:31888/webmap0005x/part-25:0+54655372
Feb 13, 2014 3:35:24 AM edu.uci.ics.pregelix.core.jobgen.JobGen loadHDFSData
INFO: hdfs://sensorium-1:31888/webmap0005x/part-26:0+54485611
Feb 13, 2014 3:35:24 AM edu.uci.ics.pregelix.core.jobgen.JobGen loadHDFSData
INFO: hdfs://sensorium-1:31888/webmap0005x/part-27:0+54685405
Feb 13, 2014 3:35:24 AM edu.uci.ics.pregelix.core.jobgen.JobGen loadHDFSData
INFO: hdfs://sensorium-1:31888/webmap0005x/part-28:0+54759546
Feb 13, 2014 3:35:24 AM edu.uci.ics.pregelix.core.jobgen.JobGen loadHDFSData
INFO: hdfs://sensorium-1:31888/webmap0005x/part-29:0+54657003
Feb 13, 2014 3:35:24 AM edu.uci.ics.pregelix.core.jobgen.JobGen loadHDFSData
INFO: hdfs://sensorium-1:31888/webmap0005x/part-3:0+54889508
Feb 13, 2014 3:35:24 AM edu.uci.ics.pregelix.core.jobgen.JobGen loadHDFSData
INFO: hdfs://sensorium-1:31888/webmap0005x/part-30:0+54505257
Feb 13, 2014 3:35:24 AM edu.uci.ics.pregelix.core.jobgen.JobGen loadHDFSData
INFO: hdfs://sensorium-1:31888/webmap0005x/part-31:0+54727921
Feb 13, 2014 3:35:24 AM edu.uci.ics.pregelix.core.jobgen.JobGen loadHDFSData
INFO: hdfs://sensorium-1:31888/webmap0005x/part-32:0+54759574
Feb 13, 2014 3:35:24 AM edu.uci.ics.pregelix.core.jobgen.JobGen loadHDFSData
INFO: hdfs://sensorium-1:31888/webmap0005x/part-33:0+54664860
Feb 13, 2014 3:35:24 AM edu.uci.ics.pregelix.core.jobgen.JobGen loadHDFSData
INFO: hdfs://sensorium-1:31888/webmap0005x/part-34:0+54802644
Feb 13, 2014 3:35:24 AM edu.uci.ics.pregelix.core.jobgen.JobGen loadHDFSData
INFO: hdfs://sensorium-1:31888/webmap0005x/part-35:0+54515370
Feb 13, 2014 3:35:24 AM edu.uci.ics.pregelix.core.jobgen.JobGen loadHDFSData
INFO: hdfs://sensorium-1:31888/webmap0005x/part-36:0+54465357
Feb 13, 2014 3:35:24 AM edu.uci.ics.pregelix.core.jobgen.JobGen loadHDFSData
INFO: hdfs://sensorium-1:31888/webmap0005x/part-4:0+54635186
Feb 13, 2014 3:35:24 AM edu.uci.ics.pregelix.core.jobgen.JobGen loadHDFSData
INFO: hdfs://sensorium-1:31888/webmap0005x/part-5:0+54698648
Feb 13, 2014 3:35:24 AM edu.uci.ics.pregelix.core.jobgen.JobGen loadHDFSData
INFO: hdfs://sensorium-1:31888/webmap0005x/part-6:0+54834973
Feb 13, 2014 3:35:24 AM edu.uci.ics.pregelix.core.jobgen.JobGen loadHDFSData
INFO: hdfs://sensorium-1:31888/webmap0005x/part-7:0+54852322
Feb 13, 2014 3:35:24 AM edu.uci.ics.pregelix.core.jobgen.JobGen loadHDFSData
INFO: hdfs://sensorium-1:31888/webmap0005x/part-8:0+54980859
Feb 13, 2014 3:35:24 AM edu.uci.ics.pregelix.core.jobgen.JobGen loadHDFSData
INFO: hdfs://sensorium-1:31888/webmap0005x/part-9:0+54851012
Feb 13, 2014 3:35:24 AM edu.uci.ics.hyracks.hdfs.scheduler.Scheduler getLocationConstraints
INFO: Data local rate: 0.837837815284729
Feb 13, 2014 3:35:53 AM edu.uci.ics.pregelix.core.driver.Driver loadData
INFO: data loading finished 30081ms
Feb 13, 2014 3:36:41 AM edu.uci.ics.pregelix.core.driver.Driver runLoopBody
INFO: PageRankVertex: iteration 1 finished 47726ms
Feb 13, 2014 3:37:27 AM edu.uci.ics.pregelix.core.driver.Driver runLoopBody
INFO: PageRankVertex: iteration 2 finished 46394ms
Feb 13, 2014 3:38:13 AM edu.uci.ics.pregelix.core.driver.Driver runLoopBody
INFO: PageRankVertex: iteration 3 finished 45808ms
Feb 13, 2014 3:38:59 AM edu.uci.ics.pregelix.core.driver.Driver runLoopBody
INFO: PageRankVertex: iteration 4 finished 45598ms
Feb 13, 2014 3:39:05 AM edu.uci.ics.pregelix.core.driver.Driver runLoopBody
INFO: PageRankVertex: iteration 5 finished 6658ms
Feb 13, 2014 3:39:25 AM edu.uci.ics.pregelix.core.driver.Driver finishJobs
INFO: result writing finished 19272ms
Feb 13, 2014 3:39:25 AM edu.uci.ics.pregelix.core.driver.Driver runJobs
INFO: job finished
Feb 13, 2014 3:39:25 AM edu.uci.ics.pregelix.core.driver.Driver runJobs
INFO: performance counters
	total vertice: 19001804
	total edges: 223474452
	num-processors: 2
	system-load-averages: 1
	heap-used-sizes: 710290548
	disk-reads: 36862464
	disk-writes: 2052829184
	net-payload-bytes-read: 1007823248
	net-payload-bytes-written: 1007823248

Total Execution Time: 255 seconds
