Apr 04, 2014 8:27:35 AM edu.uci.ics.pregelix.core.driver.Driver installApplication
INFO: jar deployment finished 10792ms
Apr 04, 2014 8:27:35 AM edu.uci.ics.pregelix.core.driver.Driver runJobs
INFO: job started
Apr 04, 2014 8:27:36 AM org.apache.hadoop.mapreduce.lib.input.FileInputFormat listStatus
INFO: Total input paths to process : 64
Apr 04, 2014 8:27:36 AM org.apache.hadoop.util.NativeCodeLoader <clinit>
WARNING: Unable to load native-hadoop library for your platform... using builtin-java classes where applicable
Apr 04, 2014 8:27:36 AM org.apache.hadoop.io.compress.snappy.LoadSnappy <clinit>
WARNING: Snappy native library not loaded
Apr 04, 2014 8:27:36 AM edu.uci.ics.pregelix.core.jobgen.JobGen loadHDFSData
INFO: number of splits: 64
Apr 04, 2014 8:27:36 AM edu.uci.ics.pregelix.core.jobgen.JobGen loadHDFSData
INFO: hdfs://sensorium-1:31888/webmap001x/part-0:0+45848010
Apr 04, 2014 8:27:36 AM edu.uci.ics.pregelix.core.jobgen.JobGen loadHDFSData
INFO: hdfs://sensorium-1:31888/webmap001x/part-1:0+45957633
Apr 04, 2014 8:27:36 AM edu.uci.ics.pregelix.core.jobgen.JobGen loadHDFSData
INFO: hdfs://sensorium-1:31888/webmap001x/part-10:0+45703406
Apr 04, 2014 8:27:36 AM edu.uci.ics.pregelix.core.jobgen.JobGen loadHDFSData
INFO: hdfs://sensorium-1:31888/webmap001x/part-11:0+45713339
Apr 04, 2014 8:27:36 AM edu.uci.ics.pregelix.core.jobgen.JobGen loadHDFSData
INFO: hdfs://sensorium-1:31888/webmap001x/part-12:0+45793734
Apr 04, 2014 8:27:36 AM edu.uci.ics.pregelix.core.jobgen.JobGen loadHDFSData
INFO: hdfs://sensorium-1:31888/webmap001x/part-13:0+45693498
Apr 04, 2014 8:27:36 AM edu.uci.ics.pregelix.core.jobgen.JobGen loadHDFSData
INFO: hdfs://sensorium-1:31888/webmap001x/part-14:0+46107426
Apr 04, 2014 8:27:36 AM edu.uci.ics.pregelix.core.jobgen.JobGen loadHDFSData
INFO: hdfs://sensorium-1:31888/webmap001x/part-15:0+45606938
Apr 04, 2014 8:27:36 AM edu.uci.ics.pregelix.core.jobgen.JobGen loadHDFSData
INFO: hdfs://sensorium-1:31888/webmap001x/part-16:0+45789368
Apr 04, 2014 8:27:36 AM edu.uci.ics.pregelix.core.jobgen.JobGen loadHDFSData
INFO: hdfs://sensorium-1:31888/webmap001x/part-17:0+45692392
Apr 04, 2014 8:27:36 AM edu.uci.ics.pregelix.core.jobgen.JobGen loadHDFSData
INFO: hdfs://sensorium-1:31888/webmap001x/part-18:0+45753923
Apr 04, 2014 8:27:36 AM edu.uci.ics.pregelix.core.jobgen.JobGen loadHDFSData
INFO: hdfs://sensorium-1:31888/webmap001x/part-19:0+45544825
Apr 04, 2014 8:27:36 AM edu.uci.ics.pregelix.core.jobgen.JobGen loadHDFSData
INFO: hdfs://sensorium-1:31888/webmap001x/part-2:0+45843863
Apr 04, 2014 8:27:36 AM edu.uci.ics.pregelix.core.jobgen.JobGen loadHDFSData
INFO: hdfs://sensorium-1:31888/webmap001x/part-20:0+45772025
Apr 04, 2014 8:27:36 AM edu.uci.ics.pregelix.core.jobgen.JobGen loadHDFSData
INFO: hdfs://sensorium-1:31888/webmap001x/part-21:0+45733073
Apr 04, 2014 8:27:36 AM edu.uci.ics.pregelix.core.jobgen.JobGen loadHDFSData
INFO: hdfs://sensorium-1:31888/webmap001x/part-22:0+45840922
Apr 04, 2014 8:27:36 AM edu.uci.ics.pregelix.core.jobgen.JobGen loadHDFSData
INFO: hdfs://sensorium-1:31888/webmap001x/part-23:0+45566669
Apr 04, 2014 8:27:36 AM edu.uci.ics.pregelix.core.jobgen.JobGen loadHDFSData
INFO: hdfs://sensorium-1:31888/webmap001x/part-24:0+45817242
Apr 04, 2014 8:27:36 AM edu.uci.ics.pregelix.core.jobgen.JobGen loadHDFSData
INFO: hdfs://sensorium-1:31888/webmap001x/part-25:0+45886482
Apr 04, 2014 8:27:36 AM edu.uci.ics.pregelix.core.jobgen.JobGen loadHDFSData
INFO: hdfs://sensorium-1:31888/webmap001x/part-26:0+45678856
Apr 04, 2014 8:27:36 AM edu.uci.ics.pregelix.core.jobgen.JobGen loadHDFSData
INFO: hdfs://sensorium-1:31888/webmap001x/part-27:0+45727701
Apr 04, 2014 8:27:36 AM edu.uci.ics.pregelix.core.jobgen.JobGen loadHDFSData
INFO: hdfs://sensorium-1:31888/webmap001x/part-28:0+45810348
Apr 04, 2014 8:27:36 AM edu.uci.ics.pregelix.core.jobgen.JobGen loadHDFSData
INFO: hdfs://sensorium-1:31888/webmap001x/part-29:0+45855865
Apr 04, 2014 8:27:36 AM edu.uci.ics.pregelix.core.jobgen.JobGen loadHDFSData
INFO: hdfs://sensorium-1:31888/webmap001x/part-3:0+45904248
Apr 04, 2014 8:27:36 AM edu.uci.ics.pregelix.core.jobgen.JobGen loadHDFSData
INFO: hdfs://sensorium-1:31888/webmap001x/part-30:0+45861603
Apr 04, 2014 8:27:36 AM edu.uci.ics.pregelix.core.jobgen.JobGen loadHDFSData
INFO: hdfs://sensorium-1:31888/webmap001x/part-31:0+45821237
Apr 04, 2014 8:27:36 AM edu.uci.ics.pregelix.core.jobgen.JobGen loadHDFSData
INFO: hdfs://sensorium-1:31888/webmap001x/part-32:0+45939578
Apr 04, 2014 8:27:36 AM edu.uci.ics.pregelix.core.jobgen.JobGen loadHDFSData
INFO: hdfs://sensorium-1:31888/webmap001x/part-33:0+45610071
Apr 04, 2014 8:27:36 AM edu.uci.ics.pregelix.core.jobgen.JobGen loadHDFSData
INFO: hdfs://sensorium-1:31888/webmap001x/part-34:0+45773355
Apr 04, 2014 8:27:36 AM edu.uci.ics.pregelix.core.jobgen.JobGen loadHDFSData
INFO: hdfs://sensorium-1:31888/webmap001x/part-35:0+45814334
Apr 04, 2014 8:27:36 AM edu.uci.ics.pregelix.core.jobgen.JobGen loadHDFSData
INFO: hdfs://sensorium-1:31888/webmap001x/part-36:0+45865108
Apr 04, 2014 8:27:36 AM edu.uci.ics.pregelix.core.jobgen.JobGen loadHDFSData
INFO: hdfs://sensorium-1:31888/webmap001x/part-37:0+45792009
Apr 04, 2014 8:27:36 AM edu.uci.ics.pregelix.core.jobgen.JobGen loadHDFSData
INFO: hdfs://sensorium-1:31888/webmap001x/part-38:0+46003170
Apr 04, 2014 8:27:36 AM edu.uci.ics.pregelix.core.jobgen.JobGen loadHDFSData
INFO: hdfs://sensorium-1:31888/webmap001x/part-39:0+45763421
Apr 04, 2014 8:27:36 AM edu.uci.ics.pregelix.core.jobgen.JobGen loadHDFSData
INFO: hdfs://sensorium-1:31888/webmap001x/part-4:0+45879349
Apr 04, 2014 8:27:36 AM edu.uci.ics.pregelix.core.jobgen.JobGen loadHDFSData
INFO: hdfs://sensorium-1:31888/webmap001x/part-40:0+45927246
Apr 04, 2014 8:27:36 AM edu.uci.ics.pregelix.core.jobgen.JobGen loadHDFSData
INFO: hdfs://sensorium-1:31888/webmap001x/part-41:0+46171535
Apr 04, 2014 8:27:36 AM edu.uci.ics.pregelix.core.jobgen.JobGen loadHDFSData
INFO: hdfs://sensorium-1:31888/webmap001x/part-42:0+45958523
Apr 04, 2014 8:27:36 AM edu.uci.ics.pregelix.core.jobgen.JobGen loadHDFSData
INFO: hdfs://sensorium-1:31888/webmap001x/part-43:0+45957850
Apr 04, 2014 8:27:36 AM edu.uci.ics.pregelix.core.jobgen.JobGen loadHDFSData
INFO: hdfs://sensorium-1:31888/webmap001x/part-44:0+46007129
Apr 04, 2014 8:27:36 AM edu.uci.ics.pregelix.core.jobgen.JobGen loadHDFSData
INFO: hdfs://sensorium-1:31888/webmap001x/part-45:0+46083476
Apr 04, 2014 8:27:36 AM edu.uci.ics.pregelix.core.jobgen.JobGen loadHDFSData
INFO: hdfs://sensorium-1:31888/webmap001x/part-46:0+45903069
Apr 04, 2014 8:27:36 AM edu.uci.ics.pregelix.core.jobgen.JobGen loadHDFSData
INFO: hdfs://sensorium-1:31888/webmap001x/part-47:0+45720839
Apr 04, 2014 8:27:36 AM edu.uci.ics.pregelix.core.jobgen.JobGen loadHDFSData
INFO: hdfs://sensorium-1:31888/webmap001x/part-48:0+45763389
Apr 04, 2014 8:27:36 AM edu.uci.ics.pregelix.core.jobgen.JobGen loadHDFSData
INFO: hdfs://sensorium-1:31888/webmap001x/part-49:0+45773889
Apr 04, 2014 8:27:36 AM edu.uci.ics.pregelix.core.jobgen.JobGen loadHDFSData
INFO: hdfs://sensorium-1:31888/webmap001x/part-5:0+45748604
Apr 04, 2014 8:27:36 AM edu.uci.ics.pregelix.core.jobgen.JobGen loadHDFSData
INFO: hdfs://sensorium-1:31888/webmap001x/part-50:0+45950364
Apr 04, 2014 8:27:36 AM edu.uci.ics.pregelix.core.jobgen.JobGen loadHDFSData
INFO: hdfs://sensorium-1:31888/webmap001x/part-51:0+46132434
Apr 04, 2014 8:27:36 AM edu.uci.ics.pregelix.core.jobgen.JobGen loadHDFSData
INFO: hdfs://sensorium-1:31888/webmap001x/part-52:0+45945754
Apr 04, 2014 8:27:36 AM edu.uci.ics.pregelix.core.jobgen.JobGen loadHDFSData
INFO: hdfs://sensorium-1:31888/webmap001x/part-53:0+45954895
Apr 04, 2014 8:27:36 AM edu.uci.ics.pregelix.core.jobgen.JobGen loadHDFSData
INFO: hdfs://sensorium-1:31888/webmap001x/part-54:0+45955428
Apr 04, 2014 8:27:36 AM edu.uci.ics.pregelix.core.jobgen.JobGen loadHDFSData
INFO: hdfs://sensorium-1:31888/webmap001x/part-55:0+45773414
Apr 04, 2014 8:27:36 AM edu.uci.ics.pregelix.core.jobgen.JobGen loadHDFSData
INFO: hdfs://sensorium-1:31888/webmap001x/part-56:0+45953706
Apr 04, 2014 8:27:36 AM edu.uci.ics.pregelix.core.jobgen.JobGen loadHDFSData
INFO: hdfs://sensorium-1:31888/webmap001x/part-57:0+45608667
Apr 04, 2014 8:27:36 AM edu.uci.ics.pregelix.core.jobgen.JobGen loadHDFSData
INFO: hdfs://sensorium-1:31888/webmap001x/part-58:0+45903538
Apr 04, 2014 8:27:36 AM edu.uci.ics.pregelix.core.jobgen.JobGen loadHDFSData
INFO: hdfs://sensorium-1:31888/webmap001x/part-59:0+45740993
Apr 04, 2014 8:27:36 AM edu.uci.ics.pregelix.core.jobgen.JobGen loadHDFSData
INFO: hdfs://sensorium-1:31888/webmap001x/part-6:0+45888564
Apr 04, 2014 8:27:36 AM edu.uci.ics.pregelix.core.jobgen.JobGen loadHDFSData
INFO: hdfs://sensorium-1:31888/webmap001x/part-60:0+45764362
Apr 04, 2014 8:27:36 AM edu.uci.ics.pregelix.core.jobgen.JobGen loadHDFSData
INFO: hdfs://sensorium-1:31888/webmap001x/part-61:0+46009434
Apr 04, 2014 8:27:36 AM edu.uci.ics.pregelix.core.jobgen.JobGen loadHDFSData
INFO: hdfs://sensorium-1:31888/webmap001x/part-62:0+45566323
Apr 04, 2014 8:27:36 AM edu.uci.ics.pregelix.core.jobgen.JobGen loadHDFSData
INFO: hdfs://sensorium-1:31888/webmap001x/part-63:0+45787445
Apr 04, 2014 8:27:36 AM edu.uci.ics.pregelix.core.jobgen.JobGen loadHDFSData
INFO: hdfs://sensorium-1:31888/webmap001x/part-7:0+45962696
Apr 04, 2014 8:27:36 AM edu.uci.ics.pregelix.core.jobgen.JobGen loadHDFSData
INFO: hdfs://sensorium-1:31888/webmap001x/part-8:0+45769069
Apr 04, 2014 8:27:36 AM edu.uci.ics.pregelix.core.jobgen.JobGen loadHDFSData
INFO: hdfs://sensorium-1:31888/webmap001x/part-9:0+45648364
Apr 04, 2014 8:27:36 AM edu.uci.ics.hyracks.hdfs.scheduler.Scheduler getLocationConstraints
INFO: Data local rate: 0.90625
Apr 04, 2014 8:27:49 AM edu.uci.ics.pregelix.core.driver.Driver loadData
INFO: data loading finished 13371ms
Apr 04, 2014 8:28:14 AM edu.uci.ics.pregelix.core.driver.Driver runLoopBody
INFO: PageRankVertex: iteration 1 finished 25189ms
Apr 04, 2014 8:28:33 AM edu.uci.ics.pregelix.core.driver.Driver runLoopBody
INFO: PageRankVertex: iteration 2 finished 18877ms
Apr 04, 2014 8:28:49 AM edu.uci.ics.pregelix.core.driver.Driver runLoopBody
INFO: PageRankVertex: iteration 3 finished 16098ms
Apr 04, 2014 8:29:05 AM edu.uci.ics.pregelix.core.driver.Driver runLoopBody
INFO: PageRankVertex: iteration 4 finished 15955ms
Apr 04, 2014 8:29:10 AM edu.uci.ics.pregelix.core.driver.Driver runLoopBody
INFO: PageRankVertex: iteration 5 finished 5019ms
Apr 04, 2014 8:29:16 AM edu.uci.ics.pregelix.core.driver.Driver finishJobs
INFO: result writing finished 5897ms
Apr 04, 2014 8:29:16 AM edu.uci.ics.pregelix.core.driver.Driver runJobs
INFO: job finished
Apr 04, 2014 8:29:16 AM edu.uci.ics.pregelix.core.driver.Driver runJobs
INFO: performance counters
	total vertice: 25370077
	total edges: 318823779
	num-processors: 4
	system-load-averages: 0
	heap-used-sizes: 581848358
	disk-reads: 1194880
	disk-writes: 59203584
	net-payload-bytes-read: 667612410
	net-payload-bytes-written: 667791297

Total Execution Time: 120 seconds
