Warning: $HADOOP_HOME is deprecated.

Deleted hdfs://sensorium-1:31888/tmp/ccoutput
Warning: $HADOOP_HOME is deprecated.

14/03/06 15:53:59 INFO utils.ConfigurationUtils: No edge input format specified. Ensure your InputFormat does not require one.
14/03/06 15:53:59 INFO utils.ConfigurationUtils: No edge output format specified. Ensure your OutputFormat does not require one.
14/03/06 15:53:59 INFO utils.ConfigurationUtils: Setting custom argument [giraph.useOutOfCoreGraph] to [false] in GiraphConfiguration
14/03/06 15:53:59 INFO utils.ConfigurationUtils: Setting custom argument [giraph.useOutOfCoreMessages] to [false] in GiraphConfiguration
14/03/06 15:53:59 INFO utils.ConfigurationUtils: Setting custom argument [giraph.partitionsDirectory] to [/scratch/yingyib/giraph] in GiraphConfiguration
14/03/06 15:53:59 INFO job.GiraphJob: run: Since checkpointing is disabled (default), do not allow any task retries (setting mapred.map.max.attempts = 0, old value = 4)
14/03/06 15:54:12 INFO job.GiraphJob: run: Tracking URL: http://sensorium-1:47040/jobdetails.jsp?jobid=job_201402140954_0168
14/03/06 15:55:03 INFO job.HaltApplicationUtils$DefaultHaltInstructionsWriter: writeHaltInstructions: To halt after next superstep execute: 'bin/halt-application --zkServer sensorium-76.ics.uci.edu:22181 --zkNode /_hadoopBsp/job_201402140954_0168/_haltComputation'
14/03/06 15:55:03 INFO mapred.JobClient: Running job: job_201402140954_0168
14/03/06 15:55:04 INFO mapred.JobClient:  map 12% reduce 0%
14/03/06 15:55:11 INFO mapred.JobClient:  map 25% reduce 0%
14/03/06 15:55:41 INFO mapred.JobClient:  map 50% reduce 0%
14/03/06 15:55:42 INFO mapred.JobClient:  map 75% reduce 0%
14/03/06 15:55:43 INFO mapred.JobClient:  map 87% reduce 0%
14/03/06 15:55:44 INFO mapred.JobClient:  map 100% reduce 0%
14/03/06 16:17:46 INFO mapred.JobClient:  map 87% reduce 0%
14/03/06 16:25:44 INFO mapred.JobClient:  map 75% reduce 0%
14/03/06 16:31:43 INFO mapred.JobClient:  map 62% reduce 0%
14/03/06 17:58:30 INFO mapred.JobClient: Job complete: job_201402140954_0168
14/03/06 17:58:30 INFO mapred.JobClient: Counters: 5
14/03/06 17:58:30 INFO mapred.JobClient:   Job Counters 
14/03/06 17:58:30 INFO mapred.JobClient:     SLOTS_MILLIS_MAPS=36663114
14/03/06 17:58:30 INFO mapred.JobClient:     Total time spent by all reduces waiting after reserving slots (ms)=0
14/03/06 17:58:30 INFO mapred.JobClient:     Total time spent by all maps waiting after reserving slots (ms)=0
14/03/06 17:58:30 INFO mapred.JobClient:     Launched map tasks=8
14/03/06 17:58:30 INFO mapred.JobClient:     SLOTS_MILLIS_REDUCES=0
Total Execution Time: 7480 seconds
