Warning: $HADOOP_HOME is deprecated.

Deleted hdfs://sensorium-1:31888/tmp/ccoutput
Warning: $HADOOP_HOME is deprecated.

14/03/06 06:31:02 INFO utils.ConfigurationUtils: No edge input format specified. Ensure your InputFormat does not require one.
14/03/06 06:31:02 INFO utils.ConfigurationUtils: No edge output format specified. Ensure your OutputFormat does not require one.
14/03/06 06:31:02 INFO utils.ConfigurationUtils: Setting custom argument [giraph.useOutOfCoreGraph] to [false] in GiraphConfiguration
14/03/06 06:31:02 INFO utils.ConfigurationUtils: Setting custom argument [giraph.useOutOfCoreMessages] to [false] in GiraphConfiguration
14/03/06 06:31:02 INFO utils.ConfigurationUtils: Setting custom argument [giraph.partitionsDirectory] to [/scratch/yingyib/giraph] in GiraphConfiguration
14/03/06 06:31:03 INFO job.GiraphJob: run: Since checkpointing is disabled (default), do not allow any task retries (setting mapred.map.max.attempts = 0, old value = 4)
14/03/06 06:31:06 INFO job.GiraphJob: run: Tracking URL: http://sensorium-1:47040/jobdetails.jsp?jobid=job_201402140954_0158
14/03/06 06:31:41 INFO job.HaltApplicationUtils$DefaultHaltInstructionsWriter: writeHaltInstructions: To halt after next superstep execute: 'bin/halt-application --zkServer sensorium-39.ics.uci.edu:22181 --zkNode /_hadoopBsp/job_201402140954_0158/_haltComputation'
14/03/06 06:31:41 INFO mapred.JobClient: Running job: job_201402140954_0158
14/03/06 06:31:42 INFO mapred.JobClient:  map 37% reduce 0%
14/03/06 06:31:43 INFO mapred.JobClient:  map 62% reduce 0%
14/03/06 06:31:44 INFO mapred.JobClient:  map 68% reduce 0%
14/03/06 06:31:51 INFO mapred.JobClient:  map 75% reduce 0%
14/03/06 06:31:52 INFO mapred.JobClient:  map 81% reduce 0%
14/03/06 06:31:53 INFO mapred.JobClient:  map 87% reduce 0%
14/03/06 06:31:56 INFO mapred.JobClient:  map 93% reduce 0%
14/03/06 06:32:01 INFO mapred.JobClient:  map 100% reduce 0%
14/03/06 06:50:41 INFO mapred.JobClient:  map 93% reduce 0%
14/03/06 06:51:28 INFO mapred.JobClient:  map 87% reduce 0%
14/03/06 06:55:56 INFO mapred.JobClient:  map 81% reduce 0%
14/03/06 06:59:35 INFO mapred.JobClient:  map 75% reduce 0%
14/03/06 07:01:36 INFO mapred.JobClient:  map 68% reduce 0%
14/03/06 07:05:24 INFO mapred.JobClient:  map 62% reduce 0%
14/03/06 08:32:39 INFO mapred.JobClient:  map 56% reduce 0%
14/03/06 08:32:55 INFO mapred.JobClient: Job complete: job_201402140954_0158
14/03/06 08:32:55 INFO mapred.JobClient: Counters: 6
14/03/06 08:32:55 INFO mapred.JobClient:   Job Counters 
14/03/06 08:32:55 INFO mapred.JobClient:     SLOTS_MILLIS_MAPS=72701739
14/03/06 08:32:55 INFO mapred.JobClient:     Total time spent by all reduces waiting after reserving slots (ms)=0
14/03/06 08:32:55 INFO mapred.JobClient:     Total time spent by all maps waiting after reserving slots (ms)=0
14/03/06 08:32:55 INFO mapred.JobClient:     Launched map tasks=16
14/03/06 08:32:55 INFO mapred.JobClient:     SLOTS_MILLIS_REDUCES=0
14/03/06 08:32:55 INFO mapred.JobClient:     Failed map tasks=1
Total Execution Time: 7321 seconds
