Warning: $HADOOP_HOME is deprecated.

Deleted hdfs://sensorium-1:31888/tmp/pgoutput
Warning: $HADOOP_HOME is deprecated.

14/02/17 10:25:40 INFO utils.ConfigurationUtils: No edge input format specified. Ensure your InputFormat does not require one.
14/02/17 10:25:40 INFO utils.ConfigurationUtils: No edge output format specified. Ensure your OutputFormat does not require one.
14/02/17 10:25:40 INFO utils.ConfigurationUtils: Setting custom argument [giraph.useOutOfCoreGraph] to [false] in GiraphConfiguration
14/02/17 10:25:40 INFO utils.ConfigurationUtils: Setting custom argument [giraph.useOutOfCoreMessages] to [true] in GiraphConfiguration
14/02/17 10:25:40 INFO job.GiraphJob: run: Since checkpointing is disabled (default), do not allow any task retries (setting mapred.map.max.attempts = 0, old value = 4)
14/02/17 10:25:44 INFO job.GiraphJob: run: Tracking URL: http://sensorium-1:47040/jobdetails.jsp?jobid=job_201402140954_0018
14/02/17 10:26:19 INFO job.HaltApplicationUtils$DefaultHaltInstructionsWriter: writeHaltInstructions: To halt after next superstep execute: 'bin/halt-application --zkServer sensorium-77.ics.uci.edu:22181 --zkNode /_hadoopBsp/job_201402140954_0018/_haltComputation'
14/02/17 10:26:19 INFO mapred.JobClient: Running job: job_201402140954_0018
14/02/17 10:26:20 INFO mapred.JobClient:  map 25% reduce 0%
14/02/17 10:26:21 INFO mapred.JobClient:  map 31% reduce 0%
14/02/17 10:26:22 INFO mapred.JobClient:  map 43% reduce 0%
14/02/17 10:26:23 INFO mapred.JobClient:  map 50% reduce 0%
14/02/17 10:26:24 INFO mapred.JobClient:  map 75% reduce 0%
14/02/17 10:26:25 INFO mapred.JobClient:  map 81% reduce 0%
14/02/17 10:26:27 INFO mapred.JobClient:  map 87% reduce 0%
14/02/17 10:26:28 INFO mapred.JobClient:  map 100% reduce 0%
14/02/17 10:49:14 INFO mapred.JobClient:  map 93% reduce 0%
14/02/17 10:49:52 INFO mapred.JobClient:  map 87% reduce 0%
14/02/17 10:57:09 INFO mapred.JobClient:  map 81% reduce 0%
14/02/17 10:57:48 INFO mapred.JobClient:  map 75% reduce 0%
14/02/17 11:22:09 INFO mapred.JobClient:  map 68% reduce 0%
14/02/17 11:24:22 INFO mapred.JobClient:  map 62% reduce 0%
14/02/17 11:51:56 INFO mapred.JobClient:  map 56% reduce 0%
14/02/17 12:27:29 INFO mapred.JobClient:  map 50% reduce 0%
14/02/17 12:27:42 INFO mapred.JobClient: Job complete: job_201402140954_0018
14/02/17 12:27:42 INFO mapred.JobClient: Counters: 6
14/02/17 12:27:42 INFO mapred.JobClient:   Job Counters 
14/02/17 12:27:42 INFO mapred.JobClient:     SLOTS_MILLIS_MAPS=65571505
14/02/17 12:27:42 INFO mapred.JobClient:     Total time spent by all reduces waiting after reserving slots (ms)=0
14/02/17 12:27:42 INFO mapred.JobClient:     Total time spent by all maps waiting after reserving slots (ms)=0
14/02/17 12:27:42 INFO mapred.JobClient:     Launched map tasks=16
14/02/17 12:27:42 INFO mapred.JobClient:     SLOTS_MILLIS_REDUCES=0
14/02/17 12:27:42 INFO mapred.JobClient:     Failed map tasks=1
Total Execution Time: 7331 seconds
