Warning: $HADOOP_HOME is deprecated.

Deleted hdfs://sensorium-1:31888/tmp/pgoutput
Warning: $HADOOP_HOME is deprecated.

14/02/05 06:52:09 INFO utils.ConfigurationUtils: No edge input format specified. Ensure your InputFormat does not require one.
14/02/05 06:52:09 INFO utils.ConfigurationUtils: No edge output format specified. Ensure your OutputFormat does not require one.
14/02/05 06:52:09 INFO utils.ConfigurationUtils: Setting custom argument [giraph.useOutOfCoreGraph] to [false] in GiraphConfiguration
14/02/05 06:52:09 INFO utils.ConfigurationUtils: Setting custom argument [giraph.useOutOfCoreMessages] to [true] in GiraphConfiguration
14/02/05 06:52:09 INFO job.GiraphJob: run: Since checkpointing is disabled (default), do not allow any task retries (setting mapred.map.max.attempts = 0, old value = 4)
14/02/05 06:52:16 INFO job.GiraphJob: run: Tracking URL: http://sensorium-1:47040/jobdetails.jsp?jobid=job_201402050026_0008
14/02/05 06:53:12 INFO job.HaltApplicationUtils$DefaultHaltInstructionsWriter: writeHaltInstructions: To halt after next superstep execute: 'bin/halt-application --zkServer sensorium-58.ics.uci.edu:22181 --zkNode /_hadoopBsp/job_201402050026_0008/_haltComputation'
14/02/05 06:53:12 INFO mapred.JobClient: Running job: job_201402050026_0008
14/02/05 06:53:13 INFO mapred.JobClient:  map 46% reduce 0%
14/02/05 06:53:14 INFO mapred.JobClient:  map 59% reduce 0%
14/02/05 06:53:15 INFO mapred.JobClient:  map 71% reduce 0%
14/02/05 06:53:16 INFO mapred.JobClient:  map 84% reduce 0%
14/02/05 06:53:17 INFO mapred.JobClient:  map 90% reduce 0%
14/02/05 06:53:18 INFO mapred.JobClient:  map 96% reduce 0%
14/02/05 06:53:19 INFO mapred.JobClient:  map 100% reduce 0%
14/02/05 14:31:57 INFO mapred.JobClient:  map 96% reduce 0%
14/02/05 14:32:49 INFO mapred.JobClient: Job complete: job_201402050026_0008
14/02/05 14:32:49 INFO mapred.JobClient: Counters: 5
14/02/05 14:32:49 INFO mapred.JobClient:   Job Counters 
14/02/05 14:32:49 INFO mapred.JobClient:     SLOTS_MILLIS_MAPS=854091090
14/02/05 14:32:49 INFO mapred.JobClient:     Total time spent by all reduces waiting after reserving slots (ms)=0
14/02/05 14:32:49 INFO mapred.JobClient:     Total time spent by all maps waiting after reserving slots (ms)=0
14/02/05 14:32:49 INFO mapred.JobClient:     Launched map tasks=32
14/02/05 14:32:49 INFO mapred.JobClient:     SLOTS_MILLIS_REDUCES=0
Total Execution Time: 27648 seconds
