Warning: $HADOOP_HOME is deprecated.

Deleted hdfs://sensorium-1:31888/tmp/pgoutput
Warning: $HADOOP_HOME is deprecated.

14/02/16 14:58:07 INFO utils.ConfigurationUtils: No edge input format specified. Ensure your InputFormat does not require one.
14/02/16 14:58:07 INFO utils.ConfigurationUtils: No edge output format specified. Ensure your OutputFormat does not require one.
14/02/16 14:58:07 INFO utils.ConfigurationUtils: Setting custom argument [giraph.useOutOfCoreGraph] to [false] in GiraphConfiguration
14/02/16 14:58:07 INFO utils.ConfigurationUtils: Setting custom argument [giraph.useOutOfCoreMessages] to [true] in GiraphConfiguration
14/02/16 14:58:08 INFO job.GiraphJob: run: Since checkpointing is disabled (default), do not allow any task retries (setting mapred.map.max.attempts = 0, old value = 4)
14/02/16 14:58:11 INFO job.GiraphJob: run: Tracking URL: http://sensorium-1:47040/jobdetails.jsp?jobid=job_201402140954_0008
14/02/16 14:58:57 INFO job.HaltApplicationUtils$DefaultHaltInstructionsWriter: writeHaltInstructions: To halt after next superstep execute: 'bin/halt-application --zkServer sensorium-65.ics.uci.edu:22181 --zkNode /_hadoopBsp/job_201402140954_0008/_haltComputation'
14/02/16 14:58:57 INFO mapred.JobClient: Running job: job_201402140954_0008
14/02/16 14:58:58 INFO mapred.JobClient:  map 100% reduce 0%
14/02/16 15:21:16 INFO mapred.JobClient:  map 87% reduce 0%
14/02/16 15:48:39 INFO mapred.JobClient:  map 75% reduce 0%
14/02/16 17:08:23 INFO mapred.JobClient:  map 62% reduce 0%
14/02/16 17:08:38 INFO mapred.JobClient: Job complete: job_201402140954_0008
14/02/16 17:08:38 INFO mapred.JobClient: Counters: 6
14/02/16 17:08:38 INFO mapred.JobClient:   Job Counters 
14/02/16 17:08:38 INFO mapred.JobClient:     SLOTS_MILLIS_MAPS=46763893
14/02/16 17:08:38 INFO mapred.JobClient:     Total time spent by all reduces waiting after reserving slots (ms)=0
14/02/16 17:08:38 INFO mapred.JobClient:     Total time spent by all maps waiting after reserving slots (ms)=0
14/02/16 17:08:38 INFO mapred.JobClient:     Launched map tasks=8
14/02/16 17:08:38 INFO mapred.JobClient:     SLOTS_MILLIS_REDUCES=0
14/02/16 17:08:38 INFO mapred.JobClient:     Failed map tasks=1
Total Execution Time: 7838 seconds
