Warning: $HADOOP_HOME is deprecated.

rmr: cannot remove /tmp/pgoutput: No such file or directory.
Warning: $HADOOP_HOME is deprecated.

14/02/26 16:02:32 INFO utils.ConfigurationUtils: No edge input format specified. Ensure your InputFormat does not require one.
14/02/26 16:02:33 INFO utils.ConfigurationUtils: No edge output format specified. Ensure your OutputFormat does not require one.
14/02/26 16:02:33 INFO utils.ConfigurationUtils: Setting custom argument [giraph.useOutOfCoreGraph] to [false] in GiraphConfiguration
14/02/26 16:02:33 INFO utils.ConfigurationUtils: Setting custom argument [giraph.useOutOfCoreMessages] to [true] in GiraphConfiguration
14/02/26 16:02:33 INFO utils.ConfigurationUtils: Setting custom argument [giraph.shortestPathsBenchmark.sourcId] to [958337] in GiraphConfiguration
Exception in thread "main" java.lang.IllegalArgumentException: checkClassTypes: edge value types not assignable, computation - class org.apache.hadoop.io.DoubleWritable, VertexOutputFormat - class org.apache.hadoop.io.DoubleWritable
	at org.apache.giraph.job.GiraphConfigurationValidator.checkAssignable(GiraphConfigurationValidator.java:381)
	at org.apache.giraph.job.GiraphConfigurationValidator.verifyEdgeOutputFormatGenericTypes(GiraphConfigurationValidator.java:308)
	at org.apache.giraph.job.GiraphConfigurationValidator.validateConfiguration(GiraphConfigurationValidator.java:144)
	at org.apache.giraph.utils.ConfigurationUtils.parseArgs(ConfigurationUtils.java:214)
	at org.apache.giraph.GiraphRunner.run(GiraphRunner.java:74)
	at org.apache.hadoop.util.ToolRunner.run(ToolRunner.java:65)
	at org.apache.hadoop.util.ToolRunner.run(ToolRunner.java:79)
	at org.apache.giraph.GiraphRunner.main(GiraphRunner.java:124)
	at sun.reflect.NativeMethodAccessorImpl.invoke0(Native Method)
	at sun.reflect.NativeMethodAccessorImpl.invoke(NativeMethodAccessorImpl.java:57)
	at sun.reflect.DelegatingMethodAccessorImpl.invoke(DelegatingMethodAccessorImpl.java:43)
	at java.lang.reflect.Method.invoke(Method.java:606)
	at org.apache.hadoop.util.RunJar.main(RunJar.java:156)
Total Execution Time: 8 seconds
