Feb 13, 2014 12:31:32 AM edu.uci.ics.pregelix.core.driver.Driver installApplication
INFO: jar deployment finished 7993ms
Feb 13, 2014 12:31:32 AM edu.uci.ics.pregelix.core.driver.Driver runJobs
INFO: job started
Feb 13, 2014 12:31:36 AM org.apache.hadoop.mapreduce.lib.input.FileInputFormat listStatus
INFO: Total input paths to process : 68
Feb 13, 2014 12:31:36 AM org.apache.hadoop.util.NativeCodeLoader <clinit>
WARNING: Unable to load native-hadoop library for your platform... using builtin-java classes where applicable
Feb 13, 2014 12:31:36 AM org.apache.hadoop.io.compress.snappy.LoadSnappy <clinit>
WARNING: Snappy native library not loaded
Feb 13, 2014 12:31:36 AM edu.uci.ics.pregelix.core.jobgen.JobGen loadHDFSData
INFO: number of splits: 68
Feb 13, 2014 12:31:36 AM edu.uci.ics.pregelix.core.jobgen.JobGen loadHDFSData
INFO: hdfs://sensorium-1:31888/webmap05x/part-0:0+526322966
Feb 13, 2014 12:31:36 AM edu.uci.ics.pregelix.core.jobgen.JobGen loadHDFSData
INFO: hdfs://sensorium-1:31888/webmap05x/part-1:0+526583460
Feb 13, 2014 12:31:36 AM edu.uci.ics.pregelix.core.jobgen.JobGen loadHDFSData
INFO: hdfs://sensorium-1:31888/webmap05x/part-10:0+526421371
Feb 13, 2014 12:31:36 AM edu.uci.ics.pregelix.core.jobgen.JobGen loadHDFSData
INFO: hdfs://sensorium-1:31888/webmap05x/part-11:0+526431874
Feb 13, 2014 12:31:36 AM edu.uci.ics.pregelix.core.jobgen.JobGen loadHDFSData
INFO: hdfs://sensorium-1:31888/webmap05x/part-12:0+526121545
Feb 13, 2014 12:31:36 AM edu.uci.ics.pregelix.core.jobgen.JobGen loadHDFSData
INFO: hdfs://sensorium-1:31888/webmap05x/part-13:0+526271950
Feb 13, 2014 12:31:36 AM edu.uci.ics.pregelix.core.jobgen.JobGen loadHDFSData
INFO: hdfs://sensorium-1:31888/webmap05x/part-14:0+526562297
Feb 13, 2014 12:31:36 AM edu.uci.ics.pregelix.core.jobgen.JobGen loadHDFSData
INFO: hdfs://sensorium-1:31888/webmap05x/part-15:0+526045679
Feb 13, 2014 12:31:36 AM edu.uci.ics.pregelix.core.jobgen.JobGen loadHDFSData
INFO: hdfs://sensorium-1:31888/webmap05x/part-16:0+526056807
Feb 13, 2014 12:31:36 AM edu.uci.ics.pregelix.core.jobgen.JobGen loadHDFSData
INFO: hdfs://sensorium-1:31888/webmap05x/part-17:0+526113736
Feb 13, 2014 12:31:36 AM edu.uci.ics.pregelix.core.jobgen.JobGen loadHDFSData
INFO: hdfs://sensorium-1:31888/webmap05x/part-18:0+527005972
Feb 13, 2014 12:31:36 AM edu.uci.ics.pregelix.core.jobgen.JobGen loadHDFSData
INFO: hdfs://sensorium-1:31888/webmap05x/part-19:0+525953871
Feb 13, 2014 12:31:36 AM edu.uci.ics.pregelix.core.jobgen.JobGen loadHDFSData
INFO: hdfs://sensorium-1:31888/webmap05x/part-2:0+526067939
Feb 13, 2014 12:31:36 AM edu.uci.ics.pregelix.core.jobgen.JobGen loadHDFSData
INFO: hdfs://sensorium-1:31888/webmap05x/part-20:0+526211705
Feb 13, 2014 12:31:36 AM edu.uci.ics.pregelix.core.jobgen.JobGen loadHDFSData
INFO: hdfs://sensorium-1:31888/webmap05x/part-21:0+525756363
Feb 13, 2014 12:31:36 AM edu.uci.ics.pregelix.core.jobgen.JobGen loadHDFSData
INFO: hdfs://sensorium-1:31888/webmap05x/part-22:0+525934481
Feb 13, 2014 12:31:36 AM edu.uci.ics.pregelix.core.jobgen.JobGen loadHDFSData
INFO: hdfs://sensorium-1:31888/webmap05x/part-23:0+526400976
Feb 13, 2014 12:31:36 AM edu.uci.ics.pregelix.core.jobgen.JobGen loadHDFSData
INFO: hdfs://sensorium-1:31888/webmap05x/part-24:0+526404400
Feb 13, 2014 12:31:36 AM edu.uci.ics.pregelix.core.jobgen.JobGen loadHDFSData
INFO: hdfs://sensorium-1:31888/webmap05x/part-25:0+526310276
Feb 13, 2014 12:31:36 AM edu.uci.ics.pregelix.core.jobgen.JobGen loadHDFSData
INFO: hdfs://sensorium-1:31888/webmap05x/part-26:0+526153548
Feb 13, 2014 12:31:36 AM edu.uci.ics.pregelix.core.jobgen.JobGen loadHDFSData
INFO: hdfs://sensorium-1:31888/webmap05x/part-27:0+526106204
Feb 13, 2014 12:31:36 AM edu.uci.ics.pregelix.core.jobgen.JobGen loadHDFSData
INFO: hdfs://sensorium-1:31888/webmap05x/part-28:0+526477476
Feb 13, 2014 12:31:36 AM edu.uci.ics.pregelix.core.jobgen.JobGen loadHDFSData
INFO: hdfs://sensorium-1:31888/webmap05x/part-29:0+525999049
Feb 13, 2014 12:31:36 AM edu.uci.ics.pregelix.core.jobgen.JobGen loadHDFSData
INFO: hdfs://sensorium-1:31888/webmap05x/part-3:0+525782198
Feb 13, 2014 12:31:36 AM edu.uci.ics.pregelix.core.jobgen.JobGen loadHDFSData
INFO: hdfs://sensorium-1:31888/webmap05x/part-30:0+526398268
Feb 13, 2014 12:31:36 AM edu.uci.ics.pregelix.core.jobgen.JobGen loadHDFSData
INFO: hdfs://sensorium-1:31888/webmap05x/part-31:0+527025992
Feb 13, 2014 12:31:36 AM edu.uci.ics.pregelix.core.jobgen.JobGen loadHDFSData
INFO: hdfs://sensorium-1:31888/webmap05x/part-32:0+526002925
Feb 13, 2014 12:31:36 AM edu.uci.ics.pregelix.core.jobgen.JobGen loadHDFSData
INFO: hdfs://sensorium-1:31888/webmap05x/part-33:0+526197049
Feb 13, 2014 12:31:36 AM edu.uci.ics.pregelix.core.jobgen.JobGen loadHDFSData
INFO: hdfs://sensorium-1:31888/webmap05x/part-34:0+525980473
Feb 13, 2014 12:31:36 AM edu.uci.ics.pregelix.core.jobgen.JobGen loadHDFSData
INFO: hdfs://sensorium-1:31888/webmap05x/part-35:0+526595953
Feb 13, 2014 12:31:36 AM edu.uci.ics.pregelix.core.jobgen.JobGen loadHDFSData
INFO: hdfs://sensorium-1:31888/webmap05x/part-36:0+525869153
Feb 13, 2014 12:31:36 AM edu.uci.ics.pregelix.core.jobgen.JobGen loadHDFSData
INFO: hdfs://sensorium-1:31888/webmap05x/part-37:0+526051783
Feb 13, 2014 12:31:36 AM edu.uci.ics.pregelix.core.jobgen.JobGen loadHDFSData
INFO: hdfs://sensorium-1:31888/webmap05x/part-38:0+525671558
Feb 13, 2014 12:31:36 AM edu.uci.ics.pregelix.core.jobgen.JobGen loadHDFSData
INFO: hdfs://sensorium-1:31888/webmap05x/part-39:0+526214096
Feb 13, 2014 12:31:36 AM edu.uci.ics.pregelix.core.jobgen.JobGen loadHDFSData
INFO: hdfs://sensorium-1:31888/webmap05x/part-4:0+526514441
Feb 13, 2014 12:31:36 AM edu.uci.ics.pregelix.core.jobgen.JobGen loadHDFSData
INFO: hdfs://sensorium-1:31888/webmap05x/part-40:0+526322542
Feb 13, 2014 12:31:36 AM edu.uci.ics.pregelix.core.jobgen.JobGen loadHDFSData
INFO: hdfs://sensorium-1:31888/webmap05x/part-41:0+526125729
Feb 13, 2014 12:31:36 AM edu.uci.ics.pregelix.core.jobgen.JobGen loadHDFSData
INFO: hdfs://sensorium-1:31888/webmap05x/part-42:0+526898689
Feb 13, 2014 12:31:36 AM edu.uci.ics.pregelix.core.jobgen.JobGen loadHDFSData
INFO: hdfs://sensorium-1:31888/webmap05x/part-43:0+526230047
Feb 13, 2014 12:31:36 AM edu.uci.ics.pregelix.core.jobgen.JobGen loadHDFSData
INFO: hdfs://sensorium-1:31888/webmap05x/part-44:0+526369177
Feb 13, 2014 12:31:36 AM edu.uci.ics.pregelix.core.jobgen.JobGen loadHDFSData
INFO: hdfs://sensorium-1:31888/webmap05x/part-45:0+526399294
Feb 13, 2014 12:31:36 AM edu.uci.ics.pregelix.core.jobgen.JobGen loadHDFSData
INFO: hdfs://sensorium-1:31888/webmap05x/part-46:0+526174079
Feb 13, 2014 12:31:36 AM edu.uci.ics.pregelix.core.jobgen.JobGen loadHDFSData
INFO: hdfs://sensorium-1:31888/webmap05x/part-47:0+526554695
Feb 13, 2014 12:31:36 AM edu.uci.ics.pregelix.core.jobgen.JobGen loadHDFSData
INFO: hdfs://sensorium-1:31888/webmap05x/part-48:0+526523005
Feb 13, 2014 12:31:36 AM edu.uci.ics.pregelix.core.jobgen.JobGen loadHDFSData
INFO: hdfs://sensorium-1:31888/webmap05x/part-49:0+526273726
Feb 13, 2014 12:31:36 AM edu.uci.ics.pregelix.core.jobgen.JobGen loadHDFSData
INFO: hdfs://sensorium-1:31888/webmap05x/part-5:0+526280555
Feb 13, 2014 12:31:36 AM edu.uci.ics.pregelix.core.jobgen.JobGen loadHDFSData
INFO: hdfs://sensorium-1:31888/webmap05x/part-50:0+526532656
Feb 13, 2014 12:31:36 AM edu.uci.ics.pregelix.core.jobgen.JobGen loadHDFSData
INFO: hdfs://sensorium-1:31888/webmap05x/part-51:0+526509024
Feb 13, 2014 12:31:36 AM edu.uci.ics.pregelix.core.jobgen.JobGen loadHDFSData
INFO: hdfs://sensorium-1:31888/webmap05x/part-52:0+526314770
Feb 13, 2014 12:31:36 AM edu.uci.ics.pregelix.core.jobgen.JobGen loadHDFSData
INFO: hdfs://sensorium-1:31888/webmap05x/part-53:0+526420571
Feb 13, 2014 12:31:36 AM edu.uci.ics.pregelix.core.jobgen.JobGen loadHDFSData
INFO: hdfs://sensorium-1:31888/webmap05x/part-54:0+526422343
Feb 13, 2014 12:31:36 AM edu.uci.ics.pregelix.core.jobgen.JobGen loadHDFSData
INFO: hdfs://sensorium-1:31888/webmap05x/part-55:0+527067341
Feb 13, 2014 12:31:36 AM edu.uci.ics.pregelix.core.jobgen.JobGen loadHDFSData
INFO: hdfs://sensorium-1:31888/webmap05x/part-56:0+526526707
Feb 13, 2014 12:31:36 AM edu.uci.ics.pregelix.core.jobgen.JobGen loadHDFSData
INFO: hdfs://sensorium-1:31888/webmap05x/part-57:0+526584341
Feb 13, 2014 12:31:36 AM edu.uci.ics.pregelix.core.jobgen.JobGen loadHDFSData
INFO: hdfs://sensorium-1:31888/webmap05x/part-58:0+526514850
Feb 13, 2014 12:31:36 AM edu.uci.ics.pregelix.core.jobgen.JobGen loadHDFSData
INFO: hdfs://sensorium-1:31888/webmap05x/part-59:0+526420503
Feb 13, 2014 12:31:36 AM edu.uci.ics.pregelix.core.jobgen.JobGen loadHDFSData
INFO: hdfs://sensorium-1:31888/webmap05x/part-6:0+526205282
Feb 13, 2014 12:31:36 AM edu.uci.ics.pregelix.core.jobgen.JobGen loadHDFSData
INFO: hdfs://sensorium-1:31888/webmap05x/part-60:0+526710646
Feb 13, 2014 12:31:36 AM edu.uci.ics.pregelix.core.jobgen.JobGen loadHDFSData
INFO: hdfs://sensorium-1:31888/webmap05x/part-61:0+526417163
Feb 13, 2014 12:31:36 AM edu.uci.ics.pregelix.core.jobgen.JobGen loadHDFSData
INFO: hdfs://sensorium-1:31888/webmap05x/part-62:0+526295389
Feb 13, 2014 12:31:36 AM edu.uci.ics.pregelix.core.jobgen.JobGen loadHDFSData
INFO: hdfs://sensorium-1:31888/webmap05x/part-63:0+526150844
Feb 13, 2014 12:31:36 AM edu.uci.ics.pregelix.core.jobgen.JobGen loadHDFSData
INFO: hdfs://sensorium-1:31888/webmap05x/part-64:0+526371805
Feb 13, 2014 12:31:36 AM edu.uci.ics.pregelix.core.jobgen.JobGen loadHDFSData
INFO: hdfs://sensorium-1:31888/webmap05x/part-65:0+526347054
Feb 13, 2014 12:31:36 AM edu.uci.ics.pregelix.core.jobgen.JobGen loadHDFSData
INFO: hdfs://sensorium-1:31888/webmap05x/part-66:0+526273751
Feb 13, 2014 12:31:36 AM edu.uci.ics.pregelix.core.jobgen.JobGen loadHDFSData
INFO: hdfs://sensorium-1:31888/webmap05x/part-67:0+526484550
Feb 13, 2014 12:31:36 AM edu.uci.ics.pregelix.core.jobgen.JobGen loadHDFSData
INFO: hdfs://sensorium-1:31888/webmap05x/part-7:0+526403424
Feb 13, 2014 12:31:36 AM edu.uci.ics.pregelix.core.jobgen.JobGen loadHDFSData
INFO: hdfs://sensorium-1:31888/webmap05x/part-8:0+526197646
Feb 13, 2014 12:31:36 AM edu.uci.ics.pregelix.core.jobgen.JobGen loadHDFSData
INFO: hdfs://sensorium-1:31888/webmap05x/part-9:0+526077459
Feb 13, 2014 12:31:36 AM edu.uci.ics.hyracks.hdfs.scheduler.Scheduler getLocationConstraints
INFO: Data local rate: 0.779411792755127
Feb 13, 2014 12:40:18 AM edu.uci.ics.pregelix.core.driver.Driver loadData
INFO: data loading finished 525322ms
Feb 13, 2014 12:50:46 AM edu.uci.ics.pregelix.core.driver.Driver runLoopBody
INFO: PageRankVertex: iteration 1 finished 628044ms
Feb 13, 2014 1:00:45 AM edu.uci.ics.pregelix.core.driver.Driver runLoopBody
INFO: PageRankVertex: iteration 2 finished 598156ms
Feb 13, 2014 1:11:32 AM edu.uci.ics.pregelix.core.driver.Driver runLoopBody
INFO: PageRankVertex: iteration 3 finished 647719ms
Feb 13, 2014 1:23:08 AM edu.uci.ics.pregelix.core.driver.Driver runLoopBody
INFO: PageRankVertex: iteration 4 finished 695199ms
Feb 13, 2014 1:27:10 AM edu.uci.ics.pregelix.core.driver.Driver runLoopBody
INFO: PageRankVertex: iteration 5 finished 242872ms
Feb 13, 2014 1:36:56 AM edu.uci.ics.pregelix.core.driver.Driver finishJobs
INFO: result writing finished 584219ms
Feb 13, 2014 1:36:56 AM edu.uci.ics.pregelix.core.driver.Driver runJobs
INFO: job finished
Feb 13, 2014 1:36:56 AM edu.uci.ics.pregelix.core.driver.Driver runJobs
INFO: performance counters
	total vertice: 710434124
	total edges: 3688461371
	num-processors: 2
	system-load-averages: 2
	heap-used-sizes: 1645232912
	disk-reads: 27469942272
	disk-writes: 34403939584
	net-payload-bytes-read: 8354414992
	net-payload-bytes-written: 8354414992

Total Execution Time: 3940 seconds
