Warning: $HADOOP_HOME is deprecated.

Deleted hdfs://sensorium-1:31888/tmp/spoutput
Warning: $HADOOP_HOME is deprecated.

14/02/26 18:22:15 INFO utils.ConfigurationUtils: No edge input format specified. Ensure your InputFormat does not require one.
14/02/26 18:22:15 INFO utils.ConfigurationUtils: No edge output format specified. Ensure your OutputFormat does not require one.
14/02/26 18:22:15 INFO utils.ConfigurationUtils: Setting custom argument [giraph.useOutOfCoreGraph] to [false] in GiraphConfiguration
14/02/26 18:22:15 INFO utils.ConfigurationUtils: Setting custom argument [giraph.useOutOfCoreMessages] to [false] in GiraphConfiguration
14/02/26 18:22:15 INFO utils.ConfigurationUtils: Setting custom argument [giraph.shortestPathsBenchmark.sourceId] to [1612164] in GiraphConfiguration
14/02/26 18:22:15 INFO job.GiraphJob: run: Since checkpointing is disabled (default), do not allow any task retries (setting mapred.map.max.attempts = 0, old value = 4)
14/02/26 18:22:16 INFO job.GiraphJob: run: Tracking URL: http://sensorium-1:47040/jobdetails.jsp?jobid=job_201402140954_0067
14/02/26 18:22:59 INFO job.HaltApplicationUtils$DefaultHaltInstructionsWriter: writeHaltInstructions: To halt after next superstep execute: 'bin/halt-application --zkServer sensorium-60.ics.uci.edu:22181 --zkNode /_hadoopBsp/job_201402140954_0067/_haltComputation'
14/02/26 18:22:59 INFO mapred.JobClient: Running job: job_201402140954_0067
14/02/26 18:23:00 INFO mapred.JobClient:  map 78% reduce 0%
14/02/26 18:23:01 INFO mapred.JobClient:  map 87% reduce 0%
14/02/26 18:23:02 INFO mapred.JobClient:  map 90% reduce 0%
14/02/26 18:23:03 INFO mapred.JobClient:  map 100% reduce 0%
14/02/26 18:39:59 INFO mapred.JobClient:  map 96% reduce 0%
14/02/26 18:50:33 INFO mapred.JobClient:  map 93% reduce 0%
14/02/26 18:50:56 INFO mapred.JobClient: Job complete: job_201402140954_0067
14/02/26 18:50:56 INFO mapred.JobClient: Counters: 6
14/02/26 18:50:56 INFO mapred.JobClient:   Job Counters 
14/02/26 18:50:56 INFO mapred.JobClient:     SLOTS_MILLIS_MAPS=51677650
14/02/26 18:50:56 INFO mapred.JobClient:     Total time spent by all reduces waiting after reserving slots (ms)=0
14/02/26 18:50:56 INFO mapred.JobClient:     Total time spent by all maps waiting after reserving slots (ms)=0
14/02/26 18:50:56 INFO mapred.JobClient:     Launched map tasks=32
14/02/26 18:50:56 INFO mapred.JobClient:     SLOTS_MILLIS_REDUCES=0
14/02/26 18:50:56 INFO mapred.JobClient:     Failed map tasks=1
Total Execution Time: 1730 seconds
