Warning: $HADOOP_HOME is deprecated.

Deleted hdfs://sensorium-1:31888/tmp/spoutput
Warning: $HADOOP_HOME is deprecated.

14/02/26 21:38:20 INFO utils.ConfigurationUtils: No edge input format specified. Ensure your InputFormat does not require one.
14/02/26 21:38:20 INFO utils.ConfigurationUtils: No edge output format specified. Ensure your OutputFormat does not require one.
14/02/26 21:38:20 INFO utils.ConfigurationUtils: Setting custom argument [giraph.useOutOfCoreGraph] to [false] in GiraphConfiguration
14/02/26 21:38:20 INFO utils.ConfigurationUtils: Setting custom argument [giraph.useOutOfCoreMessages] to [true] in GiraphConfiguration
14/02/26 21:38:20 INFO utils.ConfigurationUtils: Setting custom argument [giraph.partitionsDirectory] to [/scratch/yingyib/giraph] in GiraphConfiguration
14/02/26 21:38:20 INFO utils.ConfigurationUtils: Setting custom argument [giraph.shortestPathsBenchmark.sourceId] to [1612164] in GiraphConfiguration
14/02/26 21:38:20 INFO job.GiraphJob: run: Since checkpointing is disabled (default), do not allow any task retries (setting mapred.map.max.attempts = 0, old value = 4)
14/02/26 21:38:22 INFO job.GiraphJob: run: Tracking URL: http://sensorium-1:47040/jobdetails.jsp?jobid=job_201402140954_0075
14/02/26 21:38:54 INFO job.HaltApplicationUtils$DefaultHaltInstructionsWriter: writeHaltInstructions: To halt after next superstep execute: 'bin/halt-application --zkServer sensorium-49.ics.uci.edu:22181 --zkNode /_hadoopBsp/job_201402140954_0075/_haltComputation'
14/02/26 21:38:54 INFO mapred.JobClient: Running job: job_201402140954_0075
14/02/26 21:38:55 INFO mapred.JobClient:  map 68% reduce 0%
14/02/26 21:38:56 INFO mapred.JobClient:  map 78% reduce 0%
14/02/26 21:38:57 INFO mapred.JobClient:  map 96% reduce 0%
14/02/26 21:38:59 INFO mapred.JobClient:  map 100% reduce 0%
14/02/26 21:57:29 INFO mapred.JobClient:  map 96% reduce 0%
14/02/26 22:08:01 INFO mapred.JobClient: Job complete: job_201402140954_0075
14/02/26 22:08:01 INFO mapred.JobClient: Counters: 5
14/02/26 22:08:01 INFO mapred.JobClient:   Job Counters 
14/02/26 22:08:01 INFO mapred.JobClient:     SLOTS_MILLIS_MAPS=53830829
14/02/26 22:08:01 INFO mapred.JobClient:     Total time spent by all reduces waiting after reserving slots (ms)=0
14/02/26 22:08:01 INFO mapred.JobClient:     Total time spent by all maps waiting after reserving slots (ms)=0
14/02/26 22:08:01 INFO mapred.JobClient:     Launched map tasks=32
14/02/26 22:08:01 INFO mapred.JobClient:     SLOTS_MILLIS_REDUCES=0
Total Execution Time: 1790 seconds
