Warning: $HADOOP_HOME is deprecated.

Deleted hdfs://sensorium-1:31888/tmp/ccoutput
Warning: $HADOOP_HOME is deprecated.

14/03/06 08:47:23 INFO utils.ConfigurationUtils: No edge input format specified. Ensure your InputFormat does not require one.
14/03/06 08:47:23 INFO utils.ConfigurationUtils: No edge output format specified. Ensure your OutputFormat does not require one.
14/03/06 08:47:23 INFO utils.ConfigurationUtils: Setting custom argument [giraph.useOutOfCoreGraph] to [false] in GiraphConfiguration
14/03/06 08:47:23 INFO utils.ConfigurationUtils: Setting custom argument [giraph.useOutOfCoreMessages] to [true] in GiraphConfiguration
14/03/06 08:47:23 INFO utils.ConfigurationUtils: Setting custom argument [giraph.partitionsDirectory] to [/scratch/yingyib/giraph] in GiraphConfiguration
14/03/06 08:47:23 INFO job.GiraphJob: run: Since checkpointing is disabled (default), do not allow any task retries (setting mapred.map.max.attempts = 0, old value = 4)
14/03/06 08:47:25 INFO job.GiraphJob: run: Tracking URL: http://sensorium-1:47040/jobdetails.jsp?jobid=job_201402140954_0160
14/03/06 08:47:56 INFO job.HaltApplicationUtils$DefaultHaltInstructionsWriter: writeHaltInstructions: To halt after next superstep execute: 'bin/halt-application --zkServer sensorium-76.ics.uci.edu:22181 --zkNode /_hadoopBsp/job_201402140954_0160/_haltComputation'
14/03/06 08:47:56 INFO mapred.JobClient: Running job: job_201402140954_0160
14/03/06 08:47:58 INFO mapred.JobClient:  map 25% reduce 0%
14/03/06 08:47:59 INFO mapred.JobClient:  map 37% reduce 0%
14/03/06 08:48:02 INFO mapred.JobClient:  map 43% reduce 0%
14/03/06 08:48:03 INFO mapred.JobClient:  map 50% reduce 0%
14/03/06 08:48:04 INFO mapred.JobClient:  map 56% reduce 0%
14/03/06 08:48:07 INFO mapred.JobClient:  map 68% reduce 0%
14/03/06 08:48:08 INFO mapred.JobClient:  map 75% reduce 0%
14/03/06 08:48:09 INFO mapred.JobClient:  map 87% reduce 0%
14/03/06 08:48:12 INFO mapred.JobClient:  map 93% reduce 0%
14/03/06 08:48:13 INFO mapred.JobClient:  map 100% reduce 0%
14/03/06 09:15:13 INFO mapred.JobClient:  map 93% reduce 0%
14/03/06 09:18:09 INFO mapred.JobClient:  map 87% reduce 0%
14/03/06 09:39:59 INFO mapred.JobClient: Job complete: job_201402140954_0160
14/03/06 09:39:59 INFO mapred.JobClient: Counters: 5
14/03/06 09:39:59 INFO mapred.JobClient:   Job Counters 
14/03/06 09:39:59 INFO mapred.JobClient:     SLOTS_MILLIS_MAPS=43601995
14/03/06 09:39:59 INFO mapred.JobClient:     Total time spent by all reduces waiting after reserving slots (ms)=0
14/03/06 09:39:59 INFO mapred.JobClient:     Total time spent by all maps waiting after reserving slots (ms)=0
14/03/06 09:39:59 INFO mapred.JobClient:     Launched map tasks=16
14/03/06 09:39:59 INFO mapred.JobClient:     SLOTS_MILLIS_REDUCES=0
Total Execution Time: 3164 seconds
