Warning: $HADOOP_HOME is deprecated.

Deleted hdfs://sensorium-1:31888/tmp/pgoutput
Warning: $HADOOP_HOME is deprecated.

14/02/16 19:34:53 INFO utils.ConfigurationUtils: No edge input format specified. Ensure your InputFormat does not require one.
14/02/16 19:34:53 INFO utils.ConfigurationUtils: No edge output format specified. Ensure your OutputFormat does not require one.
14/02/16 19:34:54 INFO utils.ConfigurationUtils: Setting custom argument [giraph.useOutOfCoreGraph] to [false] in GiraphConfiguration
14/02/16 19:34:54 INFO utils.ConfigurationUtils: Setting custom argument [giraph.useOutOfCoreMessages] to [true] in GiraphConfiguration
14/02/16 19:34:54 INFO job.GiraphJob: run: Since checkpointing is disabled (default), do not allow any task retries (setting mapred.map.max.attempts = 0, old value = 4)
14/02/16 19:34:57 INFO job.GiraphJob: run: Tracking URL: http://sensorium-1:47040/jobdetails.jsp?jobid=job_201402140954_0010
14/02/16 19:35:30 INFO job.HaltApplicationUtils$DefaultHaltInstructionsWriter: writeHaltInstructions: To halt after next superstep execute: 'bin/halt-application --zkServer sensorium-78.ics.uci.edu:22181 --zkNode /_hadoopBsp/job_201402140954_0010/_haltComputation'
14/02/16 19:35:30 INFO mapred.JobClient: Running job: job_201402140954_0010
14/02/16 19:35:31 INFO mapred.JobClient:  map 25% reduce 0%
14/02/16 19:35:32 INFO mapred.JobClient:  map 37% reduce 0%
14/02/16 19:35:34 INFO mapred.JobClient:  map 75% reduce 0%
14/02/16 19:35:35 INFO mapred.JobClient:  map 100% reduce 0%
14/02/16 20:01:35 INFO mapred.JobClient:  map 87% reduce 0%
14/02/16 20:08:49 INFO mapred.JobClient:  map 75% reduce 0%
14/02/16 20:10:30 INFO mapred.JobClient:  map 62% reduce 0%
14/02/16 20:12:10 INFO mapred.JobClient:  map 50% reduce 0%
14/02/16 20:13:07 INFO mapred.JobClient:  map 37% reduce 0%
14/02/16 20:14:08 INFO mapred.JobClient:  map 25% reduce 0%
14/02/16 22:07:02 INFO mapred.JobClient:  map 12% reduce 0%
14/02/16 22:07:17 INFO mapred.JobClient: Job complete: job_201402140954_0010
14/02/16 22:07:17 INFO mapred.JobClient: Counters: 6
14/02/16 22:07:17 INFO mapred.JobClient:   Job Counters 
14/02/16 22:07:17 INFO mapred.JobClient:     SLOTS_MILLIS_MAPS=18225049
14/02/16 22:07:17 INFO mapred.JobClient:     Total time spent by all reduces waiting after reserving slots (ms)=0
14/02/16 22:07:17 INFO mapred.JobClient:     Total time spent by all maps waiting after reserving slots (ms)=0
14/02/16 22:07:17 INFO mapred.JobClient:     Launched map tasks=8
14/02/16 22:07:17 INFO mapred.JobClient:     SLOTS_MILLIS_REDUCES=0
14/02/16 22:07:17 INFO mapred.JobClient:     Failed map tasks=1
Total Execution Time: 9152 seconds
