Warning: $HADOOP_HOME is deprecated.

Deleted hdfs://sensorium-1:31888/tmp/ccoutput
Warning: $HADOOP_HOME is deprecated.

14/03/06 15:05:52 INFO utils.ConfigurationUtils: No edge input format specified. Ensure your InputFormat does not require one.
14/03/06 15:05:52 INFO utils.ConfigurationUtils: No edge output format specified. Ensure your OutputFormat does not require one.
14/03/06 15:05:52 INFO utils.ConfigurationUtils: Setting custom argument [giraph.useOutOfCoreGraph] to [false] in GiraphConfiguration
14/03/06 15:05:52 INFO utils.ConfigurationUtils: Setting custom argument [giraph.useOutOfCoreMessages] to [false] in GiraphConfiguration
14/03/06 15:05:52 INFO utils.ConfigurationUtils: Setting custom argument [giraph.partitionsDirectory] to [/scratch/yingyib/giraph] in GiraphConfiguration
14/03/06 15:05:52 INFO job.GiraphJob: run: Since checkpointing is disabled (default), do not allow any task retries (setting mapred.map.max.attempts = 0, old value = 4)
14/03/06 15:06:03 INFO job.GiraphJob: run: Tracking URL: http://sensorium-1:47040/jobdetails.jsp?jobid=job_201402140954_0167
14/03/06 15:06:45 INFO job.HaltApplicationUtils$DefaultHaltInstructionsWriter: writeHaltInstructions: To halt after next superstep execute: 'bin/halt-application --zkServer sensorium-50.ics.uci.edu:22181 --zkNode /_hadoopBsp/job_201402140954_0167/_haltComputation'
14/03/06 15:06:45 INFO mapred.JobClient: Running job: job_201402140954_0167
14/03/06 15:06:46 INFO mapred.JobClient:  map 25% reduce 0%
14/03/06 15:06:50 INFO mapred.JobClient:  map 37% reduce 0%
14/03/06 15:07:14 INFO mapred.JobClient:  map 50% reduce 0%
14/03/06 15:07:16 INFO mapred.JobClient:  map 62% reduce 0%
14/03/06 15:07:17 INFO mapred.JobClient:  map 100% reduce 0%
14/03/06 15:38:18 INFO mapred.JobClient:  map 87% reduce 0%
14/03/06 15:41:40 INFO mapred.JobClient:  map 75% reduce 0%
14/03/06 15:42:10 INFO mapred.JobClient:  map 62% reduce 0%
14/03/06 15:46:46 INFO mapred.JobClient:  map 50% reduce 0%
14/03/06 15:53:49 INFO mapred.JobClient: Job complete: job_201402140954_0167
14/03/06 15:53:49 INFO mapred.JobClient: Counters: 5
14/03/06 15:53:49 INFO mapred.JobClient:   Job Counters 
14/03/06 15:53:49 INFO mapred.JobClient:     SLOTS_MILLIS_MAPS=11242151
14/03/06 15:53:49 INFO mapred.JobClient:     Total time spent by all reduces waiting after reserving slots (ms)=0
14/03/06 15:53:49 INFO mapred.JobClient:     Total time spent by all maps waiting after reserving slots (ms)=0
14/03/06 15:53:49 INFO mapred.JobClient:     Launched map tasks=8
14/03/06 15:53:49 INFO mapred.JobClient:     SLOTS_MILLIS_REDUCES=0
Total Execution Time: 2885 seconds
