Warning: $HADOOP_HOME is deprecated.

Deleted hdfs://sensorium-1:31888/tmp/pgoutput
Warning: $HADOOP_HOME is deprecated.

14/02/18 09:29:03 INFO utils.ConfigurationUtils: No edge input format specified. Ensure your InputFormat does not require one.
14/02/18 09:29:03 INFO utils.ConfigurationUtils: No edge output format specified. Ensure your OutputFormat does not require one.
14/02/18 09:29:03 INFO utils.ConfigurationUtils: Setting custom argument [giraph.useOutOfCoreGraph] to [false] in GiraphConfiguration
14/02/18 09:29:03 INFO utils.ConfigurationUtils: Setting custom argument [giraph.useOutOfCoreMessages] to [false] in GiraphConfiguration
14/02/18 09:29:04 INFO job.GiraphJob: run: Since checkpointing is disabled (default), do not allow any task retries (setting mapred.map.max.attempts = 0, old value = 4)
14/02/18 09:29:07 INFO job.GiraphJob: run: Tracking URL: http://sensorium-1:47040/jobdetails.jsp?jobid=job_201402140954_0034
14/02/18 09:30:06 INFO job.HaltApplicationUtils$DefaultHaltInstructionsWriter: writeHaltInstructions: To halt after next superstep execute: 'bin/halt-application --zkServer sensorium-76.ics.uci.edu:22181 --zkNode /_hadoopBsp/job_201402140954_0034/_haltComputation'
14/02/18 09:30:06 INFO mapred.JobClient: Running job: job_201402140954_0034
14/02/18 09:30:07 INFO mapred.JobClient:  map 71% reduce 0%
14/02/18 09:30:08 INFO mapred.JobClient:  map 75% reduce 0%
14/02/18 09:30:09 INFO mapred.JobClient:  map 78% reduce 0%
14/02/18 09:30:12 INFO mapred.JobClient:  map 87% reduce 0%
14/02/18 09:30:14 INFO mapred.JobClient:  map 90% reduce 0%
14/02/18 09:30:15 INFO mapred.JobClient:  map 93% reduce 0%
14/02/18 09:30:16 INFO mapred.JobClient:  map 96% reduce 0%
14/02/18 09:30:17 INFO mapred.JobClient:  map 100% reduce 0%
14/02/18 09:57:53 INFO mapred.JobClient:  map 96% reduce 0%
14/02/18 11:31:48 INFO mapred.JobClient:  map 93% reduce 0%
14/02/18 11:32:26 INFO mapred.JobClient: Job complete: job_201402140954_0034
14/02/18 11:32:26 INFO mapred.JobClient: Counters: 6
14/02/18 11:32:26 INFO mapred.JobClient:   Job Counters 
14/02/18 11:32:26 INFO mapred.JobClient:     SLOTS_MILLIS_MAPS=226913028
14/02/18 11:32:26 INFO mapred.JobClient:     Total time spent by all reduces waiting after reserving slots (ms)=0
14/02/18 11:32:26 INFO mapred.JobClient:     Total time spent by all maps waiting after reserving slots (ms)=0
14/02/18 11:32:26 INFO mapred.JobClient:     Launched map tasks=32
14/02/18 11:32:26 INFO mapred.JobClient:     SLOTS_MILLIS_REDUCES=0
14/02/18 11:32:26 INFO mapred.JobClient:     Failed map tasks=1
Total Execution Time: 7411 seconds
