Warning: $HADOOP_HOME is deprecated.

Deleted hdfs://sensorium-1:31888/tmp/pgoutput
Warning: $HADOOP_HOME is deprecated.

14/02/19 09:25:23 INFO utils.ConfigurationUtils: No edge input format specified. Ensure your InputFormat does not require one.
14/02/19 09:25:23 INFO utils.ConfigurationUtils: No edge output format specified. Ensure your OutputFormat does not require one.
14/02/19 09:25:23 INFO utils.ConfigurationUtils: Setting custom argument [giraph.useOutOfCoreGraph] to [false] in GiraphConfiguration
14/02/19 09:25:23 INFO utils.ConfigurationUtils: Setting custom argument [giraph.useOutOfCoreMessages] to [true] in GiraphConfiguration
14/02/19 09:25:24 INFO job.GiraphJob: run: Since checkpointing is disabled (default), do not allow any task retries (setting mapred.map.max.attempts = 0, old value = 4)
14/02/19 09:25:32 INFO job.GiraphJob: run: Tracking URL: http://sensorium-1:47040/jobdetails.jsp?jobid=job_201402140954_0038
14/02/19 09:26:33 INFO job.HaltApplicationUtils$DefaultHaltInstructionsWriter: writeHaltInstructions: To halt after next superstep execute: 'bin/halt-application --zkServer sensorium-57.ics.uci.edu:22181 --zkNode /_hadoopBsp/job_201402140954_0038/_haltComputation'
14/02/19 09:26:33 INFO mapred.JobClient: Running job: job_201402140954_0038
14/02/19 09:26:34 INFO mapred.JobClient:  map 46% reduce 0%
14/02/19 09:26:35 INFO mapred.JobClient:  map 68% reduce 0%
14/02/19 09:26:37 INFO mapred.JobClient:  map 81% reduce 0%
14/02/19 09:26:38 INFO mapred.JobClient:  map 90% reduce 0%
14/02/19 09:26:39 INFO mapred.JobClient:  map 93% reduce 0%
14/02/19 09:26:40 INFO mapred.JobClient:  map 96% reduce 0%
14/02/19 09:26:41 INFO mapred.JobClient:  map 100% reduce 0%
14/02/19 09:52:56 INFO mapred.JobClient:  map 96% reduce 0%
14/02/19 09:53:48 INFO mapred.JobClient:  map 93% reduce 0%
14/02/19 09:56:44 INFO mapred.JobClient:  map 90% reduce 0%
14/02/19 09:58:16 INFO mapred.JobClient:  map 87% reduce 0%
14/02/19 09:58:22 INFO mapred.JobClient:  map 84% reduce 0%
14/02/19 10:00:33 INFO mapred.JobClient:  map 81% reduce 0%
14/02/19 10:02:22 INFO mapred.JobClient:  map 78% reduce 0%
14/02/19 10:03:14 INFO mapred.JobClient:  map 75% reduce 0%
14/02/19 10:05:12 INFO mapred.JobClient:  map 71% reduce 0%
14/02/19 10:06:51 INFO mapred.JobClient:  map 68% reduce 0%
14/02/19 11:27:12 INFO mapred.JobClient:  map 65% reduce 0%
14/02/19 11:27:32 INFO mapred.JobClient: Job complete: job_201402140954_0038
14/02/19 11:27:32 INFO mapred.JobClient: Counters: 6
14/02/19 11:27:32 INFO mapred.JobClient:   Job Counters 
14/02/19 11:27:32 INFO mapred.JobClient:     SLOTS_MILLIS_MAPS=159683689
14/02/19 11:27:32 INFO mapred.JobClient:     Total time spent by all reduces waiting after reserving slots (ms)=0
14/02/19 11:27:32 INFO mapred.JobClient:     Total time spent by all maps waiting after reserving slots (ms)=0
14/02/19 11:27:32 INFO mapred.JobClient:     Launched map tasks=32
14/02/19 11:27:32 INFO mapred.JobClient:     SLOTS_MILLIS_REDUCES=0
14/02/19 11:27:32 INFO mapred.JobClient:     Failed map tasks=1
Total Execution Time: 7337 seconds
