Feb 12, 2014 5:21:46 PM edu.uci.ics.pregelix.core.driver.Driver installApplication
INFO: jar deployment finished 14227ms
Feb 12, 2014 5:21:46 PM edu.uci.ics.pregelix.core.driver.Driver runJobs
INFO: job started
Feb 12, 2014 5:21:49 PM org.apache.hadoop.mapreduce.lib.input.FileInputFormat listStatus
INFO: Total input paths to process : 37
Feb 12, 2014 5:21:49 PM org.apache.hadoop.util.NativeCodeLoader <clinit>
WARNING: Unable to load native-hadoop library for your platform... using builtin-java classes where applicable
Feb 12, 2014 5:21:49 PM org.apache.hadoop.io.compress.snappy.LoadSnappy <clinit>
WARNING: Snappy native library not loaded
Feb 12, 2014 5:21:49 PM edu.uci.ics.pregelix.core.jobgen.JobGen loadHDFSData
INFO: number of splits: 37
Feb 12, 2014 5:21:49 PM edu.uci.ics.pregelix.core.jobgen.JobGen loadHDFSData
INFO: hdfs://sensorium-1:31888/webmap005x/part-0:0+303232789
Feb 12, 2014 5:21:49 PM edu.uci.ics.pregelix.core.jobgen.JobGen loadHDFSData
INFO: hdfs://sensorium-1:31888/webmap005x/part-1:0+303539176
Feb 12, 2014 5:21:49 PM edu.uci.ics.pregelix.core.jobgen.JobGen loadHDFSData
INFO: hdfs://sensorium-1:31888/webmap005x/part-10:0+303090775
Feb 12, 2014 5:21:49 PM edu.uci.ics.pregelix.core.jobgen.JobGen loadHDFSData
INFO: hdfs://sensorium-1:31888/webmap005x/part-11:0+302998783
Feb 12, 2014 5:21:49 PM edu.uci.ics.pregelix.core.jobgen.JobGen loadHDFSData
INFO: hdfs://sensorium-1:31888/webmap005x/part-12:0+303448602
Feb 12, 2014 5:21:49 PM edu.uci.ics.pregelix.core.jobgen.JobGen loadHDFSData
INFO: hdfs://sensorium-1:31888/webmap005x/part-13:0+303340393
Feb 12, 2014 5:21:49 PM edu.uci.ics.pregelix.core.jobgen.JobGen loadHDFSData
INFO: hdfs://sensorium-1:31888/webmap005x/part-14:0+303007059
Feb 12, 2014 5:21:49 PM edu.uci.ics.pregelix.core.jobgen.JobGen loadHDFSData
INFO: hdfs://sensorium-1:31888/webmap005x/part-15:0+303874442
Feb 12, 2014 5:21:49 PM edu.uci.ics.pregelix.core.jobgen.JobGen loadHDFSData
INFO: hdfs://sensorium-1:31888/webmap005x/part-16:0+303116335
Feb 12, 2014 5:21:49 PM edu.uci.ics.pregelix.core.jobgen.JobGen loadHDFSData
INFO: hdfs://sensorium-1:31888/webmap005x/part-17:0+303707113
Feb 12, 2014 5:21:49 PM edu.uci.ics.pregelix.core.jobgen.JobGen loadHDFSData
INFO: hdfs://sensorium-1:31888/webmap005x/part-18:0+303290646
Feb 12, 2014 5:21:49 PM edu.uci.ics.pregelix.core.jobgen.JobGen loadHDFSData
INFO: hdfs://sensorium-1:31888/webmap005x/part-19:0+303652394
Feb 12, 2014 5:21:49 PM edu.uci.ics.pregelix.core.jobgen.JobGen loadHDFSData
INFO: hdfs://sensorium-1:31888/webmap005x/part-2:0+303647196
Feb 12, 2014 5:21:49 PM edu.uci.ics.pregelix.core.jobgen.JobGen loadHDFSData
INFO: hdfs://sensorium-1:31888/webmap005x/part-20:0+303005066
Feb 12, 2014 5:21:49 PM edu.uci.ics.pregelix.core.jobgen.JobGen loadHDFSData
INFO: hdfs://sensorium-1:31888/webmap005x/part-21:0+302803866
Feb 12, 2014 5:21:49 PM edu.uci.ics.pregelix.core.jobgen.JobGen loadHDFSData
INFO: hdfs://sensorium-1:31888/webmap005x/part-22:0+302851279
Feb 12, 2014 5:21:49 PM edu.uci.ics.pregelix.core.jobgen.JobGen loadHDFSData
INFO: hdfs://sensorium-1:31888/webmap005x/part-23:0+303312415
Feb 12, 2014 5:21:49 PM edu.uci.ics.pregelix.core.jobgen.JobGen loadHDFSData
INFO: hdfs://sensorium-1:31888/webmap005x/part-24:0+302838075
Feb 12, 2014 5:21:49 PM edu.uci.ics.pregelix.core.jobgen.JobGen loadHDFSData
INFO: hdfs://sensorium-1:31888/webmap005x/part-25:0+303161217
Feb 12, 2014 5:21:49 PM edu.uci.ics.pregelix.core.jobgen.JobGen loadHDFSData
INFO: hdfs://sensorium-1:31888/webmap005x/part-26:0+302839288
Feb 12, 2014 5:21:49 PM edu.uci.ics.pregelix.core.jobgen.JobGen loadHDFSData
INFO: hdfs://sensorium-1:31888/webmap005x/part-27:0+303690912
Feb 12, 2014 5:21:49 PM edu.uci.ics.pregelix.core.jobgen.JobGen loadHDFSData
INFO: hdfs://sensorium-1:31888/webmap005x/part-28:0+303084570
Feb 12, 2014 5:21:49 PM edu.uci.ics.pregelix.core.jobgen.JobGen loadHDFSData
INFO: hdfs://sensorium-1:31888/webmap005x/part-29:0+303462758
Feb 12, 2014 5:21:49 PM edu.uci.ics.pregelix.core.jobgen.JobGen loadHDFSData
INFO: hdfs://sensorium-1:31888/webmap005x/part-3:0+303783743
Feb 12, 2014 5:21:49 PM edu.uci.ics.pregelix.core.jobgen.JobGen loadHDFSData
INFO: hdfs://sensorium-1:31888/webmap005x/part-30:0+303719393
Feb 12, 2014 5:21:49 PM edu.uci.ics.pregelix.core.jobgen.JobGen loadHDFSData
INFO: hdfs://sensorium-1:31888/webmap005x/part-31:0+303501355
Feb 12, 2014 5:21:49 PM edu.uci.ics.pregelix.core.jobgen.JobGen loadHDFSData
INFO: hdfs://sensorium-1:31888/webmap005x/part-32:0+303383275
Feb 12, 2014 5:21:49 PM edu.uci.ics.pregelix.core.jobgen.JobGen loadHDFSData
INFO: hdfs://sensorium-1:31888/webmap005x/part-33:0+303200775
Feb 12, 2014 5:21:49 PM edu.uci.ics.pregelix.core.jobgen.JobGen loadHDFSData
INFO: hdfs://sensorium-1:31888/webmap005x/part-34:0+303481831
Feb 12, 2014 5:21:49 PM edu.uci.ics.pregelix.core.jobgen.JobGen loadHDFSData
INFO: hdfs://sensorium-1:31888/webmap005x/part-35:0+303231717
Feb 12, 2014 5:21:49 PM edu.uci.ics.pregelix.core.jobgen.JobGen loadHDFSData
INFO: hdfs://sensorium-1:31888/webmap005x/part-36:0+303132155
Feb 12, 2014 5:21:49 PM edu.uci.ics.pregelix.core.jobgen.JobGen loadHDFSData
INFO: hdfs://sensorium-1:31888/webmap005x/part-4:0+303530270
Feb 12, 2014 5:21:49 PM edu.uci.ics.pregelix.core.jobgen.JobGen loadHDFSData
INFO: hdfs://sensorium-1:31888/webmap005x/part-5:0+303812076
Feb 12, 2014 5:21:49 PM edu.uci.ics.pregelix.core.jobgen.JobGen loadHDFSData
INFO: hdfs://sensorium-1:31888/webmap005x/part-6:0+303554563
Feb 12, 2014 5:21:49 PM edu.uci.ics.pregelix.core.jobgen.JobGen loadHDFSData
INFO: hdfs://sensorium-1:31888/webmap005x/part-7:0+303540585
Feb 12, 2014 5:21:49 PM edu.uci.ics.pregelix.core.jobgen.JobGen loadHDFSData
INFO: hdfs://sensorium-1:31888/webmap005x/part-8:0+303462255
Feb 12, 2014 5:21:49 PM edu.uci.ics.pregelix.core.jobgen.JobGen loadHDFSData
INFO: hdfs://sensorium-1:31888/webmap005x/part-9:0+302925238
Feb 12, 2014 5:21:49 PM edu.uci.ics.hyracks.hdfs.scheduler.Scheduler getLocationConstraints
INFO: Data local rate: 0.8918918967247009
Feb 12, 2014 5:22:46 PM edu.uci.ics.pregelix.core.driver.Driver loadData
INFO: data loading finished 58472ms
Feb 12, 2014 5:24:45 PM edu.uci.ics.pregelix.core.driver.Driver runLoopBody
INFO: PageRankVertex: iteration 1 finished 119616ms
Feb 12, 2014 5:27:28 PM edu.uci.ics.pregelix.core.driver.Driver runLoopBody
INFO: PageRankVertex: iteration 2 finished 130477ms
Feb 12, 2014 5:29:44 PM edu.uci.ics.pregelix.core.driver.Driver runLoopBody
INFO: PageRankVertex: iteration 3 finished 104434ms
Feb 12, 2014 5:31:24 PM edu.uci.ics.pregelix.core.driver.Driver runLoopBody
INFO: PageRankVertex: iteration 4 finished 99986ms
Feb 12, 2014 5:31:37 PM edu.uci.ics.pregelix.core.driver.Driver runLoopBody
INFO: PageRankVertex: iteration 5 finished 13234ms
Feb 12, 2014 5:32:20 PM edu.uci.ics.pregelix.core.driver.Driver finishJobs
INFO: result writing finished 41393ms
Feb 12, 2014 5:32:21 PM edu.uci.ics.pregelix.core.driver.Driver runJobs
INFO: job finished
Feb 12, 2014 5:32:21 PM edu.uci.ics.pregelix.core.driver.Driver runJobs
INFO: performance counters
	total vertice: 81126671
	total edges: 1269013366
	num-processors: 2
	system-load-averages: 1
	heap-used-sizes: 971791242
	disk-reads: 29676544
	disk-writes: 4497282048
	net-payload-bytes-read: 2401900944
	net-payload-bytes-written: 2401900944

Total Execution Time: 667 seconds
