Warning: $HADOOP_HOME is deprecated.

Deleted hdfs://sensorium-1:31888/tmp/ccoutput
Warning: $HADOOP_HOME is deprecated.

14/03/06 06:28:28 INFO utils.ConfigurationUtils: No edge input format specified. Ensure your InputFormat does not require one.
14/03/06 06:28:28 INFO utils.ConfigurationUtils: No edge output format specified. Ensure your OutputFormat does not require one.
14/03/06 06:28:28 INFO utils.ConfigurationUtils: Setting custom argument [giraph.useOutOfCoreGraph] to [false] in GiraphConfiguration
14/03/06 06:28:28 INFO utils.ConfigurationUtils: Setting custom argument [giraph.useOutOfCoreMessages] to [false] in GiraphConfiguration
14/03/06 06:28:28 INFO utils.ConfigurationUtils: Setting custom argument [giraph.partitionsDirectory] to [/scratch/yingyib/giraph] in GiraphConfiguration
14/03/06 06:28:29 INFO job.GiraphJob: run: Since checkpointing is disabled (default), do not allow any task retries (setting mapred.map.max.attempts = 0, old value = 4)
14/03/06 06:28:36 INFO job.GiraphJob: run: Tracking URL: http://sensorium-1:47040/jobdetails.jsp?jobid=job_201402140954_0157
14/03/06 06:29:19 INFO job.HaltApplicationUtils$DefaultHaltInstructionsWriter: writeHaltInstructions: To halt after next superstep execute: 'bin/halt-application --zkServer sensorium-48.ics.uci.edu:22181 --zkNode /_hadoopBsp/job_201402140954_0157/_haltComputation'
14/03/06 06:29:19 INFO mapred.JobClient: Running job: job_201402140954_0157
14/03/06 06:29:20 INFO mapred.JobClient:  map 50% reduce 0%
14/03/06 06:29:24 INFO mapred.JobClient:  map 56% reduce 0%
14/03/06 06:29:25 INFO mapred.JobClient:  map 62% reduce 0%
14/03/06 06:29:27 INFO mapred.JobClient:  map 75% reduce 0%
14/03/06 06:29:30 INFO mapred.JobClient:  map 81% reduce 0%
14/03/06 06:29:31 INFO mapred.JobClient:  map 87% reduce 0%
14/03/06 06:29:34 INFO mapred.JobClient:  map 93% reduce 0%
14/03/06 06:29:40 INFO mapred.JobClient:  map 100% reduce 0%
14/03/06 06:30:52 INFO mapred.JobClient: Job complete: job_201402140954_0157
14/03/06 06:30:52 INFO mapred.JobClient: Counters: 5
14/03/06 06:30:52 INFO mapred.JobClient:   Job Counters 
14/03/06 06:30:52 INFO mapred.JobClient:     SLOTS_MILLIS_MAPS=1535437
14/03/06 06:30:52 INFO mapred.JobClient:     Total time spent by all reduces waiting after reserving slots (ms)=0
14/03/06 06:30:52 INFO mapred.JobClient:     Total time spent by all maps waiting after reserving slots (ms)=0
14/03/06 06:30:52 INFO mapred.JobClient:     Launched map tasks=16
14/03/06 06:30:52 INFO mapred.JobClient:     SLOTS_MILLIS_REDUCES=0
Total Execution Time: 152 seconds
