Warning: $HADOOP_HOME is deprecated.

Deleted hdfs://sensorium-1:31888/tmp/ccoutput
Warning: $HADOOP_HOME is deprecated.

14/03/06 10:44:05 INFO utils.ConfigurationUtils: No edge input format specified. Ensure your InputFormat does not require one.
14/03/06 10:44:05 INFO utils.ConfigurationUtils: No edge output format specified. Ensure your OutputFormat does not require one.
14/03/06 10:44:05 INFO utils.ConfigurationUtils: Setting custom argument [giraph.useOutOfCoreGraph] to [false] in GiraphConfiguration
14/03/06 10:44:05 INFO utils.ConfigurationUtils: Setting custom argument [giraph.useOutOfCoreMessages] to [true] in GiraphConfiguration
14/03/06 10:44:05 INFO utils.ConfigurationUtils: Setting custom argument [giraph.partitionsDirectory] to [/scratch/yingyib/giraph] in GiraphConfiguration
14/03/06 10:44:05 INFO job.GiraphJob: run: Since checkpointing is disabled (default), do not allow any task retries (setting mapred.map.max.attempts = 0, old value = 4)
14/03/06 10:44:19 INFO job.GiraphJob: run: Tracking URL: http://sensorium-1:47040/jobdetails.jsp?jobid=job_201402140954_0162
14/03/06 10:45:13 INFO job.HaltApplicationUtils$DefaultHaltInstructionsWriter: writeHaltInstructions: To halt after next superstep execute: 'bin/halt-application --zkServer sensorium-64.ics.uci.edu:22181 --zkNode /_hadoopBsp/job_201402140954_0162/_haltComputation'
14/03/06 10:45:13 INFO mapred.JobClient: Running job: job_201402140954_0162
14/03/06 10:45:14 INFO mapred.JobClient:  map 25% reduce 0%
14/03/06 10:45:15 INFO mapred.JobClient:  map 62% reduce 0%
14/03/06 10:45:16 INFO mapred.JobClient:  map 81% reduce 0%
14/03/06 10:45:17 INFO mapred.JobClient:  map 93% reduce 0%
14/03/06 10:45:22 INFO mapred.JobClient:  map 100% reduce 0%
14/03/06 11:04:01 INFO mapred.JobClient:  map 93% reduce 0%
14/03/06 11:08:30 INFO mapred.JobClient:  map 87% reduce 0%
14/03/06 11:09:53 INFO mapred.JobClient:  map 81% reduce 0%
14/03/06 11:13:35 INFO mapred.JobClient:  map 75% reduce 0%
14/03/06 11:25:05 INFO mapred.JobClient:  map 68% reduce 0%
14/03/06 11:27:02 INFO mapred.JobClient:  map 62% reduce 0%
14/03/06 12:41:24 INFO mapred.JobClient:  map 56% reduce 0%
14/03/06 12:42:06 INFO mapred.JobClient: Job complete: job_201402140954_0162
14/03/06 12:42:06 INFO mapred.JobClient: Counters: 6
14/03/06 12:42:06 INFO mapred.JobClient:   Job Counters 
14/03/06 12:42:06 INFO mapred.JobClient:     SLOTS_MILLIS_MAPS=69894234
14/03/06 12:42:06 INFO mapred.JobClient:     Total time spent by all reduces waiting after reserving slots (ms)=0
14/03/06 12:42:06 INFO mapred.JobClient:     Total time spent by all maps waiting after reserving slots (ms)=0
14/03/06 12:42:06 INFO mapred.JobClient:     Launched map tasks=16
14/03/06 12:42:06 INFO mapred.JobClient:     SLOTS_MILLIS_REDUCES=0
14/03/06 12:42:06 INFO mapred.JobClient:     Failed map tasks=1
Total Execution Time: 7099 seconds
