Mar 15, 2014 10:53:42 PM edu.uci.ics.pregelix.core.driver.Driver installApplication
INFO: jar deployment finished 18650ms
Mar 15, 2014 10:53:42 PM edu.uci.ics.pregelix.core.driver.Driver runJobs
INFO: job started
Mar 15, 2014 10:53:44 PM org.apache.hadoop.mapreduce.lib.input.FileInputFormat listStatus
INFO: Total input paths to process : 2
Mar 15, 2014 10:53:44 PM org.apache.hadoop.util.NativeCodeLoader <clinit>
WARNING: Unable to load native-hadoop library for your platform... using builtin-java classes where applicable
Mar 15, 2014 10:53:44 PM org.apache.hadoop.io.compress.snappy.LoadSnappy <clinit>
WARNING: Snappy native library not loaded
Mar 15, 2014 10:53:44 PM edu.uci.ics.pregelix.core.jobgen.JobGen loadHDFSData
INFO: number of splits: 134
Mar 15, 2014 10:53:44 PM edu.uci.ics.pregelix.core.jobgen.JobGen loadHDFSData
INFO: hdfs://sensorium-1:31888/webmap/ydata-yaltavista-webmap-v1_0_links-1.txt:0+536870912
Mar 15, 2014 10:53:44 PM edu.uci.ics.pregelix.core.jobgen.JobGen loadHDFSData
INFO: hdfs://sensorium-1:31888/webmap/ydata-yaltavista-webmap-v1_0_links-1.txt:536870912+536870912
Mar 15, 2014 10:53:44 PM edu.uci.ics.pregelix.core.jobgen.JobGen loadHDFSData
INFO: hdfs://sensorium-1:31888/webmap/ydata-yaltavista-webmap-v1_0_links-1.txt:1073741824+536870912
Mar 15, 2014 10:53:44 PM edu.uci.ics.pregelix.core.jobgen.JobGen loadHDFSData
INFO: hdfs://sensorium-1:31888/webmap/ydata-yaltavista-webmap-v1_0_links-1.txt:1610612736+536870912
Mar 15, 2014 10:53:44 PM edu.uci.ics.pregelix.core.jobgen.JobGen loadHDFSData
INFO: hdfs://sensorium-1:31888/webmap/ydata-yaltavista-webmap-v1_0_links-1.txt:2147483648+536870912
Mar 15, 2014 10:53:44 PM edu.uci.ics.pregelix.core.jobgen.JobGen loadHDFSData
INFO: hdfs://sensorium-1:31888/webmap/ydata-yaltavista-webmap-v1_0_links-1.txt:2684354560+536870912
Mar 15, 2014 10:53:44 PM edu.uci.ics.pregelix.core.jobgen.JobGen loadHDFSData
INFO: hdfs://sensorium-1:31888/webmap/ydata-yaltavista-webmap-v1_0_links-1.txt:3221225472+536870912
Mar 15, 2014 10:53:44 PM edu.uci.ics.pregelix.core.jobgen.JobGen loadHDFSData
INFO: hdfs://sensorium-1:31888/webmap/ydata-yaltavista-webmap-v1_0_links-1.txt:3758096384+536870912
Mar 15, 2014 10:53:44 PM edu.uci.ics.pregelix.core.jobgen.JobGen loadHDFSData
INFO: hdfs://sensorium-1:31888/webmap/ydata-yaltavista-webmap-v1_0_links-1.txt:4294967296+536870912
Mar 15, 2014 10:53:44 PM edu.uci.ics.pregelix.core.jobgen.JobGen loadHDFSData
INFO: hdfs://sensorium-1:31888/webmap/ydata-yaltavista-webmap-v1_0_links-1.txt:4831838208+536870912
Mar 15, 2014 10:53:44 PM edu.uci.ics.pregelix.core.jobgen.JobGen loadHDFSData
INFO: hdfs://sensorium-1:31888/webmap/ydata-yaltavista-webmap-v1_0_links-1.txt:5368709120+536870912
Mar 15, 2014 10:53:44 PM edu.uci.ics.pregelix.core.jobgen.JobGen loadHDFSData
INFO: hdfs://sensorium-1:31888/webmap/ydata-yaltavista-webmap-v1_0_links-1.txt:5905580032+536870912
Mar 15, 2014 10:53:44 PM edu.uci.ics.pregelix.core.jobgen.JobGen loadHDFSData
INFO: hdfs://sensorium-1:31888/webmap/ydata-yaltavista-webmap-v1_0_links-1.txt:6442450944+536870912
Mar 15, 2014 10:53:44 PM edu.uci.ics.pregelix.core.jobgen.JobGen loadHDFSData
INFO: hdfs://sensorium-1:31888/webmap/ydata-yaltavista-webmap-v1_0_links-1.txt:6979321856+536870912
Mar 15, 2014 10:53:44 PM edu.uci.ics.pregelix.core.jobgen.JobGen loadHDFSData
INFO: hdfs://sensorium-1:31888/webmap/ydata-yaltavista-webmap-v1_0_links-1.txt:7516192768+536870912
Mar 15, 2014 10:53:44 PM edu.uci.ics.pregelix.core.jobgen.JobGen loadHDFSData
INFO: hdfs://sensorium-1:31888/webmap/ydata-yaltavista-webmap-v1_0_links-1.txt:8053063680+536870912
Mar 15, 2014 10:53:44 PM edu.uci.ics.pregelix.core.jobgen.JobGen loadHDFSData
INFO: hdfs://sensorium-1:31888/webmap/ydata-yaltavista-webmap-v1_0_links-1.txt:8589934592+536870912
Mar 15, 2014 10:53:44 PM edu.uci.ics.pregelix.core.jobgen.JobGen loadHDFSData
INFO: hdfs://sensorium-1:31888/webmap/ydata-yaltavista-webmap-v1_0_links-1.txt:9126805504+536870912
Mar 15, 2014 10:53:44 PM edu.uci.ics.pregelix.core.jobgen.JobGen loadHDFSData
INFO: hdfs://sensorium-1:31888/webmap/ydata-yaltavista-webmap-v1_0_links-1.txt:9663676416+536870912
Mar 15, 2014 10:53:44 PM edu.uci.ics.pregelix.core.jobgen.JobGen loadHDFSData
INFO: hdfs://sensorium-1:31888/webmap/ydata-yaltavista-webmap-v1_0_links-1.txt:10200547328+536870912
Mar 15, 2014 10:53:44 PM edu.uci.ics.pregelix.core.jobgen.JobGen loadHDFSData
INFO: hdfs://sensorium-1:31888/webmap/ydata-yaltavista-webmap-v1_0_links-1.txt:10737418240+536870912
Mar 15, 2014 10:53:44 PM edu.uci.ics.pregelix.core.jobgen.JobGen loadHDFSData
INFO: hdfs://sensorium-1:31888/webmap/ydata-yaltavista-webmap-v1_0_links-1.txt:11274289152+536870912
Mar 15, 2014 10:53:44 PM edu.uci.ics.pregelix.core.jobgen.JobGen loadHDFSData
INFO: hdfs://sensorium-1:31888/webmap/ydata-yaltavista-webmap-v1_0_links-1.txt:11811160064+536870912
Mar 15, 2014 10:53:44 PM edu.uci.ics.pregelix.core.jobgen.JobGen loadHDFSData
INFO: hdfs://sensorium-1:31888/webmap/ydata-yaltavista-webmap-v1_0_links-1.txt:12348030976+536870912
Mar 15, 2014 10:53:44 PM edu.uci.ics.pregelix.core.jobgen.JobGen loadHDFSData
INFO: hdfs://sensorium-1:31888/webmap/ydata-yaltavista-webmap-v1_0_links-1.txt:12884901888+536870912
Mar 15, 2014 10:53:44 PM edu.uci.ics.pregelix.core.jobgen.JobGen loadHDFSData
INFO: hdfs://sensorium-1:31888/webmap/ydata-yaltavista-webmap-v1_0_links-1.txt:13421772800+536870912
Mar 15, 2014 10:53:44 PM edu.uci.ics.pregelix.core.jobgen.JobGen loadHDFSData
INFO: hdfs://sensorium-1:31888/webmap/ydata-yaltavista-webmap-v1_0_links-1.txt:13958643712+536870912
Mar 15, 2014 10:53:44 PM edu.uci.ics.pregelix.core.jobgen.JobGen loadHDFSData
INFO: hdfs://sensorium-1:31888/webmap/ydata-yaltavista-webmap-v1_0_links-1.txt:14495514624+536870912
Mar 15, 2014 10:53:44 PM edu.uci.ics.pregelix.core.jobgen.JobGen loadHDFSData
INFO: hdfs://sensorium-1:31888/webmap/ydata-yaltavista-webmap-v1_0_links-1.txt:15032385536+536870912
Mar 15, 2014 10:53:44 PM edu.uci.ics.pregelix.core.jobgen.JobGen loadHDFSData
INFO: hdfs://sensorium-1:31888/webmap/ydata-yaltavista-webmap-v1_0_links-1.txt:15569256448+536870912
Mar 15, 2014 10:53:44 PM edu.uci.ics.pregelix.core.jobgen.JobGen loadHDFSData
INFO: hdfs://sensorium-1:31888/webmap/ydata-yaltavista-webmap-v1_0_links-1.txt:16106127360+536870912
Mar 15, 2014 10:53:44 PM edu.uci.ics.pregelix.core.jobgen.JobGen loadHDFSData
INFO: hdfs://sensorium-1:31888/webmap/ydata-yaltavista-webmap-v1_0_links-1.txt:16642998272+536870912
Mar 15, 2014 10:53:44 PM edu.uci.ics.pregelix.core.jobgen.JobGen loadHDFSData
INFO: hdfs://sensorium-1:31888/webmap/ydata-yaltavista-webmap-v1_0_links-1.txt:17179869184+536870912
Mar 15, 2014 10:53:44 PM edu.uci.ics.pregelix.core.jobgen.JobGen loadHDFSData
INFO: hdfs://sensorium-1:31888/webmap/ydata-yaltavista-webmap-v1_0_links-1.txt:17716740096+536870912
Mar 15, 2014 10:53:44 PM edu.uci.ics.pregelix.core.jobgen.JobGen loadHDFSData
INFO: hdfs://sensorium-1:31888/webmap/ydata-yaltavista-webmap-v1_0_links-1.txt:18253611008+536870912
Mar 15, 2014 10:53:44 PM edu.uci.ics.pregelix.core.jobgen.JobGen loadHDFSData
INFO: hdfs://sensorium-1:31888/webmap/ydata-yaltavista-webmap-v1_0_links-1.txt:18790481920+536870912
Mar 15, 2014 10:53:44 PM edu.uci.ics.pregelix.core.jobgen.JobGen loadHDFSData
INFO: hdfs://sensorium-1:31888/webmap/ydata-yaltavista-webmap-v1_0_links-1.txt:19327352832+536870912
Mar 15, 2014 10:53:44 PM edu.uci.ics.pregelix.core.jobgen.JobGen loadHDFSData
INFO: hdfs://sensorium-1:31888/webmap/ydata-yaltavista-webmap-v1_0_links-1.txt:19864223744+536870912
Mar 15, 2014 10:53:44 PM edu.uci.ics.pregelix.core.jobgen.JobGen loadHDFSData
INFO: hdfs://sensorium-1:31888/webmap/ydata-yaltavista-webmap-v1_0_links-1.txt:20401094656+536870912
Mar 15, 2014 10:53:44 PM edu.uci.ics.pregelix.core.jobgen.JobGen loadHDFSData
INFO: hdfs://sensorium-1:31888/webmap/ydata-yaltavista-webmap-v1_0_links-1.txt:20937965568+536870912
Mar 15, 2014 10:53:44 PM edu.uci.ics.pregelix.core.jobgen.JobGen loadHDFSData
INFO: hdfs://sensorium-1:31888/webmap/ydata-yaltavista-webmap-v1_0_links-1.txt:21474836480+536870912
Mar 15, 2014 10:53:44 PM edu.uci.ics.pregelix.core.jobgen.JobGen loadHDFSData
INFO: hdfs://sensorium-1:31888/webmap/ydata-yaltavista-webmap-v1_0_links-1.txt:22011707392+536870912
Mar 15, 2014 10:53:44 PM edu.uci.ics.pregelix.core.jobgen.JobGen loadHDFSData
INFO: hdfs://sensorium-1:31888/webmap/ydata-yaltavista-webmap-v1_0_links-1.txt:22548578304+536870912
Mar 15, 2014 10:53:44 PM edu.uci.ics.pregelix.core.jobgen.JobGen loadHDFSData
INFO: hdfs://sensorium-1:31888/webmap/ydata-yaltavista-webmap-v1_0_links-1.txt:23085449216+536870912
Mar 15, 2014 10:53:44 PM edu.uci.ics.pregelix.core.jobgen.JobGen loadHDFSData
INFO: hdfs://sensorium-1:31888/webmap/ydata-yaltavista-webmap-v1_0_links-1.txt:23622320128+536870912
Mar 15, 2014 10:53:44 PM edu.uci.ics.pregelix.core.jobgen.JobGen loadHDFSData
INFO: hdfs://sensorium-1:31888/webmap/ydata-yaltavista-webmap-v1_0_links-1.txt:24159191040+536870912
Mar 15, 2014 10:53:44 PM edu.uci.ics.pregelix.core.jobgen.JobGen loadHDFSData
INFO: hdfs://sensorium-1:31888/webmap/ydata-yaltavista-webmap-v1_0_links-1.txt:24696061952+536870912
Mar 15, 2014 10:53:44 PM edu.uci.ics.pregelix.core.jobgen.JobGen loadHDFSData
INFO: hdfs://sensorium-1:31888/webmap/ydata-yaltavista-webmap-v1_0_links-1.txt:25232932864+536870912
Mar 15, 2014 10:53:44 PM edu.uci.ics.pregelix.core.jobgen.JobGen loadHDFSData
INFO: hdfs://sensorium-1:31888/webmap/ydata-yaltavista-webmap-v1_0_links-1.txt:25769803776+536870912
Mar 15, 2014 10:53:44 PM edu.uci.ics.pregelix.core.jobgen.JobGen loadHDFSData
INFO: hdfs://sensorium-1:31888/webmap/ydata-yaltavista-webmap-v1_0_links-1.txt:26306674688+536870912
Mar 15, 2014 10:53:44 PM edu.uci.ics.pregelix.core.jobgen.JobGen loadHDFSData
INFO: hdfs://sensorium-1:31888/webmap/ydata-yaltavista-webmap-v1_0_links-1.txt:26843545600+536870912
Mar 15, 2014 10:53:44 PM edu.uci.ics.pregelix.core.jobgen.JobGen loadHDFSData
INFO: hdfs://sensorium-1:31888/webmap/ydata-yaltavista-webmap-v1_0_links-1.txt:27380416512+536870912
Mar 15, 2014 10:53:44 PM edu.uci.ics.pregelix.core.jobgen.JobGen loadHDFSData
INFO: hdfs://sensorium-1:31888/webmap/ydata-yaltavista-webmap-v1_0_links-1.txt:27917287424+536870912
Mar 15, 2014 10:53:44 PM edu.uci.ics.pregelix.core.jobgen.JobGen loadHDFSData
INFO: hdfs://sensorium-1:31888/webmap/ydata-yaltavista-webmap-v1_0_links-1.txt:28454158336+536870912
Mar 15, 2014 10:53:44 PM edu.uci.ics.pregelix.core.jobgen.JobGen loadHDFSData
INFO: hdfs://sensorium-1:31888/webmap/ydata-yaltavista-webmap-v1_0_links-1.txt:28991029248+536870912
Mar 15, 2014 10:53:44 PM edu.uci.ics.pregelix.core.jobgen.JobGen loadHDFSData
INFO: hdfs://sensorium-1:31888/webmap/ydata-yaltavista-webmap-v1_0_links-1.txt:29527900160+536870912
Mar 15, 2014 10:53:44 PM edu.uci.ics.pregelix.core.jobgen.JobGen loadHDFSData
INFO: hdfs://sensorium-1:31888/webmap/ydata-yaltavista-webmap-v1_0_links-1.txt:30064771072+536870912
Mar 15, 2014 10:53:44 PM edu.uci.ics.pregelix.core.jobgen.JobGen loadHDFSData
INFO: hdfs://sensorium-1:31888/webmap/ydata-yaltavista-webmap-v1_0_links-1.txt:30601641984+536870912
Mar 15, 2014 10:53:44 PM edu.uci.ics.pregelix.core.jobgen.JobGen loadHDFSData
INFO: hdfs://sensorium-1:31888/webmap/ydata-yaltavista-webmap-v1_0_links-1.txt:31138512896+536870912
Mar 15, 2014 10:53:44 PM edu.uci.ics.pregelix.core.jobgen.JobGen loadHDFSData
INFO: hdfs://sensorium-1:31888/webmap/ydata-yaltavista-webmap-v1_0_links-1.txt:31675383808+536870912
Mar 15, 2014 10:53:44 PM edu.uci.ics.pregelix.core.jobgen.JobGen loadHDFSData
INFO: hdfs://sensorium-1:31888/webmap/ydata-yaltavista-webmap-v1_0_links-1.txt:32212254720+536870912
Mar 15, 2014 10:53:44 PM edu.uci.ics.pregelix.core.jobgen.JobGen loadHDFSData
INFO: hdfs://sensorium-1:31888/webmap/ydata-yaltavista-webmap-v1_0_links-1.txt:32749125632+536870912
Mar 15, 2014 10:53:44 PM edu.uci.ics.pregelix.core.jobgen.JobGen loadHDFSData
INFO: hdfs://sensorium-1:31888/webmap/ydata-yaltavista-webmap-v1_0_links-1.txt:33285996544+536870912
Mar 15, 2014 10:53:44 PM edu.uci.ics.pregelix.core.jobgen.JobGen loadHDFSData
INFO: hdfs://sensorium-1:31888/webmap/ydata-yaltavista-webmap-v1_0_links-1.txt:33822867456+536870912
Mar 15, 2014 10:53:44 PM edu.uci.ics.pregelix.core.jobgen.JobGen loadHDFSData
INFO: hdfs://sensorium-1:31888/webmap/ydata-yaltavista-webmap-v1_0_links-1.txt:34359738368+536870912
Mar 15, 2014 10:53:44 PM edu.uci.ics.pregelix.core.jobgen.JobGen loadHDFSData
INFO: hdfs://sensorium-1:31888/webmap/ydata-yaltavista-webmap-v1_0_links-1.txt:34896609280+536870912
Mar 15, 2014 10:53:44 PM edu.uci.ics.pregelix.core.jobgen.JobGen loadHDFSData
INFO: hdfs://sensorium-1:31888/webmap/ydata-yaltavista-webmap-v1_0_links-1.txt:35433480192+536870912
Mar 15, 2014 10:53:44 PM edu.uci.ics.pregelix.core.jobgen.JobGen loadHDFSData
INFO: hdfs://sensorium-1:31888/webmap/ydata-yaltavista-webmap-v1_0_links-1.txt:35970351104+536870912
Mar 15, 2014 10:53:44 PM edu.uci.ics.pregelix.core.jobgen.JobGen loadHDFSData
INFO: hdfs://sensorium-1:31888/webmap/ydata-yaltavista-webmap-v1_0_links-1.txt:36507222016+536870912
Mar 15, 2014 10:53:44 PM edu.uci.ics.pregelix.core.jobgen.JobGen loadHDFSData
INFO: hdfs://sensorium-1:31888/webmap/ydata-yaltavista-webmap-v1_0_links-1.txt:37044092928+536870912
Mar 15, 2014 10:53:44 PM edu.uci.ics.pregelix.core.jobgen.JobGen loadHDFSData
INFO: hdfs://sensorium-1:31888/webmap/ydata-yaltavista-webmap-v1_0_links-1.txt:37580963840+536870912
Mar 15, 2014 10:53:44 PM edu.uci.ics.pregelix.core.jobgen.JobGen loadHDFSData
INFO: hdfs://sensorium-1:31888/webmap/ydata-yaltavista-webmap-v1_0_links-1.txt:38117834752+536870912
Mar 15, 2014 10:53:44 PM edu.uci.ics.pregelix.core.jobgen.JobGen loadHDFSData
INFO: hdfs://sensorium-1:31888/webmap/ydata-yaltavista-webmap-v1_0_links-1.txt:38654705664+536870912
Mar 15, 2014 10:53:44 PM edu.uci.ics.pregelix.core.jobgen.JobGen loadHDFSData
INFO: hdfs://sensorium-1:31888/webmap/ydata-yaltavista-webmap-v1_0_links-1.txt:39191576576+536870912
Mar 15, 2014 10:53:44 PM edu.uci.ics.pregelix.core.jobgen.JobGen loadHDFSData
INFO: hdfs://sensorium-1:31888/webmap/ydata-yaltavista-webmap-v1_0_links-1.txt:39728447488+536870912
Mar 15, 2014 10:53:44 PM edu.uci.ics.pregelix.core.jobgen.JobGen loadHDFSData
INFO: hdfs://sensorium-1:31888/webmap/ydata-yaltavista-webmap-v1_0_links-1.txt:40265318400+536870912
Mar 15, 2014 10:53:44 PM edu.uci.ics.pregelix.core.jobgen.JobGen loadHDFSData
INFO: hdfs://sensorium-1:31888/webmap/ydata-yaltavista-webmap-v1_0_links-1.txt:40802189312+536870912
Mar 15, 2014 10:53:44 PM edu.uci.ics.pregelix.core.jobgen.JobGen loadHDFSData
INFO: hdfs://sensorium-1:31888/webmap/ydata-yaltavista-webmap-v1_0_links-1.txt:41339060224+536870912
Mar 15, 2014 10:53:44 PM edu.uci.ics.pregelix.core.jobgen.JobGen loadHDFSData
INFO: hdfs://sensorium-1:31888/webmap/ydata-yaltavista-webmap-v1_0_links-1.txt:41875931136+536870912
Mar 15, 2014 10:53:44 PM edu.uci.ics.pregelix.core.jobgen.JobGen loadHDFSData
INFO: hdfs://sensorium-1:31888/webmap/ydata-yaltavista-webmap-v1_0_links-1.txt:42412802048+536870912
Mar 15, 2014 10:53:44 PM edu.uci.ics.pregelix.core.jobgen.JobGen loadHDFSData
INFO: hdfs://sensorium-1:31888/webmap/ydata-yaltavista-webmap-v1_0_links-1.txt:42949672960+536870912
Mar 15, 2014 10:53:44 PM edu.uci.ics.pregelix.core.jobgen.JobGen loadHDFSData
INFO: hdfs://sensorium-1:31888/webmap/ydata-yaltavista-webmap-v1_0_links-1.txt:43486543872+528734196
Mar 15, 2014 10:53:44 PM edu.uci.ics.pregelix.core.jobgen.JobGen loadHDFSData
INFO: hdfs://sensorium-1:31888/webmap/ydata-yaltavista-webmap-v1_0_links-2.txt:0+536870912
Mar 15, 2014 10:53:44 PM edu.uci.ics.pregelix.core.jobgen.JobGen loadHDFSData
INFO: hdfs://sensorium-1:31888/webmap/ydata-yaltavista-webmap-v1_0_links-2.txt:536870912+536870912
Mar 15, 2014 10:53:44 PM edu.uci.ics.pregelix.core.jobgen.JobGen loadHDFSData
INFO: hdfs://sensorium-1:31888/webmap/ydata-yaltavista-webmap-v1_0_links-2.txt:1073741824+536870912
Mar 15, 2014 10:53:44 PM edu.uci.ics.pregelix.core.jobgen.JobGen loadHDFSData
INFO: hdfs://sensorium-1:31888/webmap/ydata-yaltavista-webmap-v1_0_links-2.txt:1610612736+536870912
Mar 15, 2014 10:53:44 PM edu.uci.ics.pregelix.core.jobgen.JobGen loadHDFSData
INFO: hdfs://sensorium-1:31888/webmap/ydata-yaltavista-webmap-v1_0_links-2.txt:2147483648+536870912
Mar 15, 2014 10:53:44 PM edu.uci.ics.pregelix.core.jobgen.JobGen loadHDFSData
INFO: hdfs://sensorium-1:31888/webmap/ydata-yaltavista-webmap-v1_0_links-2.txt:2684354560+536870912
Mar 15, 2014 10:53:44 PM edu.uci.ics.pregelix.core.jobgen.JobGen loadHDFSData
INFO: hdfs://sensorium-1:31888/webmap/ydata-yaltavista-webmap-v1_0_links-2.txt:3221225472+536870912
Mar 15, 2014 10:53:44 PM edu.uci.ics.pregelix.core.jobgen.JobGen loadHDFSData
INFO: hdfs://sensorium-1:31888/webmap/ydata-yaltavista-webmap-v1_0_links-2.txt:3758096384+536870912
Mar 15, 2014 10:53:44 PM edu.uci.ics.pregelix.core.jobgen.JobGen loadHDFSData
INFO: hdfs://sensorium-1:31888/webmap/ydata-yaltavista-webmap-v1_0_links-2.txt:4294967296+536870912
Mar 15, 2014 10:53:44 PM edu.uci.ics.pregelix.core.jobgen.JobGen loadHDFSData
INFO: hdfs://sensorium-1:31888/webmap/ydata-yaltavista-webmap-v1_0_links-2.txt:4831838208+536870912
Mar 15, 2014 10:53:44 PM edu.uci.ics.pregelix.core.jobgen.JobGen loadHDFSData
INFO: hdfs://sensorium-1:31888/webmap/ydata-yaltavista-webmap-v1_0_links-2.txt:5368709120+536870912
Mar 15, 2014 10:53:44 PM edu.uci.ics.pregelix.core.jobgen.JobGen loadHDFSData
INFO: hdfs://sensorium-1:31888/webmap/ydata-yaltavista-webmap-v1_0_links-2.txt:5905580032+536870912
Mar 15, 2014 10:53:44 PM edu.uci.ics.pregelix.core.jobgen.JobGen loadHDFSData
INFO: hdfs://sensorium-1:31888/webmap/ydata-yaltavista-webmap-v1_0_links-2.txt:6442450944+536870912
Mar 15, 2014 10:53:44 PM edu.uci.ics.pregelix.core.jobgen.JobGen loadHDFSData
INFO: hdfs://sensorium-1:31888/webmap/ydata-yaltavista-webmap-v1_0_links-2.txt:6979321856+536870912
Mar 15, 2014 10:53:44 PM edu.uci.ics.pregelix.core.jobgen.JobGen loadHDFSData
INFO: hdfs://sensorium-1:31888/webmap/ydata-yaltavista-webmap-v1_0_links-2.txt:7516192768+536870912
Mar 15, 2014 10:53:44 PM edu.uci.ics.pregelix.core.jobgen.JobGen loadHDFSData
INFO: hdfs://sensorium-1:31888/webmap/ydata-yaltavista-webmap-v1_0_links-2.txt:8053063680+536870912
Mar 15, 2014 10:53:44 PM edu.uci.ics.pregelix.core.jobgen.JobGen loadHDFSData
INFO: hdfs://sensorium-1:31888/webmap/ydata-yaltavista-webmap-v1_0_links-2.txt:8589934592+536870912
Mar 15, 2014 10:53:44 PM edu.uci.ics.pregelix.core.jobgen.JobGen loadHDFSData
INFO: hdfs://sensorium-1:31888/webmap/ydata-yaltavista-webmap-v1_0_links-2.txt:9126805504+536870912
Mar 15, 2014 10:53:44 PM edu.uci.ics.pregelix.core.jobgen.JobGen loadHDFSData
INFO: hdfs://sensorium-1:31888/webmap/ydata-yaltavista-webmap-v1_0_links-2.txt:9663676416+536870912
Mar 15, 2014 10:53:44 PM edu.uci.ics.pregelix.core.jobgen.JobGen loadHDFSData
INFO: hdfs://sensorium-1:31888/webmap/ydata-yaltavista-webmap-v1_0_links-2.txt:10200547328+536870912
Mar 15, 2014 10:53:44 PM edu.uci.ics.pregelix.core.jobgen.JobGen loadHDFSData
INFO: hdfs://sensorium-1:31888/webmap/ydata-yaltavista-webmap-v1_0_links-2.txt:10737418240+536870912
Mar 15, 2014 10:53:44 PM edu.uci.ics.pregelix.core.jobgen.JobGen loadHDFSData
INFO: hdfs://sensorium-1:31888/webmap/ydata-yaltavista-webmap-v1_0_links-2.txt:11274289152+536870912
Mar 15, 2014 10:53:44 PM edu.uci.ics.pregelix.core.jobgen.JobGen loadHDFSData
INFO: hdfs://sensorium-1:31888/webmap/ydata-yaltavista-webmap-v1_0_links-2.txt:11811160064+536870912
Mar 15, 2014 10:53:44 PM edu.uci.ics.pregelix.core.jobgen.JobGen loadHDFSData
INFO: hdfs://sensorium-1:31888/webmap/ydata-yaltavista-webmap-v1_0_links-2.txt:12348030976+536870912
Mar 15, 2014 10:53:44 PM edu.uci.ics.pregelix.core.jobgen.JobGen loadHDFSData
INFO: hdfs://sensorium-1:31888/webmap/ydata-yaltavista-webmap-v1_0_links-2.txt:12884901888+536870912
Mar 15, 2014 10:53:44 PM edu.uci.ics.pregelix.core.jobgen.JobGen loadHDFSData
INFO: hdfs://sensorium-1:31888/webmap/ydata-yaltavista-webmap-v1_0_links-2.txt:13421772800+536870912
Mar 15, 2014 10:53:44 PM edu.uci.ics.pregelix.core.jobgen.JobGen loadHDFSData
INFO: hdfs://sensorium-1:31888/webmap/ydata-yaltavista-webmap-v1_0_links-2.txt:13958643712+536870912
Mar 15, 2014 10:53:44 PM edu.uci.ics.pregelix.core.jobgen.JobGen loadHDFSData
INFO: hdfs://sensorium-1:31888/webmap/ydata-yaltavista-webmap-v1_0_links-2.txt:14495514624+536870912
Mar 15, 2014 10:53:44 PM edu.uci.ics.pregelix.core.jobgen.JobGen loadHDFSData
INFO: hdfs://sensorium-1:31888/webmap/ydata-yaltavista-webmap-v1_0_links-2.txt:15032385536+536870912
Mar 15, 2014 10:53:44 PM edu.uci.ics.pregelix.core.jobgen.JobGen loadHDFSData
INFO: hdfs://sensorium-1:31888/webmap/ydata-yaltavista-webmap-v1_0_links-2.txt:15569256448+536870912
Mar 15, 2014 10:53:44 PM edu.uci.ics.pregelix.core.jobgen.JobGen loadHDFSData
INFO: hdfs://sensorium-1:31888/webmap/ydata-yaltavista-webmap-v1_0_links-2.txt:16106127360+536870912
Mar 15, 2014 10:53:44 PM edu.uci.ics.pregelix.core.jobgen.JobGen loadHDFSData
INFO: hdfs://sensorium-1:31888/webmap/ydata-yaltavista-webmap-v1_0_links-2.txt:16642998272+536870912
Mar 15, 2014 10:53:44 PM edu.uci.ics.pregelix.core.jobgen.JobGen loadHDFSData
INFO: hdfs://sensorium-1:31888/webmap/ydata-yaltavista-webmap-v1_0_links-2.txt:17179869184+536870912
Mar 15, 2014 10:53:44 PM edu.uci.ics.pregelix.core.jobgen.JobGen loadHDFSData
INFO: hdfs://sensorium-1:31888/webmap/ydata-yaltavista-webmap-v1_0_links-2.txt:17716740096+536870912
Mar 15, 2014 10:53:44 PM edu.uci.ics.pregelix.core.jobgen.JobGen loadHDFSData
INFO: hdfs://sensorium-1:31888/webmap/ydata-yaltavista-webmap-v1_0_links-2.txt:18253611008+536870912
Mar 15, 2014 10:53:44 PM edu.uci.ics.pregelix.core.jobgen.JobGen loadHDFSData
INFO: hdfs://sensorium-1:31888/webmap/ydata-yaltavista-webmap-v1_0_links-2.txt:18790481920+536870912
Mar 15, 2014 10:53:44 PM edu.uci.ics.pregelix.core.jobgen.JobGen loadHDFSData
INFO: hdfs://sensorium-1:31888/webmap/ydata-yaltavista-webmap-v1_0_links-2.txt:19327352832+536870912
Mar 15, 2014 10:53:44 PM edu.uci.ics.pregelix.core.jobgen.JobGen loadHDFSData
INFO: hdfs://sensorium-1:31888/webmap/ydata-yaltavista-webmap-v1_0_links-2.txt:19864223744+536870912
Mar 15, 2014 10:53:44 PM edu.uci.ics.pregelix.core.jobgen.JobGen loadHDFSData
INFO: hdfs://sensorium-1:31888/webmap/ydata-yaltavista-webmap-v1_0_links-2.txt:20401094656+536870912
Mar 15, 2014 10:53:44 PM edu.uci.ics.pregelix.core.jobgen.JobGen loadHDFSData
INFO: hdfs://sensorium-1:31888/webmap/ydata-yaltavista-webmap-v1_0_links-2.txt:20937965568+536870912
Mar 15, 2014 10:53:44 PM edu.uci.ics.pregelix.core.jobgen.JobGen loadHDFSData
INFO: hdfs://sensorium-1:31888/webmap/ydata-yaltavista-webmap-v1_0_links-2.txt:21474836480+536870912
Mar 15, 2014 10:53:44 PM edu.uci.ics.pregelix.core.jobgen.JobGen loadHDFSData
INFO: hdfs://sensorium-1:31888/webmap/ydata-yaltavista-webmap-v1_0_links-2.txt:22011707392+536870912
Mar 15, 2014 10:53:44 PM edu.uci.ics.pregelix.core.jobgen.JobGen loadHDFSData
INFO: hdfs://sensorium-1:31888/webmap/ydata-yaltavista-webmap-v1_0_links-2.txt:22548578304+536870912
Mar 15, 2014 10:53:44 PM edu.uci.ics.pregelix.core.jobgen.JobGen loadHDFSData
INFO: hdfs://sensorium-1:31888/webmap/ydata-yaltavista-webmap-v1_0_links-2.txt:23085449216+536870912
Mar 15, 2014 10:53:44 PM edu.uci.ics.pregelix.core.jobgen.JobGen loadHDFSData
INFO: hdfs://sensorium-1:31888/webmap/ydata-yaltavista-webmap-v1_0_links-2.txt:23622320128+536870912
Mar 15, 2014 10:53:44 PM edu.uci.ics.pregelix.core.jobgen.JobGen loadHDFSData
INFO: hdfs://sensorium-1:31888/webmap/ydata-yaltavista-webmap-v1_0_links-2.txt:24159191040+536870912
Mar 15, 2014 10:53:44 PM edu.uci.ics.pregelix.core.jobgen.JobGen loadHDFSData
INFO: hdfs://sensorium-1:31888/webmap/ydata-yaltavista-webmap-v1_0_links-2.txt:24696061952+536870912
Mar 15, 2014 10:53:44 PM edu.uci.ics.pregelix.core.jobgen.JobGen loadHDFSData
INFO: hdfs://sensorium-1:31888/webmap/ydata-yaltavista-webmap-v1_0_links-2.txt:25232932864+536870912
Mar 15, 2014 10:53:44 PM edu.uci.ics.pregelix.core.jobgen.JobGen loadHDFSData
INFO: hdfs://sensorium-1:31888/webmap/ydata-yaltavista-webmap-v1_0_links-2.txt:25769803776+536870912
Mar 15, 2014 10:53:44 PM edu.uci.ics.pregelix.core.jobgen.JobGen loadHDFSData
INFO: hdfs://sensorium-1:31888/webmap/ydata-yaltavista-webmap-v1_0_links-2.txt:26306674688+536870912
Mar 15, 2014 10:53:44 PM edu.uci.ics.pregelix.core.jobgen.JobGen loadHDFSData
INFO: hdfs://sensorium-1:31888/webmap/ydata-yaltavista-webmap-v1_0_links-2.txt:26843545600+536870912
Mar 15, 2014 10:53:44 PM edu.uci.ics.pregelix.core.jobgen.JobGen loadHDFSData
INFO: hdfs://sensorium-1:31888/webmap/ydata-yaltavista-webmap-v1_0_links-2.txt:27380416512+428571571
Mar 15, 2014 10:53:44 PM edu.uci.ics.hyracks.hdfs.scheduler.Scheduler getLocationConstraints
INFO: Data local rate: 0.7761194109916687
Mar 15, 2014 11:10:07 PM edu.uci.ics.pregelix.core.driver.Driver loadData
INFO: data loading finished 984256ms
Mar 15, 2014 11:40:28 PM edu.uci.ics.pregelix.core.driver.Driver runLoopBody
INFO: PageRankVertex: iteration 1 finished 1820933ms
Mar 16, 2014 12:08:52 AM edu.uci.ics.pregelix.core.driver.Driver runLoopBody
INFO: PageRankVertex: iteration 2 finished 1701832ms
Mar 16, 2014 12:40:22 AM edu.uci.ics.pregelix.core.driver.Driver runLoopBody
INFO: PageRankVertex: iteration 3 finished 1889648ms
Mar 16, 2014 1:16:04 AM edu.uci.ics.pregelix.core.driver.Driver runLoopBody
INFO: PageRankVertex: iteration 4 finished 2138099ms
Mar 16, 2014 1:32:33 AM edu.uci.ics.pregelix.core.driver.Driver runLoopBody
INFO: PageRankVertex: iteration 5 finished 989466ms
Exception in thread "main" edu.uci.ics.hyracks.api.exceptions.HyracksException: edu.uci.ics.hyracks.api.exceptions.HyracksException: Job failed on account of:
edu.uci.ics.hyracks.api.exceptions.HyracksDataException: java.io.IOException: Error Recovery for block blk_6436015278124704557_71513 failed  because recovery from primary datanode 128.195.11.89:57059 failed 6 times.  Pipeline was 128.195.11.89:57059. Aborting...

	at edu.uci.ics.pregelix.core.driver.Driver.runJobs(Driver.java:200)
	at edu.uci.ics.pregelix.core.driver.Driver.runJob(Driver.java:99)
	at edu.uci.ics.pregelix.example.client.Client.run(Client.java:84)
	at edu.uci.ics.pregelix.example.PageRankVertex.main(PageRankVertex.java:243)
	at sun.reflect.NativeMethodAccessorImpl.invoke0(Native Method)
	at sun.reflect.NativeMethodAccessorImpl.invoke(NativeMethodAccessorImpl.java:57)
	at sun.reflect.DelegatingMethodAccessorImpl.invoke(DelegatingMethodAccessorImpl.java:43)
	at java.lang.reflect.Method.invoke(Method.java:606)
	at org.apache.hadoop.util.RunJar.main(RunJar.java:156)
Caused by: edu.uci.ics.hyracks.api.exceptions.HyracksException: Job failed on account of:
edu.uci.ics.hyracks.api.exceptions.HyracksDataException: java.io.IOException: Error Recovery for block blk_6436015278124704557_71513 failed  because recovery from primary datanode 128.195.11.89:57059 failed 6 times.  Pipeline was 128.195.11.89:57059. Aborting...

	at edu.uci.ics.hyracks.control.cc.job.JobRun.waitForCompletion(JobRun.java:207)
	at edu.uci.ics.hyracks.control.cc.work.WaitForJobCompletionWork$1.run(WaitForJobCompletionWork.java:44)
	at java.util.concurrent.ThreadPoolExecutor.runWorker(ThreadPoolExecutor.java:1145)
	at java.util.concurrent.ThreadPoolExecutor$Worker.run(ThreadPoolExecutor.java:615)
	at java.lang.Thread.run(Thread.java:744)
Caused by: edu.uci.ics.hyracks.api.exceptions.HyracksDataException: edu.uci.ics.hyracks.api.exceptions.HyracksDataException: java.io.IOException: Error Recovery for block blk_6436015278124704557_71513 failed  because recovery from primary datanode 128.195.11.89:57059 failed 6 times.  Pipeline was 128.195.11.89:57059. Aborting...
	at edu.uci.ics.hyracks.control.common.utils.ExceptionUtils.setNodeIds(ExceptionUtils.java:41)
	at edu.uci.ics.hyracks.control.nc.Task.run(Task.java:291)
	... 3 more
Caused by: edu.uci.ics.hyracks.api.exceptions.HyracksDataException: java.io.IOException: Error Recovery for block blk_6436015278124704557_71513 failed  because recovery from primary datanode 128.195.11.89:57059 failed 6 times.  Pipeline was 128.195.11.89:57059. Aborting...
	at edu.uci.ics.pregelix.dataflow.VertexFileWriteOperatorDescriptor$1.close(VertexFileWriteOperatorDescriptor.java:131)
	at edu.uci.ics.hyracks.dataflow.std.sort.ExternalSortRunMerger.process(ExternalSortRunMerger.java:164)
	at edu.uci.ics.hyracks.dataflow.std.sort.ExternalSortOperatorDescriptor$MergeActivity$1.initialize(ExternalSortOperatorDescriptor.java:189)
	at edu.uci.ics.hyracks.api.rewriter.runtime.SuperActivityOperatorNodePushable.initialize(SuperActivityOperatorNodePushable.java:81)
	at edu.uci.ics.hyracks.control.nc.Task.run(Task.java:234)
	... 3 more
Caused by: java.io.IOException: Error Recovery for block blk_6436015278124704557_71513 failed  because recovery from primary datanode 128.195.11.89:57059 failed 6 times.  Pipeline was 128.195.11.89:57059. Aborting...
	at org.apache.hadoop.hdfs.DFSClient$DFSOutputStream.processDatanodeError(DFSClient.java:3157)
	at org.apache.hadoop.hdfs.DFSClient$DFSOutputStream.access$2100(DFSClient.java:2589)
	at org.apache.hadoop.hdfs.DFSClient$DFSOutputStream$DataStreamer.run(DFSClient.java:2793)
java.lang.IllegalStateException: java.lang.IllegalStateException: java.io.IOException: Premature EOF
	at edu.uci.ics.hyracks.client.stats.impl.ClientCounterContext.requestCounters(ClientCounterContext.java:141)
	at edu.uci.ics.hyracks.client.stats.impl.ClientCounterContext.access$200(ClientCounterContext.java:40)
	at edu.uci.ics.hyracks.client.stats.impl.ClientCounterContext$UpdateThread.run(ClientCounterContext.java:265)
Caused by: java.lang.IllegalStateException: java.io.IOException: Premature EOF
	at edu.uci.ics.hyracks.client.stats.impl.ClientCounterContext.requestProfile(ClientCounterContext.java:231)
	at edu.uci.ics.hyracks.client.stats.impl.ClientCounterContext.requestCounters(ClientCounterContext.java:129)
	... 2 more
Caused by: java.io.IOException: Premature EOF
	at sun.net.www.http.ChunkedInputStream.readAheadBlocking(ChunkedInputStream.java:565)
	at sun.net.www.http.ChunkedInputStream.readAhead(ChunkedInputStream.java:609)
	at sun.net.www.http.ChunkedInputStream.read(ChunkedInputStream.java:696)
	at java.io.FilterInputStream.read(FilterInputStream.java:133)
	at sun.net.www.protocol.http.HttpURLConnection$HttpInputStream.read(HttpURLConnection.java:3053)
	at sun.nio.cs.StreamDecoder.readBytes(StreamDecoder.java:283)
	at sun.nio.cs.StreamDecoder.implRead(StreamDecoder.java:325)
	at sun.nio.cs.StreamDecoder.read(StreamDecoder.java:177)
	at java.io.InputStreamReader.read(InputStreamReader.java:184)
	at java.io.BufferedReader.fill(BufferedReader.java:154)
	at java.io.BufferedReader.readLine(BufferedReader.java:317)
	at java.io.BufferedReader.readLine(BufferedReader.java:382)
	at edu.uci.ics.hyracks.client.stats.impl.ClientCounterContext.requestProfile(ClientCounterContext.java:224)
	... 3 more
Total Execution Time: 55276 seconds
