Mar 14, 2014 12:51:13 AM edu.uci.ics.pregelix.core.driver.Driver installApplication
INFO: jar deployment finished 4854ms
Mar 14, 2014 12:51:13 AM edu.uci.ics.pregelix.core.driver.Driver runJobs
INFO: job started
Mar 14, 2014 12:51:14 AM org.apache.hadoop.mapreduce.lib.input.FileInputFormat listStatus
INFO: Total input paths to process : 62
Mar 14, 2014 12:51:14 AM org.apache.hadoop.util.NativeCodeLoader <clinit>
WARNING: Unable to load native-hadoop library for your platform... using builtin-java classes where applicable
Mar 14, 2014 12:51:14 AM org.apache.hadoop.io.compress.snappy.LoadSnappy <clinit>
WARNING: Snappy native library not loaded
Mar 14, 2014 12:51:14 AM edu.uci.ics.pregelix.core.jobgen.JobGen loadHDFSData
INFO: number of splits: 62
Mar 14, 2014 12:51:14 AM edu.uci.ics.pregelix.core.jobgen.JobGen loadHDFSData
INFO: hdfs://sensorium-1:31888/btc005x/part-0:0+123745215
Mar 14, 2014 12:51:14 AM edu.uci.ics.pregelix.core.jobgen.JobGen loadHDFSData
INFO: hdfs://sensorium-1:31888/btc005x/part-1:0+123605232
Mar 14, 2014 12:51:14 AM edu.uci.ics.pregelix.core.jobgen.JobGen loadHDFSData
INFO: hdfs://sensorium-1:31888/btc005x/part-10:0+110128704
Mar 14, 2014 12:51:14 AM edu.uci.ics.pregelix.core.jobgen.JobGen loadHDFSData
INFO: hdfs://sensorium-1:31888/btc005x/part-11:0+110067134
Mar 14, 2014 12:51:14 AM edu.uci.ics.pregelix.core.jobgen.JobGen loadHDFSData
INFO: hdfs://sensorium-1:31888/btc005x/part-12:0+109840289
Mar 14, 2014 12:51:14 AM edu.uci.ics.pregelix.core.jobgen.JobGen loadHDFSData
INFO: hdfs://sensorium-1:31888/btc005x/part-13:0+110000824
Mar 14, 2014 12:51:14 AM edu.uci.ics.pregelix.core.jobgen.JobGen loadHDFSData
INFO: hdfs://sensorium-1:31888/btc005x/part-14:0+110090524
Mar 14, 2014 12:51:14 AM edu.uci.ics.pregelix.core.jobgen.JobGen loadHDFSData
INFO: hdfs://sensorium-1:31888/btc005x/part-15:0+110083643
Mar 14, 2014 12:51:14 AM edu.uci.ics.pregelix.core.jobgen.JobGen loadHDFSData
INFO: hdfs://sensorium-1:31888/btc005x/part-16:0+109829668
Mar 14, 2014 12:51:14 AM edu.uci.ics.pregelix.core.jobgen.JobGen loadHDFSData
INFO: hdfs://sensorium-1:31888/btc005x/part-17:0+109968495
Mar 14, 2014 12:51:14 AM edu.uci.ics.pregelix.core.jobgen.JobGen loadHDFSData
INFO: hdfs://sensorium-1:31888/btc005x/part-18:0+109602672
Mar 14, 2014 12:51:14 AM edu.uci.ics.pregelix.core.jobgen.JobGen loadHDFSData
INFO: hdfs://sensorium-1:31888/btc005x/part-19:0+109910314
Mar 14, 2014 12:51:14 AM edu.uci.ics.pregelix.core.jobgen.JobGen loadHDFSData
INFO: hdfs://sensorium-1:31888/btc005x/part-2:0+123749782
Mar 14, 2014 12:51:14 AM edu.uci.ics.pregelix.core.jobgen.JobGen loadHDFSData
INFO: hdfs://sensorium-1:31888/btc005x/part-20:0+109991707
Mar 14, 2014 12:51:14 AM edu.uci.ics.pregelix.core.jobgen.JobGen loadHDFSData
INFO: hdfs://sensorium-1:31888/btc005x/part-21:0+109836921
Mar 14, 2014 12:51:14 AM edu.uci.ics.pregelix.core.jobgen.JobGen loadHDFSData
INFO: hdfs://sensorium-1:31888/btc005x/part-22:0+109996000
Mar 14, 2014 12:51:14 AM edu.uci.ics.pregelix.core.jobgen.JobGen loadHDFSData
INFO: hdfs://sensorium-1:31888/btc005x/part-23:0+109876416
Mar 14, 2014 12:51:14 AM edu.uci.ics.pregelix.core.jobgen.JobGen loadHDFSData
INFO: hdfs://sensorium-1:31888/btc005x/part-24:0+109847029
Mar 14, 2014 12:51:14 AM edu.uci.ics.pregelix.core.jobgen.JobGen loadHDFSData
INFO: hdfs://sensorium-1:31888/btc005x/part-25:0+109714903
Mar 14, 2014 12:51:14 AM edu.uci.ics.pregelix.core.jobgen.JobGen loadHDFSData
INFO: hdfs://sensorium-1:31888/btc005x/part-26:0+109922347
Mar 14, 2014 12:51:14 AM edu.uci.ics.pregelix.core.jobgen.JobGen loadHDFSData
INFO: hdfs://sensorium-1:31888/btc005x/part-27:0+110037313
Mar 14, 2014 12:51:14 AM edu.uci.ics.pregelix.core.jobgen.JobGen loadHDFSData
INFO: hdfs://sensorium-1:31888/btc005x/part-28:0+123676695
Mar 14, 2014 12:51:14 AM edu.uci.ics.pregelix.core.jobgen.JobGen loadHDFSData
INFO: hdfs://sensorium-1:31888/btc005x/part-29:0+123585991
Mar 14, 2014 12:51:14 AM edu.uci.ics.pregelix.core.jobgen.JobGen loadHDFSData
INFO: hdfs://sensorium-1:31888/btc005x/part-3:0+123894935
Mar 14, 2014 12:51:14 AM edu.uci.ics.pregelix.core.jobgen.JobGen loadHDFSData
INFO: hdfs://sensorium-1:31888/btc005x/part-30:0+123616799
Mar 14, 2014 12:51:14 AM edu.uci.ics.pregelix.core.jobgen.JobGen loadHDFSData
INFO: hdfs://sensorium-1:31888/btc005x/part-31:0+123546033
Mar 14, 2014 12:51:14 AM edu.uci.ics.pregelix.core.jobgen.JobGen loadHDFSData
INFO: hdfs://sensorium-1:31888/btc005x/part-32:0+123662258
Mar 14, 2014 12:51:14 AM edu.uci.ics.pregelix.core.jobgen.JobGen loadHDFSData
INFO: hdfs://sensorium-1:31888/btc005x/part-33:0+123489414
Mar 14, 2014 12:51:14 AM edu.uci.ics.pregelix.core.jobgen.JobGen loadHDFSData
INFO: hdfs://sensorium-1:31888/btc005x/part-34:0+123598096
Mar 14, 2014 12:51:14 AM edu.uci.ics.pregelix.core.jobgen.JobGen loadHDFSData
INFO: hdfs://sensorium-1:31888/btc005x/part-35:0+123836316
Mar 14, 2014 12:51:14 AM edu.uci.ics.pregelix.core.jobgen.JobGen loadHDFSData
INFO: hdfs://sensorium-1:31888/btc005x/part-36:0+110123401
Mar 14, 2014 12:51:14 AM edu.uci.ics.pregelix.core.jobgen.JobGen loadHDFSData
INFO: hdfs://sensorium-1:31888/btc005x/part-37:0+110127309
Mar 14, 2014 12:51:14 AM edu.uci.ics.pregelix.core.jobgen.JobGen loadHDFSData
INFO: hdfs://sensorium-1:31888/btc005x/part-38:0+109972774
Mar 14, 2014 12:51:14 AM edu.uci.ics.pregelix.core.jobgen.JobGen loadHDFSData
INFO: hdfs://sensorium-1:31888/btc005x/part-39:0+109978246
Mar 14, 2014 12:51:14 AM edu.uci.ics.pregelix.core.jobgen.JobGen loadHDFSData
INFO: hdfs://sensorium-1:31888/btc005x/part-4:0+123648917
Mar 14, 2014 12:51:14 AM edu.uci.ics.pregelix.core.jobgen.JobGen loadHDFSData
INFO: hdfs://sensorium-1:31888/btc005x/part-40:0+109992704
Mar 14, 2014 12:51:14 AM edu.uci.ics.pregelix.core.jobgen.JobGen loadHDFSData
INFO: hdfs://sensorium-1:31888/btc005x/part-41:0+109940875
Mar 14, 2014 12:51:14 AM edu.uci.ics.pregelix.core.jobgen.JobGen loadHDFSData
INFO: hdfs://sensorium-1:31888/btc005x/part-42:0+109925400
Mar 14, 2014 12:51:14 AM edu.uci.ics.pregelix.core.jobgen.JobGen loadHDFSData
INFO: hdfs://sensorium-1:31888/btc005x/part-43:0+109889259
Mar 14, 2014 12:51:14 AM edu.uci.ics.pregelix.core.jobgen.JobGen loadHDFSData
INFO: hdfs://sensorium-1:31888/btc005x/part-44:0+110086340
Mar 14, 2014 12:51:14 AM edu.uci.ics.pregelix.core.jobgen.JobGen loadHDFSData
INFO: hdfs://sensorium-1:31888/btc005x/part-45:0+109830234
Mar 14, 2014 12:51:14 AM edu.uci.ics.pregelix.core.jobgen.JobGen loadHDFSData
INFO: hdfs://sensorium-1:31888/btc005x/part-46:0+109916425
Mar 14, 2014 12:51:14 AM edu.uci.ics.pregelix.core.jobgen.JobGen loadHDFSData
INFO: hdfs://sensorium-1:31888/btc005x/part-47:0+109995265
Mar 14, 2014 12:51:14 AM edu.uci.ics.pregelix.core.jobgen.JobGen loadHDFSData
INFO: hdfs://sensorium-1:31888/btc005x/part-48:0+110126852
Mar 14, 2014 12:51:14 AM edu.uci.ics.pregelix.core.jobgen.JobGen loadHDFSData
INFO: hdfs://sensorium-1:31888/btc005x/part-49:0+109868641
Mar 14, 2014 12:51:14 AM edu.uci.ics.pregelix.core.jobgen.JobGen loadHDFSData
INFO: hdfs://sensorium-1:31888/btc005x/part-5:0+109691062
Mar 14, 2014 12:51:14 AM edu.uci.ics.pregelix.core.jobgen.JobGen loadHDFSData
INFO: hdfs://sensorium-1:31888/btc005x/part-50:0+110053497
Mar 14, 2014 12:51:14 AM edu.uci.ics.pregelix.core.jobgen.JobGen loadHDFSData
INFO: hdfs://sensorium-1:31888/btc005x/part-51:0+109857173
Mar 14, 2014 12:51:14 AM edu.uci.ics.pregelix.core.jobgen.JobGen loadHDFSData
INFO: hdfs://sensorium-1:31888/btc005x/part-52:0+110207158
Mar 14, 2014 12:51:14 AM edu.uci.ics.pregelix.core.jobgen.JobGen loadHDFSData
INFO: hdfs://sensorium-1:31888/btc005x/part-53:0+110219496
Mar 14, 2014 12:51:14 AM edu.uci.ics.pregelix.core.jobgen.JobGen loadHDFSData
INFO: hdfs://sensorium-1:31888/btc005x/part-54:0+110125075
Mar 14, 2014 12:51:14 AM edu.uci.ics.pregelix.core.jobgen.JobGen loadHDFSData
INFO: hdfs://sensorium-1:31888/btc005x/part-55:0+109942336
Mar 14, 2014 12:51:14 AM edu.uci.ics.pregelix.core.jobgen.JobGen loadHDFSData
INFO: hdfs://sensorium-1:31888/btc005x/part-56:0+110076985
Mar 14, 2014 12:51:14 AM edu.uci.ics.pregelix.core.jobgen.JobGen loadHDFSData
INFO: hdfs://sensorium-1:31888/btc005x/part-57:0+109911125
Mar 14, 2014 12:51:14 AM edu.uci.ics.pregelix.core.jobgen.JobGen loadHDFSData
INFO: hdfs://sensorium-1:31888/btc005x/part-58:0+109965831
Mar 14, 2014 12:51:14 AM edu.uci.ics.pregelix.core.jobgen.JobGen loadHDFSData
INFO: hdfs://sensorium-1:31888/btc005x/part-59:0+123629431
Mar 14, 2014 12:51:14 AM edu.uci.ics.pregelix.core.jobgen.JobGen loadHDFSData
INFO: hdfs://sensorium-1:31888/btc005x/part-6:0+109915609
Mar 14, 2014 12:51:14 AM edu.uci.ics.pregelix.core.jobgen.JobGen loadHDFSData
INFO: hdfs://sensorium-1:31888/btc005x/part-60:0+123829398
Mar 14, 2014 12:51:14 AM edu.uci.ics.pregelix.core.jobgen.JobGen loadHDFSData
INFO: hdfs://sensorium-1:31888/btc005x/part-61:0+123561618
Mar 14, 2014 12:51:14 AM edu.uci.ics.pregelix.core.jobgen.JobGen loadHDFSData
INFO: hdfs://sensorium-1:31888/btc005x/part-7:0+109748169
Mar 14, 2014 12:51:14 AM edu.uci.ics.pregelix.core.jobgen.JobGen loadHDFSData
INFO: hdfs://sensorium-1:31888/btc005x/part-8:0+110091964
Mar 14, 2014 12:51:14 AM edu.uci.ics.pregelix.core.jobgen.JobGen loadHDFSData
INFO: hdfs://sensorium-1:31888/btc005x/part-9:0+110016359
Mar 14, 2014 12:51:14 AM edu.uci.ics.hyracks.hdfs.scheduler.Scheduler getLocationConstraints
INFO: Data local rate: 0.6935483813285828
Mar 14, 2014 12:53:25 AM edu.uci.ics.pregelix.core.driver.Driver loadData
INFO: data loading finished 131352ms
Mar 14, 2014 12:54:28 AM edu.uci.ics.pregelix.core.driver.Driver runLoopBody
INFO: ShortestPathsVertex: iteration 1 finished 63595ms
Mar 14, 2014 12:54:31 AM edu.uci.ics.pregelix.core.driver.Driver runLoopBody
INFO: ShortestPathsVertex: iteration 2 finished 2295ms
Mar 14, 2014 12:54:33 AM edu.uci.ics.pregelix.core.driver.Driver runLoopBody
INFO: ShortestPathsVertex: iteration 3 finished 1987ms
Mar 14, 2014 12:54:35 AM edu.uci.ics.pregelix.core.driver.Driver runLoopBody
INFO: ShortestPathsVertex: iteration 4 finished 1906ms
Mar 14, 2014 12:54:36 AM edu.uci.ics.pregelix.core.driver.Driver runLoopBody
INFO: ShortestPathsVertex: iteration 5 finished 1734ms
Mar 14, 2014 12:54:38 AM edu.uci.ics.pregelix.core.driver.Driver runLoopBody
INFO: ShortestPathsVertex: iteration 6 finished 1446ms
Mar 14, 2014 12:54:40 AM edu.uci.ics.pregelix.core.driver.Driver runLoopBody
INFO: ShortestPathsVertex: iteration 7 finished 1864ms
Mar 14, 2014 12:54:41 AM edu.uci.ics.pregelix.core.driver.Driver runLoopBody
INFO: ShortestPathsVertex: iteration 8 finished 1750ms
Mar 14, 2014 12:54:43 AM edu.uci.ics.pregelix.core.driver.Driver runLoopBody
INFO: ShortestPathsVertex: iteration 9 finished 1980ms
Mar 14, 2014 12:54:45 AM edu.uci.ics.pregelix.core.driver.Driver runLoopBody
INFO: ShortestPathsVertex: iteration 10 finished 1876ms
Mar 14, 2014 12:54:48 AM edu.uci.ics.pregelix.core.driver.Driver runLoopBody
INFO: ShortestPathsVertex: iteration 11 finished 2369ms
Mar 14, 2014 12:54:49 AM edu.uci.ics.pregelix.core.driver.Driver runLoopBody
INFO: ShortestPathsVertex: iteration 12 finished 1600ms
Mar 14, 2014 12:54:51 AM edu.uci.ics.pregelix.core.driver.Driver runLoopBody
INFO: ShortestPathsVertex: iteration 13 finished 1625ms
Mar 14, 2014 12:54:52 AM edu.uci.ics.pregelix.core.driver.Driver runLoopBody
INFO: ShortestPathsVertex: iteration 14 finished 965ms
Mar 14, 2014 12:54:53 AM edu.uci.ics.pregelix.core.driver.Driver runLoopBody
INFO: ShortestPathsVertex: iteration 15 finished 1315ms
Mar 14, 2014 12:54:54 AM edu.uci.ics.pregelix.core.driver.Driver runLoopBody
INFO: ShortestPathsVertex: iteration 16 finished 992ms
Mar 14, 2014 12:54:55 AM edu.uci.ics.pregelix.core.driver.Driver runLoopBody
INFO: ShortestPathsVertex: iteration 17 finished 1217ms
Mar 14, 2014 12:54:56 AM edu.uci.ics.pregelix.core.driver.Driver runLoopBody
INFO: ShortestPathsVertex: iteration 18 finished 822ms
Mar 14, 2014 12:54:57 AM edu.uci.ics.pregelix.core.driver.Driver runLoopBody
INFO: ShortestPathsVertex: iteration 19 finished 1134ms
Mar 14, 2014 12:54:58 AM edu.uci.ics.pregelix.core.driver.Driver runLoopBody
INFO: ShortestPathsVertex: iteration 20 finished 718ms
Mar 14, 2014 12:58:07 AM edu.uci.ics.pregelix.core.driver.Driver finishJobs
INFO: result writing finished 189006ms
Mar 14, 2014 12:58:08 AM edu.uci.ics.pregelix.core.driver.Driver runJobs
INFO: job finished
Mar 14, 2014 12:58:08 AM edu.uci.ics.pregelix.core.driver.Driver runJobs
INFO: performance counters
	total vertice: 107706280
	total edges: 607509766
	num-processors: 2
	system-load-averages: 2
	heap-used-sizes: 1758228528
	disk-reads: 1992249856
	disk-writes: 4760728064
	net-payload-bytes-read: 1254084800
	net-payload-bytes-written: 1254084800

Total Execution Time: 428 seconds
