Feb 27, 2014 6:12:23 PM edu.uci.ics.pregelix.core.driver.Driver installApplication
INFO: jar deployment finished 10174ms
Feb 27, 2014 6:12:23 PM edu.uci.ics.pregelix.core.driver.Driver runJobs
INFO: job started
Feb 27, 2014 6:12:24 PM org.apache.hadoop.mapreduce.lib.input.FileInputFormat listStatus
INFO: Total input paths to process : 37
Feb 27, 2014 6:12:24 PM org.apache.hadoop.util.NativeCodeLoader <clinit>
WARNING: Unable to load native-hadoop library for your platform... using builtin-java classes where applicable
Feb 27, 2014 6:12:24 PM org.apache.hadoop.io.compress.snappy.LoadSnappy <clinit>
WARNING: Snappy native library not loaded
Feb 27, 2014 6:12:25 PM edu.uci.ics.pregelix.core.jobgen.JobGen loadHDFSData
INFO: number of splits: 37
Feb 27, 2014 6:12:25 PM edu.uci.ics.pregelix.core.jobgen.JobGen loadHDFSData
INFO: hdfs://sensorium-1:31888/webmap005x/part-0:0+303232789
Feb 27, 2014 6:12:25 PM edu.uci.ics.pregelix.core.jobgen.JobGen loadHDFSData
INFO: hdfs://sensorium-1:31888/webmap005x/part-1:0+303539176
Feb 27, 2014 6:12:25 PM edu.uci.ics.pregelix.core.jobgen.JobGen loadHDFSData
INFO: hdfs://sensorium-1:31888/webmap005x/part-10:0+303090775
Feb 27, 2014 6:12:25 PM edu.uci.ics.pregelix.core.jobgen.JobGen loadHDFSData
INFO: hdfs://sensorium-1:31888/webmap005x/part-11:0+302998783
Feb 27, 2014 6:12:25 PM edu.uci.ics.pregelix.core.jobgen.JobGen loadHDFSData
INFO: hdfs://sensorium-1:31888/webmap005x/part-12:0+303448602
Feb 27, 2014 6:12:25 PM edu.uci.ics.pregelix.core.jobgen.JobGen loadHDFSData
INFO: hdfs://sensorium-1:31888/webmap005x/part-13:0+303340393
Feb 27, 2014 6:12:25 PM edu.uci.ics.pregelix.core.jobgen.JobGen loadHDFSData
INFO: hdfs://sensorium-1:31888/webmap005x/part-14:0+303007059
Feb 27, 2014 6:12:25 PM edu.uci.ics.pregelix.core.jobgen.JobGen loadHDFSData
INFO: hdfs://sensorium-1:31888/webmap005x/part-15:0+303874442
Feb 27, 2014 6:12:25 PM edu.uci.ics.pregelix.core.jobgen.JobGen loadHDFSData
INFO: hdfs://sensorium-1:31888/webmap005x/part-16:0+303116335
Feb 27, 2014 6:12:25 PM edu.uci.ics.pregelix.core.jobgen.JobGen loadHDFSData
INFO: hdfs://sensorium-1:31888/webmap005x/part-17:0+303707113
Feb 27, 2014 6:12:25 PM edu.uci.ics.pregelix.core.jobgen.JobGen loadHDFSData
INFO: hdfs://sensorium-1:31888/webmap005x/part-18:0+303290646
Feb 27, 2014 6:12:25 PM edu.uci.ics.pregelix.core.jobgen.JobGen loadHDFSData
INFO: hdfs://sensorium-1:31888/webmap005x/part-19:0+303652394
Feb 27, 2014 6:12:25 PM edu.uci.ics.pregelix.core.jobgen.JobGen loadHDFSData
INFO: hdfs://sensorium-1:31888/webmap005x/part-2:0+303647196
Feb 27, 2014 6:12:25 PM edu.uci.ics.pregelix.core.jobgen.JobGen loadHDFSData
INFO: hdfs://sensorium-1:31888/webmap005x/part-20:0+303005066
Feb 27, 2014 6:12:25 PM edu.uci.ics.pregelix.core.jobgen.JobGen loadHDFSData
INFO: hdfs://sensorium-1:31888/webmap005x/part-21:0+302803866
Feb 27, 2014 6:12:25 PM edu.uci.ics.pregelix.core.jobgen.JobGen loadHDFSData
INFO: hdfs://sensorium-1:31888/webmap005x/part-22:0+302851279
Feb 27, 2014 6:12:25 PM edu.uci.ics.pregelix.core.jobgen.JobGen loadHDFSData
INFO: hdfs://sensorium-1:31888/webmap005x/part-23:0+303312415
Feb 27, 2014 6:12:25 PM edu.uci.ics.pregelix.core.jobgen.JobGen loadHDFSData
INFO: hdfs://sensorium-1:31888/webmap005x/part-24:0+302838075
Feb 27, 2014 6:12:25 PM edu.uci.ics.pregelix.core.jobgen.JobGen loadHDFSData
INFO: hdfs://sensorium-1:31888/webmap005x/part-25:0+303161217
Feb 27, 2014 6:12:25 PM edu.uci.ics.pregelix.core.jobgen.JobGen loadHDFSData
INFO: hdfs://sensorium-1:31888/webmap005x/part-26:0+302839288
Feb 27, 2014 6:12:25 PM edu.uci.ics.pregelix.core.jobgen.JobGen loadHDFSData
INFO: hdfs://sensorium-1:31888/webmap005x/part-27:0+303690912
Feb 27, 2014 6:12:25 PM edu.uci.ics.pregelix.core.jobgen.JobGen loadHDFSData
INFO: hdfs://sensorium-1:31888/webmap005x/part-28:0+303084570
Feb 27, 2014 6:12:25 PM edu.uci.ics.pregelix.core.jobgen.JobGen loadHDFSData
INFO: hdfs://sensorium-1:31888/webmap005x/part-29:0+303462758
Feb 27, 2014 6:12:25 PM edu.uci.ics.pregelix.core.jobgen.JobGen loadHDFSData
INFO: hdfs://sensorium-1:31888/webmap005x/part-3:0+303783743
Feb 27, 2014 6:12:25 PM edu.uci.ics.pregelix.core.jobgen.JobGen loadHDFSData
INFO: hdfs://sensorium-1:31888/webmap005x/part-30:0+303719393
Feb 27, 2014 6:12:25 PM edu.uci.ics.pregelix.core.jobgen.JobGen loadHDFSData
INFO: hdfs://sensorium-1:31888/webmap005x/part-31:0+303501355
Feb 27, 2014 6:12:25 PM edu.uci.ics.pregelix.core.jobgen.JobGen loadHDFSData
INFO: hdfs://sensorium-1:31888/webmap005x/part-32:0+303383275
Feb 27, 2014 6:12:25 PM edu.uci.ics.pregelix.core.jobgen.JobGen loadHDFSData
INFO: hdfs://sensorium-1:31888/webmap005x/part-33:0+303200775
Feb 27, 2014 6:12:25 PM edu.uci.ics.pregelix.core.jobgen.JobGen loadHDFSData
INFO: hdfs://sensorium-1:31888/webmap005x/part-34:0+303481831
Feb 27, 2014 6:12:25 PM edu.uci.ics.pregelix.core.jobgen.JobGen loadHDFSData
INFO: hdfs://sensorium-1:31888/webmap005x/part-35:0+303231717
Feb 27, 2014 6:12:25 PM edu.uci.ics.pregelix.core.jobgen.JobGen loadHDFSData
INFO: hdfs://sensorium-1:31888/webmap005x/part-36:0+303132155
Feb 27, 2014 6:12:25 PM edu.uci.ics.pregelix.core.jobgen.JobGen loadHDFSData
INFO: hdfs://sensorium-1:31888/webmap005x/part-4:0+303530270
Feb 27, 2014 6:12:25 PM edu.uci.ics.pregelix.core.jobgen.JobGen loadHDFSData
INFO: hdfs://sensorium-1:31888/webmap005x/part-5:0+303812076
Feb 27, 2014 6:12:25 PM edu.uci.ics.pregelix.core.jobgen.JobGen loadHDFSData
INFO: hdfs://sensorium-1:31888/webmap005x/part-6:0+303554563
Feb 27, 2014 6:12:25 PM edu.uci.ics.pregelix.core.jobgen.JobGen loadHDFSData
INFO: hdfs://sensorium-1:31888/webmap005x/part-7:0+303540585
Feb 27, 2014 6:12:25 PM edu.uci.ics.pregelix.core.jobgen.JobGen loadHDFSData
INFO: hdfs://sensorium-1:31888/webmap005x/part-8:0+303462255
Feb 27, 2014 6:12:25 PM edu.uci.ics.pregelix.core.jobgen.JobGen loadHDFSData
INFO: hdfs://sensorium-1:31888/webmap005x/part-9:0+302925238
Feb 27, 2014 6:12:25 PM edu.uci.ics.hyracks.hdfs.scheduler.Scheduler getLocationConstraints
INFO: Data local rate: 0.9459459185600281
Feb 27, 2014 6:13:29 PM edu.uci.ics.pregelix.core.driver.Driver loadData
INFO: data loading finished 65945ms
Feb 27, 2014 6:13:44 PM edu.uci.ics.pregelix.core.driver.Driver runLoopBody
INFO: ShortestPathsVertex: iteration 1 finished 15027ms
Feb 27, 2014 6:13:49 PM edu.uci.ics.pregelix.core.driver.Driver runLoopBody
INFO: ShortestPathsVertex: iteration 2 finished 4222ms
Feb 27, 2014 6:13:52 PM edu.uci.ics.pregelix.core.driver.Driver runLoopBody
INFO: ShortestPathsVertex: iteration 3 finished 3284ms
Feb 27, 2014 6:13:56 PM edu.uci.ics.pregelix.core.driver.Driver runLoopBody
INFO: ShortestPathsVertex: iteration 4 finished 3516ms
Feb 27, 2014 6:13:58 PM edu.uci.ics.pregelix.core.driver.Driver runLoopBody
INFO: ShortestPathsVertex: iteration 5 finished 2953ms
Feb 27, 2014 6:14:02 PM edu.uci.ics.pregelix.core.driver.Driver runLoopBody
INFO: ShortestPathsVertex: iteration 6 finished 3028ms
Feb 27, 2014 6:14:04 PM edu.uci.ics.pregelix.core.driver.Driver runLoopBody
INFO: ShortestPathsVertex: iteration 7 finished 2823ms
Feb 27, 2014 6:14:07 PM edu.uci.ics.pregelix.core.driver.Driver runLoopBody
INFO: ShortestPathsVertex: iteration 8 finished 3011ms
Feb 27, 2014 6:14:11 PM edu.uci.ics.pregelix.core.driver.Driver runLoopBody
INFO: ShortestPathsVertex: iteration 9 finished 4013ms
Feb 27, 2014 6:14:17 PM edu.uci.ics.pregelix.core.driver.Driver runLoopBody
INFO: ShortestPathsVertex: iteration 10 finished 6102ms
Feb 27, 2014 6:14:27 PM edu.uci.ics.pregelix.core.driver.Driver runLoopBody
INFO: ShortestPathsVertex: iteration 11 finished 9264ms
Feb 27, 2014 6:14:37 PM edu.uci.ics.pregelix.core.driver.Driver runLoopBody
INFO: ShortestPathsVertex: iteration 12 finished 9821ms
Feb 27, 2014 6:14:45 PM edu.uci.ics.pregelix.core.driver.Driver runLoopBody
INFO: ShortestPathsVertex: iteration 13 finished 8591ms
Feb 27, 2014 6:14:53 PM edu.uci.ics.pregelix.core.driver.Driver runLoopBody
INFO: ShortestPathsVertex: iteration 14 finished 7727ms
Feb 27, 2014 6:15:00 PM edu.uci.ics.pregelix.core.driver.Driver runLoopBody
INFO: ShortestPathsVertex: iteration 15 finished 6710ms
Feb 27, 2014 6:15:05 PM edu.uci.ics.pregelix.core.driver.Driver runLoopBody
INFO: ShortestPathsVertex: iteration 16 finished 5409ms
Feb 27, 2014 6:15:10 PM edu.uci.ics.pregelix.core.driver.Driver runLoopBody
INFO: ShortestPathsVertex: iteration 17 finished 4808ms
Feb 27, 2014 6:15:14 PM edu.uci.ics.pregelix.core.driver.Driver runLoopBody
INFO: ShortestPathsVertex: iteration 18 finished 3875ms
Feb 27, 2014 6:15:17 PM edu.uci.ics.pregelix.core.driver.Driver runLoopBody
INFO: ShortestPathsVertex: iteration 19 finished 3219ms
Feb 27, 2014 6:15:19 PM edu.uci.ics.pregelix.core.driver.Driver runLoopBody
INFO: ShortestPathsVertex: iteration 20 finished 2457ms
Feb 27, 2014 6:15:22 PM edu.uci.ics.pregelix.core.driver.Driver runLoopBody
INFO: ShortestPathsVertex: iteration 21 finished 2800ms
Feb 27, 2014 6:15:25 PM edu.uci.ics.pregelix.core.driver.Driver runLoopBody
INFO: ShortestPathsVertex: iteration 22 finished 2579ms
Feb 27, 2014 6:15:27 PM edu.uci.ics.pregelix.core.driver.Driver runLoopBody
INFO: ShortestPathsVertex: iteration 23 finished 2462ms
Feb 27, 2014 6:15:30 PM edu.uci.ics.pregelix.core.driver.Driver runLoopBody
INFO: ShortestPathsVertex: iteration 24 finished 2422ms
Feb 27, 2014 6:15:32 PM edu.uci.ics.pregelix.core.driver.Driver runLoopBody
INFO: ShortestPathsVertex: iteration 25 finished 2253ms
Feb 27, 2014 6:15:35 PM edu.uci.ics.pregelix.core.driver.Driver runLoopBody
INFO: ShortestPathsVertex: iteration 26 finished 2655ms
Feb 27, 2014 6:15:37 PM edu.uci.ics.pregelix.core.driver.Driver runLoopBody
INFO: ShortestPathsVertex: iteration 27 finished 2217ms
Feb 27, 2014 6:15:39 PM edu.uci.ics.pregelix.core.driver.Driver runLoopBody
INFO: ShortestPathsVertex: iteration 28 finished 2092ms
Feb 27, 2014 6:15:41 PM edu.uci.ics.pregelix.core.driver.Driver runLoopBody
INFO: ShortestPathsVertex: iteration 29 finished 2249ms
Feb 27, 2014 6:15:43 PM edu.uci.ics.pregelix.core.driver.Driver runLoopBody
INFO: ShortestPathsVertex: iteration 30 finished 2197ms
Feb 27, 2014 6:15:46 PM edu.uci.ics.pregelix.core.driver.Driver runLoopBody
INFO: ShortestPathsVertex: iteration 31 finished 2149ms
Feb 27, 2014 6:15:49 PM edu.uci.ics.pregelix.core.driver.Driver runLoopBody
INFO: ShortestPathsVertex: iteration 32 finished 2902ms
Feb 27, 2014 6:15:51 PM edu.uci.ics.pregelix.core.driver.Driver runLoopBody
INFO: ShortestPathsVertex: iteration 33 finished 2359ms
Feb 27, 2014 6:15:53 PM edu.uci.ics.pregelix.core.driver.Driver runLoopBody
INFO: ShortestPathsVertex: iteration 34 finished 2191ms
Feb 27, 2014 6:15:55 PM edu.uci.ics.pregelix.core.driver.Driver runLoopBody
INFO: ShortestPathsVertex: iteration 35 finished 2351ms
Feb 27, 2014 6:15:58 PM edu.uci.ics.pregelix.core.driver.Driver runLoopBody
INFO: ShortestPathsVertex: iteration 36 finished 2494ms
Feb 27, 2014 6:16:00 PM edu.uci.ics.pregelix.core.driver.Driver runLoopBody
INFO: ShortestPathsVertex: iteration 37 finished 1923ms
Feb 27, 2014 6:16:02 PM edu.uci.ics.pregelix.core.driver.Driver runLoopBody
INFO: ShortestPathsVertex: iteration 38 finished 1887ms
Feb 27, 2014 6:16:04 PM edu.uci.ics.pregelix.core.driver.Driver runLoopBody
INFO: ShortestPathsVertex: iteration 39 finished 1782ms
Feb 27, 2014 6:16:05 PM edu.uci.ics.pregelix.core.driver.Driver runLoopBody
INFO: ShortestPathsVertex: iteration 40 finished 1699ms
Feb 27, 2014 6:16:07 PM edu.uci.ics.pregelix.core.driver.Driver runLoopBody
INFO: ShortestPathsVertex: iteration 41 finished 2114ms
Feb 27, 2014 6:16:09 PM edu.uci.ics.pregelix.core.driver.Driver runLoopBody
INFO: ShortestPathsVertex: iteration 42 finished 1476ms
Feb 27, 2014 6:16:11 PM edu.uci.ics.pregelix.core.driver.Driver runLoopBody
INFO: ShortestPathsVertex: iteration 43 finished 1618ms
Feb 27, 2014 6:16:12 PM edu.uci.ics.pregelix.core.driver.Driver runLoopBody
INFO: ShortestPathsVertex: iteration 44 finished 1680ms
Feb 27, 2014 6:16:14 PM edu.uci.ics.pregelix.core.driver.Driver runLoopBody
INFO: ShortestPathsVertex: iteration 45 finished 1472ms
Feb 27, 2014 6:16:15 PM edu.uci.ics.pregelix.core.driver.Driver runLoopBody
INFO: ShortestPathsVertex: iteration 46 finished 1714ms
Feb 27, 2014 6:16:17 PM edu.uci.ics.pregelix.core.driver.Driver runLoopBody
INFO: ShortestPathsVertex: iteration 47 finished 1591ms
Feb 27, 2014 6:16:19 PM edu.uci.ics.pregelix.core.driver.Driver runLoopBody
INFO: ShortestPathsVertex: iteration 48 finished 1695ms
Feb 27, 2014 6:16:20 PM edu.uci.ics.pregelix.core.driver.Driver runLoopBody
INFO: ShortestPathsVertex: iteration 49 finished 1667ms
Feb 27, 2014 6:16:22 PM edu.uci.ics.pregelix.core.driver.Driver runLoopBody
INFO: ShortestPathsVertex: iteration 50 finished 1787ms
Feb 27, 2014 6:16:24 PM edu.uci.ics.pregelix.core.driver.Driver runLoopBody
INFO: ShortestPathsVertex: iteration 51 finished 2095ms
Feb 27, 2014 6:16:26 PM edu.uci.ics.pregelix.core.driver.Driver runLoopBody
INFO: ShortestPathsVertex: iteration 52 finished 1478ms
Feb 27, 2014 6:16:27 PM edu.uci.ics.pregelix.core.driver.Driver runLoopBody
INFO: ShortestPathsVertex: iteration 53 finished 1639ms
Feb 27, 2014 6:16:29 PM edu.uci.ics.pregelix.core.driver.Driver runLoopBody
INFO: ShortestPathsVertex: iteration 54 finished 1541ms
Feb 27, 2014 6:16:30 PM edu.uci.ics.pregelix.core.driver.Driver runLoopBody
INFO: ShortestPathsVertex: iteration 55 finished 1493ms
Feb 27, 2014 6:16:32 PM edu.uci.ics.pregelix.core.driver.Driver runLoopBody
INFO: ShortestPathsVertex: iteration 56 finished 1549ms
Feb 27, 2014 6:16:33 PM edu.uci.ics.pregelix.core.driver.Driver runLoopBody
INFO: ShortestPathsVertex: iteration 57 finished 1471ms
Feb 27, 2014 6:16:35 PM edu.uci.ics.pregelix.core.driver.Driver runLoopBody
INFO: ShortestPathsVertex: iteration 58 finished 1624ms
Feb 27, 2014 6:16:37 PM edu.uci.ics.pregelix.core.driver.Driver runLoopBody
INFO: ShortestPathsVertex: iteration 59 finished 1815ms
Feb 27, 2014 6:16:38 PM edu.uci.ics.pregelix.core.driver.Driver runLoopBody
INFO: ShortestPathsVertex: iteration 60 finished 1499ms
Feb 27, 2014 6:17:22 PM edu.uci.ics.pregelix.core.driver.Driver finishJobs
INFO: result writing finished 43433ms
Feb 27, 2014 6:17:22 PM edu.uci.ics.pregelix.core.driver.Driver runJobs
INFO: job finished
Feb 27, 2014 6:17:22 PM edu.uci.ics.pregelix.core.driver.Driver runJobs
INFO: performance counters
	total vertice: 81126671
	total edges: 1269013366
	num-processors: 2
	system-load-averages: 1
	heap-used-sizes: 990674898
	disk-reads: 1373184
	disk-writes: 632281728
	net-payload-bytes-read: 980944064
	net-payload-bytes-written: 980944064

Total Execution Time: 318 seconds
