Warning: $HADOOP_HOME is deprecated.

Deleted hdfs://sensorium-1:31888/tmp/pgoutput
Warning: $HADOOP_HOME is deprecated.

14/02/17 19:20:44 INFO utils.ConfigurationUtils: No edge input format specified. Ensure your InputFormat does not require one.
14/02/17 19:20:44 INFO utils.ConfigurationUtils: No edge output format specified. Ensure your OutputFormat does not require one.
14/02/17 19:20:44 INFO utils.ConfigurationUtils: Setting custom argument [giraph.useOutOfCoreGraph] to [false] in GiraphConfiguration
14/02/17 19:20:44 INFO utils.ConfigurationUtils: Setting custom argument [giraph.useOutOfCoreMessages] to [false] in GiraphConfiguration
14/02/17 19:20:44 INFO job.GiraphJob: run: Since checkpointing is disabled (default), do not allow any task retries (setting mapred.map.max.attempts = 0, old value = 4)
14/02/17 19:20:51 INFO job.GiraphJob: run: Tracking URL: http://sensorium-1:47040/jobdetails.jsp?jobid=job_201402140954_0024
14/02/17 19:22:17 INFO job.HaltApplicationUtils$DefaultHaltInstructionsWriter: writeHaltInstructions: To halt after next superstep execute: 'bin/halt-application --zkServer sensorium-45.ics.uci.edu:22181 --zkNode /_hadoopBsp/job_201402140954_0024/_haltComputation'
14/02/17 19:22:17 INFO mapred.JobClient: Running job: job_201402140954_0024
14/02/17 19:22:18 INFO mapred.JobClient:  map 91% reduce 0%
14/02/17 19:22:19 INFO mapred.JobClient:  map 100% reduce 0%
14/02/17 19:47:41 INFO mapred.JobClient:  map 95% reduce 0%
14/02/17 19:48:20 INFO mapred.JobClient:  map 91% reduce 0%
14/02/17 19:48:21 INFO mapred.JobClient:  map 87% reduce 0%
14/02/17 19:48:46 INFO mapred.JobClient:  map 83% reduce 0%
14/02/17 19:49:12 INFO mapred.JobClient:  map 79% reduce 0%
14/02/17 19:49:39 INFO mapred.JobClient:  map 74% reduce 0%
14/02/17 19:50:09 INFO mapred.JobClient:  map 66% reduce 0%
14/02/17 19:50:33 INFO mapred.JobClient:  map 58% reduce 0%
14/02/17 19:50:48 INFO mapred.JobClient:  map 54% reduce 0%
14/02/17 19:53:11 INFO mapred.JobClient:  map 49% reduce 0%
14/02/17 19:55:14 INFO mapred.JobClient:  map 45% reduce 0%
14/02/17 19:55:49 INFO mapred.JobClient:  map 41% reduce 0%
14/02/17 19:57:08 INFO mapred.JobClient:  map 37% reduce 0%
14/02/17 19:57:43 INFO mapred.JobClient:  map 33% reduce 0%
14/02/17 19:58:50 INFO mapred.JobClient:  map 29% reduce 0%
14/02/17 20:02:38 INFO mapred.JobClient:  map 24% reduce 0%
14/02/17 20:11:57 INFO mapred.JobClient:  map 20% reduce 0%
14/02/17 20:56:04 INFO mapred.JobClient:  map 16% reduce 0%
14/02/17 21:28:44 INFO mapred.JobClient:  map 12% reduce 0%
14/02/17 21:29:25 INFO mapred.JobClient: Job complete: job_201402140954_0024
14/02/17 21:29:25 INFO mapred.JobClient: Counters: 6
14/02/17 21:29:25 INFO mapred.JobClient:   Job Counters 
14/02/17 21:29:25 INFO mapred.JobClient:     SLOTS_MILLIS_MAPS=30544559
14/02/17 21:29:25 INFO mapred.JobClient:     Total time spent by all reduces waiting after reserving slots (ms)=0
14/02/17 21:29:25 INFO mapred.JobClient:     Total time spent by all maps waiting after reserving slots (ms)=0
14/02/17 21:29:25 INFO mapred.JobClient:     Launched map tasks=24
14/02/17 21:29:25 INFO mapred.JobClient:     SLOTS_MILLIS_REDUCES=0
14/02/17 21:29:25 INFO mapred.JobClient:     Failed map tasks=1
Total Execution Time: 7732 seconds
