Warning: $HADOOP_HOME is deprecated.

Deleted hdfs://sensorium-1:31888/tmp/pgoutput
Warning: $HADOOP_HOME is deprecated.

14/02/18 02:22:49 INFO utils.ConfigurationUtils: No edge input format specified. Ensure your InputFormat does not require one.
14/02/18 02:22:49 INFO utils.ConfigurationUtils: No edge output format specified. Ensure your OutputFormat does not require one.
14/02/18 02:22:49 INFO utils.ConfigurationUtils: Setting custom argument [giraph.useOutOfCoreGraph] to [false] in GiraphConfiguration
14/02/18 02:22:49 INFO utils.ConfigurationUtils: Setting custom argument [giraph.useOutOfCoreMessages] to [true] in GiraphConfiguration
14/02/18 02:22:49 INFO job.GiraphJob: run: Since checkpointing is disabled (default), do not allow any task retries (setting mapred.map.max.attempts = 0, old value = 4)
14/02/18 02:22:55 INFO job.GiraphJob: run: Tracking URL: http://sensorium-1:47040/jobdetails.jsp?jobid=job_201402140954_0028
14/02/18 02:23:51 INFO job.HaltApplicationUtils$DefaultHaltInstructionsWriter: writeHaltInstructions: To halt after next superstep execute: 'bin/halt-application --zkServer sensorium-48.ics.uci.edu:22181 --zkNode /_hadoopBsp/job_201402140954_0028/_haltComputation'
14/02/18 02:23:51 INFO mapred.JobClient: Running job: job_201402140954_0028
14/02/18 02:23:52 INFO mapred.JobClient:  map 95% reduce 0%
14/02/18 02:23:59 INFO mapred.JobClient:  map 100% reduce 0%
14/02/18 02:49:16 INFO mapred.JobClient:  map 95% reduce 0%
14/02/18 02:49:19 INFO mapred.JobClient:  map 91% reduce 0%
14/02/18 02:50:42 INFO mapred.JobClient:  map 87% reduce 0%
14/02/18 02:50:46 INFO mapred.JobClient:  map 83% reduce 0%
14/02/18 02:51:00 INFO mapred.JobClient:  map 79% reduce 0%
14/02/18 02:54:15 INFO mapred.JobClient:  map 74% reduce 0%
14/02/18 02:55:38 INFO mapred.JobClient:  map 70% reduce 0%
14/02/18 02:55:40 INFO mapred.JobClient:  map 66% reduce 0%
14/02/18 02:56:59 INFO mapred.JobClient:  map 62% reduce 0%
14/02/18 02:57:12 INFO mapred.JobClient:  map 58% reduce 0%
14/02/18 02:57:47 INFO mapred.JobClient:  map 54% reduce 0%
14/02/18 02:59:37 INFO mapred.JobClient:  map 49% reduce 0%
14/02/18 03:00:07 INFO mapred.JobClient:  map 45% reduce 0%
14/02/18 03:00:55 INFO mapred.JobClient:  map 41% reduce 0%
14/02/18 03:01:17 INFO mapred.JobClient:  map 37% reduce 0%
14/02/18 03:01:44 INFO mapred.JobClient:  map 33% reduce 0%
14/02/18 03:04:35 INFO mapred.JobClient:  map 29% reduce 0%
14/02/18 03:10:28 INFO mapred.JobClient:  map 24% reduce 0%
14/02/18 03:15:11 INFO mapred.JobClient:  map 20% reduce 0%
14/02/18 03:34:25 INFO mapred.JobClient:  map 16% reduce 0%
14/02/18 04:34:19 INFO mapred.JobClient:  map 12% reduce 0%
14/02/18 04:34:30 INFO mapred.JobClient: Job complete: job_201402140954_0028
14/02/18 04:34:30 INFO mapred.JobClient: Counters: 6
14/02/18 04:34:30 INFO mapred.JobClient:   Job Counters 
14/02/18 04:34:30 INFO mapred.JobClient:     SLOTS_MILLIS_MAPS=31450930
14/02/18 04:34:30 INFO mapred.JobClient:     Total time spent by all reduces waiting after reserving slots (ms)=0
14/02/18 04:34:30 INFO mapred.JobClient:     Total time spent by all maps waiting after reserving slots (ms)=0
14/02/18 04:34:30 INFO mapred.JobClient:     Launched map tasks=24
14/02/18 04:34:30 INFO mapred.JobClient:     SLOTS_MILLIS_REDUCES=0
14/02/18 04:34:30 INFO mapred.JobClient:     Failed map tasks=1
Total Execution Time: 7909 seconds
