Warning: $HADOOP_HOME is deprecated.

Deleted hdfs://sensorium-1:31888/tmp/pgoutput
Warning: $HADOOP_HOME is deprecated.

14/04/03 10:44:42 INFO utils.ConfigurationUtils: No edge input format specified. Ensure your InputFormat does not require one.
14/04/03 10:44:42 INFO utils.ConfigurationUtils: No edge output format specified. Ensure your OutputFormat does not require one.
14/04/03 10:44:42 INFO utils.ConfigurationUtils: Setting custom argument [giraph.useOutOfCoreGraph] to [false] in GiraphConfiguration
14/04/03 10:44:42 INFO utils.ConfigurationUtils: Setting custom argument [giraph.useOutOfCoreMessages] to [true] in GiraphConfiguration
14/04/03 10:44:42 INFO utils.ConfigurationUtils: Setting custom argument [giraph.numComputeThreads] to [4] in GiraphConfiguration
14/04/03 10:44:42 INFO utils.ConfigurationUtils: Setting custom argument [giraph.partitionsDirectory] to [/scratch/yingyib/giraph] in GiraphConfiguration
14/04/03 10:44:42 INFO job.GiraphJob: run: Since checkpointing is disabled (default), do not allow any task retries (setting mapred.map.max.attempts = 0, old value = 4)
14/04/03 10:44:44 INFO job.GiraphJob: run: Tracking URL: http://sensorium-1:47040/jobdetails.jsp?jobid=job_201404030814_0013
14/04/03 10:45:14 INFO job.HaltApplicationUtils$DefaultHaltInstructionsWriter: writeHaltInstructions: To halt after next superstep execute: 'bin/halt-application --zkServer sensorium-6.ics.uci.edu:22181 --zkNode /_hadoopBsp/job_201404030814_0013/_haltComputation'
14/04/03 10:45:14 INFO mapred.JobClient: Running job: job_201404030814_0013
14/04/03 10:45:15 INFO mapred.JobClient:  map 100% reduce 0%
14/04/03 11:17:47 INFO mapred.JobClient:  map 96% reduce 0%
14/04/03 11:20:36 INFO mapred.JobClient:  map 93% reduce 0%
14/04/03 11:20:51 INFO mapred.JobClient:  map 90% reduce 0%
14/04/03 11:22:15 INFO mapred.JobClient:  map 87% reduce 0%
14/04/03 11:22:53 INFO mapred.JobClient:  map 84% reduce 0%
14/04/03 11:23:04 INFO mapred.JobClient:  map 81% reduce 0%
14/04/03 11:24:02 INFO mapred.JobClient:  map 78% reduce 0%
14/04/03 11:24:18 INFO mapred.JobClient:  map 75% reduce 0%
14/04/03 11:24:57 INFO mapred.JobClient:  map 71% reduce 0%
14/04/03 11:26:10 INFO mapred.JobClient:  map 68% reduce 0%
14/04/03 11:28:28 INFO mapred.JobClient:  map 65% reduce 0%
14/04/03 11:29:58 INFO mapred.JobClient:  map 62% reduce 0%
14/04/03 11:30:32 INFO mapred.JobClient:  map 59% reduce 0%
14/04/03 11:30:53 INFO mapred.JobClient: Job complete: job_201404030814_0013
14/04/03 11:30:53 INFO mapred.JobClient: Counters: 5
14/04/03 11:30:53 INFO mapred.JobClient:   Job Counters 
14/04/03 11:30:53 INFO mapred.JobClient:     SLOTS_MILLIS_MAPS=49337224
14/04/03 11:30:53 INFO mapred.JobClient:     Total time spent by all reduces waiting after reserving slots (ms)=0
14/04/03 11:30:53 INFO mapred.JobClient:     Total time spent by all maps waiting after reserving slots (ms)=0
14/04/03 11:30:53 INFO mapred.JobClient:     Launched map tasks=32
14/04/03 11:30:53 INFO mapred.JobClient:     SLOTS_MILLIS_REDUCES=0
Total Execution Time: 2779 seconds
