Mar 10, 2014 3:56:03 PM edu.uci.ics.pregelix.core.driver.Driver installApplication
INFO: jar deployment finished 6353ms
Mar 10, 2014 3:56:03 PM edu.uci.ics.pregelix.core.driver.Driver runJobs
INFO: job started
Mar 10, 2014 3:56:04 PM org.apache.hadoop.mapreduce.lib.input.FileInputFormat listStatus
INFO: Total input paths to process : 62
Mar 10, 2014 3:56:04 PM org.apache.hadoop.util.NativeCodeLoader <clinit>
WARNING: Unable to load native-hadoop library for your platform... using builtin-java classes where applicable
Mar 10, 2014 3:56:04 PM org.apache.hadoop.io.compress.snappy.LoadSnappy <clinit>
WARNING: Snappy native library not loaded
Mar 10, 2014 3:56:04 PM edu.uci.ics.pregelix.core.jobgen.JobGen loadHDFSData
INFO: number of splits: 62
Mar 10, 2014 3:56:04 PM edu.uci.ics.pregelix.core.jobgen.JobGen loadHDFSData
INFO: hdfs://sensorium-1:31888/btc005x/part-0:0+123745215
Mar 10, 2014 3:56:04 PM edu.uci.ics.pregelix.core.jobgen.JobGen loadHDFSData
INFO: hdfs://sensorium-1:31888/btc005x/part-1:0+123605232
Mar 10, 2014 3:56:04 PM edu.uci.ics.pregelix.core.jobgen.JobGen loadHDFSData
INFO: hdfs://sensorium-1:31888/btc005x/part-10:0+110128704
Mar 10, 2014 3:56:04 PM edu.uci.ics.pregelix.core.jobgen.JobGen loadHDFSData
INFO: hdfs://sensorium-1:31888/btc005x/part-11:0+110067134
Mar 10, 2014 3:56:04 PM edu.uci.ics.pregelix.core.jobgen.JobGen loadHDFSData
INFO: hdfs://sensorium-1:31888/btc005x/part-12:0+109840289
Mar 10, 2014 3:56:04 PM edu.uci.ics.pregelix.core.jobgen.JobGen loadHDFSData
INFO: hdfs://sensorium-1:31888/btc005x/part-13:0+110000824
Mar 10, 2014 3:56:04 PM edu.uci.ics.pregelix.core.jobgen.JobGen loadHDFSData
INFO: hdfs://sensorium-1:31888/btc005x/part-14:0+110090524
Mar 10, 2014 3:56:04 PM edu.uci.ics.pregelix.core.jobgen.JobGen loadHDFSData
INFO: hdfs://sensorium-1:31888/btc005x/part-15:0+110083643
Mar 10, 2014 3:56:04 PM edu.uci.ics.pregelix.core.jobgen.JobGen loadHDFSData
INFO: hdfs://sensorium-1:31888/btc005x/part-16:0+109829668
Mar 10, 2014 3:56:04 PM edu.uci.ics.pregelix.core.jobgen.JobGen loadHDFSData
INFO: hdfs://sensorium-1:31888/btc005x/part-17:0+109968495
Mar 10, 2014 3:56:04 PM edu.uci.ics.pregelix.core.jobgen.JobGen loadHDFSData
INFO: hdfs://sensorium-1:31888/btc005x/part-18:0+109602672
Mar 10, 2014 3:56:04 PM edu.uci.ics.pregelix.core.jobgen.JobGen loadHDFSData
INFO: hdfs://sensorium-1:31888/btc005x/part-19:0+109910314
Mar 10, 2014 3:56:04 PM edu.uci.ics.pregelix.core.jobgen.JobGen loadHDFSData
INFO: hdfs://sensorium-1:31888/btc005x/part-2:0+123749782
Mar 10, 2014 3:56:04 PM edu.uci.ics.pregelix.core.jobgen.JobGen loadHDFSData
INFO: hdfs://sensorium-1:31888/btc005x/part-20:0+109991707
Mar 10, 2014 3:56:04 PM edu.uci.ics.pregelix.core.jobgen.JobGen loadHDFSData
INFO: hdfs://sensorium-1:31888/btc005x/part-21:0+109836921
Mar 10, 2014 3:56:04 PM edu.uci.ics.pregelix.core.jobgen.JobGen loadHDFSData
INFO: hdfs://sensorium-1:31888/btc005x/part-22:0+109996000
Mar 10, 2014 3:56:04 PM edu.uci.ics.pregelix.core.jobgen.JobGen loadHDFSData
INFO: hdfs://sensorium-1:31888/btc005x/part-23:0+109876416
Mar 10, 2014 3:56:04 PM edu.uci.ics.pregelix.core.jobgen.JobGen loadHDFSData
INFO: hdfs://sensorium-1:31888/btc005x/part-24:0+109847029
Mar 10, 2014 3:56:04 PM edu.uci.ics.pregelix.core.jobgen.JobGen loadHDFSData
INFO: hdfs://sensorium-1:31888/btc005x/part-25:0+109714903
Mar 10, 2014 3:56:04 PM edu.uci.ics.pregelix.core.jobgen.JobGen loadHDFSData
INFO: hdfs://sensorium-1:31888/btc005x/part-26:0+109922347
Mar 10, 2014 3:56:04 PM edu.uci.ics.pregelix.core.jobgen.JobGen loadHDFSData
INFO: hdfs://sensorium-1:31888/btc005x/part-27:0+110037313
Mar 10, 2014 3:56:04 PM edu.uci.ics.pregelix.core.jobgen.JobGen loadHDFSData
INFO: hdfs://sensorium-1:31888/btc005x/part-28:0+123676695
Mar 10, 2014 3:56:04 PM edu.uci.ics.pregelix.core.jobgen.JobGen loadHDFSData
INFO: hdfs://sensorium-1:31888/btc005x/part-29:0+123585991
Mar 10, 2014 3:56:04 PM edu.uci.ics.pregelix.core.jobgen.JobGen loadHDFSData
INFO: hdfs://sensorium-1:31888/btc005x/part-3:0+123894935
Mar 10, 2014 3:56:04 PM edu.uci.ics.pregelix.core.jobgen.JobGen loadHDFSData
INFO: hdfs://sensorium-1:31888/btc005x/part-30:0+123616799
Mar 10, 2014 3:56:04 PM edu.uci.ics.pregelix.core.jobgen.JobGen loadHDFSData
INFO: hdfs://sensorium-1:31888/btc005x/part-31:0+123546033
Mar 10, 2014 3:56:04 PM edu.uci.ics.pregelix.core.jobgen.JobGen loadHDFSData
INFO: hdfs://sensorium-1:31888/btc005x/part-32:0+123662258
Mar 10, 2014 3:56:04 PM edu.uci.ics.pregelix.core.jobgen.JobGen loadHDFSData
INFO: hdfs://sensorium-1:31888/btc005x/part-33:0+123489414
Mar 10, 2014 3:56:04 PM edu.uci.ics.pregelix.core.jobgen.JobGen loadHDFSData
INFO: hdfs://sensorium-1:31888/btc005x/part-34:0+123598096
Mar 10, 2014 3:56:04 PM edu.uci.ics.pregelix.core.jobgen.JobGen loadHDFSData
INFO: hdfs://sensorium-1:31888/btc005x/part-35:0+123836316
Mar 10, 2014 3:56:04 PM edu.uci.ics.pregelix.core.jobgen.JobGen loadHDFSData
INFO: hdfs://sensorium-1:31888/btc005x/part-36:0+110123401
Mar 10, 2014 3:56:04 PM edu.uci.ics.pregelix.core.jobgen.JobGen loadHDFSData
INFO: hdfs://sensorium-1:31888/btc005x/part-37:0+110127309
Mar 10, 2014 3:56:04 PM edu.uci.ics.pregelix.core.jobgen.JobGen loadHDFSData
INFO: hdfs://sensorium-1:31888/btc005x/part-38:0+109972774
Mar 10, 2014 3:56:04 PM edu.uci.ics.pregelix.core.jobgen.JobGen loadHDFSData
INFO: hdfs://sensorium-1:31888/btc005x/part-39:0+109978246
Mar 10, 2014 3:56:04 PM edu.uci.ics.pregelix.core.jobgen.JobGen loadHDFSData
INFO: hdfs://sensorium-1:31888/btc005x/part-4:0+123648917
Mar 10, 2014 3:56:04 PM edu.uci.ics.pregelix.core.jobgen.JobGen loadHDFSData
INFO: hdfs://sensorium-1:31888/btc005x/part-40:0+109992704
Mar 10, 2014 3:56:04 PM edu.uci.ics.pregelix.core.jobgen.JobGen loadHDFSData
INFO: hdfs://sensorium-1:31888/btc005x/part-41:0+109940875
Mar 10, 2014 3:56:04 PM edu.uci.ics.pregelix.core.jobgen.JobGen loadHDFSData
INFO: hdfs://sensorium-1:31888/btc005x/part-42:0+109925400
Mar 10, 2014 3:56:04 PM edu.uci.ics.pregelix.core.jobgen.JobGen loadHDFSData
INFO: hdfs://sensorium-1:31888/btc005x/part-43:0+109889259
Mar 10, 2014 3:56:04 PM edu.uci.ics.pregelix.core.jobgen.JobGen loadHDFSData
INFO: hdfs://sensorium-1:31888/btc005x/part-44:0+110086340
Mar 10, 2014 3:56:04 PM edu.uci.ics.pregelix.core.jobgen.JobGen loadHDFSData
INFO: hdfs://sensorium-1:31888/btc005x/part-45:0+109830234
Mar 10, 2014 3:56:04 PM edu.uci.ics.pregelix.core.jobgen.JobGen loadHDFSData
INFO: hdfs://sensorium-1:31888/btc005x/part-46:0+109916425
Mar 10, 2014 3:56:04 PM edu.uci.ics.pregelix.core.jobgen.JobGen loadHDFSData
INFO: hdfs://sensorium-1:31888/btc005x/part-47:0+109995265
Mar 10, 2014 3:56:04 PM edu.uci.ics.pregelix.core.jobgen.JobGen loadHDFSData
INFO: hdfs://sensorium-1:31888/btc005x/part-48:0+110126852
Mar 10, 2014 3:56:04 PM edu.uci.ics.pregelix.core.jobgen.JobGen loadHDFSData
INFO: hdfs://sensorium-1:31888/btc005x/part-49:0+109868641
Mar 10, 2014 3:56:04 PM edu.uci.ics.pregelix.core.jobgen.JobGen loadHDFSData
INFO: hdfs://sensorium-1:31888/btc005x/part-5:0+109691062
Mar 10, 2014 3:56:04 PM edu.uci.ics.pregelix.core.jobgen.JobGen loadHDFSData
INFO: hdfs://sensorium-1:31888/btc005x/part-50:0+110053497
Mar 10, 2014 3:56:04 PM edu.uci.ics.pregelix.core.jobgen.JobGen loadHDFSData
INFO: hdfs://sensorium-1:31888/btc005x/part-51:0+109857173
Mar 10, 2014 3:56:04 PM edu.uci.ics.pregelix.core.jobgen.JobGen loadHDFSData
INFO: hdfs://sensorium-1:31888/btc005x/part-52:0+110207158
Mar 10, 2014 3:56:04 PM edu.uci.ics.pregelix.core.jobgen.JobGen loadHDFSData
INFO: hdfs://sensorium-1:31888/btc005x/part-53:0+110219496
Mar 10, 2014 3:56:04 PM edu.uci.ics.pregelix.core.jobgen.JobGen loadHDFSData
INFO: hdfs://sensorium-1:31888/btc005x/part-54:0+110125075
Mar 10, 2014 3:56:04 PM edu.uci.ics.pregelix.core.jobgen.JobGen loadHDFSData
INFO: hdfs://sensorium-1:31888/btc005x/part-55:0+109942336
Mar 10, 2014 3:56:04 PM edu.uci.ics.pregelix.core.jobgen.JobGen loadHDFSData
INFO: hdfs://sensorium-1:31888/btc005x/part-56:0+110076985
Mar 10, 2014 3:56:04 PM edu.uci.ics.pregelix.core.jobgen.JobGen loadHDFSData
INFO: hdfs://sensorium-1:31888/btc005x/part-57:0+109911125
Mar 10, 2014 3:56:04 PM edu.uci.ics.pregelix.core.jobgen.JobGen loadHDFSData
INFO: hdfs://sensorium-1:31888/btc005x/part-58:0+109965831
Mar 10, 2014 3:56:04 PM edu.uci.ics.pregelix.core.jobgen.JobGen loadHDFSData
INFO: hdfs://sensorium-1:31888/btc005x/part-59:0+123629431
Mar 10, 2014 3:56:04 PM edu.uci.ics.pregelix.core.jobgen.JobGen loadHDFSData
INFO: hdfs://sensorium-1:31888/btc005x/part-6:0+109915609
Mar 10, 2014 3:56:04 PM edu.uci.ics.pregelix.core.jobgen.JobGen loadHDFSData
INFO: hdfs://sensorium-1:31888/btc005x/part-60:0+123829398
Mar 10, 2014 3:56:04 PM edu.uci.ics.pregelix.core.jobgen.JobGen loadHDFSData
INFO: hdfs://sensorium-1:31888/btc005x/part-61:0+123561618
Mar 10, 2014 3:56:04 PM edu.uci.ics.pregelix.core.jobgen.JobGen loadHDFSData
INFO: hdfs://sensorium-1:31888/btc005x/part-7:0+109748169
Mar 10, 2014 3:56:04 PM edu.uci.ics.pregelix.core.jobgen.JobGen loadHDFSData
INFO: hdfs://sensorium-1:31888/btc005x/part-8:0+110091964
Mar 10, 2014 3:56:04 PM edu.uci.ics.pregelix.core.jobgen.JobGen loadHDFSData
INFO: hdfs://sensorium-1:31888/btc005x/part-9:0+110016359
Mar 10, 2014 3:56:04 PM edu.uci.ics.hyracks.hdfs.scheduler.Scheduler getLocationConstraints
INFO: Data local rate: 0.8709677457809448
Mar 10, 2014 3:57:04 PM edu.uci.ics.pregelix.core.driver.Driver loadData
INFO: data loading finished 61170ms
Mar 10, 2014 3:59:14 PM edu.uci.ics.pregelix.core.driver.Driver runLoopBody
INFO: ConnectedComponentsVertex: iteration 1 finished 129526ms
Mar 10, 2014 4:02:12 PM edu.uci.ics.pregelix.core.driver.Driver runLoopBody
INFO: ConnectedComponentsVertex: iteration 2 finished 178355ms
Mar 10, 2014 4:04:47 PM edu.uci.ics.pregelix.core.driver.Driver runLoopBody
INFO: ConnectedComponentsVertex: iteration 3 finished 154741ms
Mar 10, 2014 4:07:38 PM edu.uci.ics.pregelix.core.driver.Driver runLoopBody
INFO: ConnectedComponentsVertex: iteration 4 finished 170483ms
Mar 10, 2014 4:10:01 PM edu.uci.ics.pregelix.core.driver.Driver runLoopBody
INFO: ConnectedComponentsVertex: iteration 5 finished 142879ms
Mar 10, 2014 4:12:04 PM edu.uci.ics.pregelix.core.driver.Driver runLoopBody
INFO: ConnectedComponentsVertex: iteration 6 finished 123363ms
Mar 10, 2014 4:13:36 PM edu.uci.ics.pregelix.core.driver.Driver runLoopBody
INFO: ConnectedComponentsVertex: iteration 7 finished 92248ms
Mar 10, 2014 4:14:58 PM edu.uci.ics.pregelix.core.driver.Driver runLoopBody
INFO: ConnectedComponentsVertex: iteration 8 finished 81451ms
Mar 10, 2014 4:15:30 PM edu.uci.ics.pregelix.core.driver.Driver runLoopBody
INFO: ConnectedComponentsVertex: iteration 9 finished 32155ms
Mar 10, 2014 4:15:51 PM edu.uci.ics.pregelix.core.driver.Driver runLoopBody
INFO: ConnectedComponentsVertex: iteration 10 finished 21392ms
Mar 10, 2014 4:15:57 PM edu.uci.ics.pregelix.core.driver.Driver runLoopBody
INFO: ConnectedComponentsVertex: iteration 11 finished 5575ms
Mar 10, 2014 4:16:00 PM edu.uci.ics.pregelix.core.driver.Driver runLoopBody
INFO: ConnectedComponentsVertex: iteration 12 finished 3232ms
Mar 10, 2014 4:16:02 PM edu.uci.ics.pregelix.core.driver.Driver runLoopBody
INFO: ConnectedComponentsVertex: iteration 13 finished 2194ms
Mar 10, 2014 4:16:04 PM edu.uci.ics.pregelix.core.driver.Driver runLoopBody
INFO: ConnectedComponentsVertex: iteration 14 finished 1553ms
Mar 10, 2014 4:16:05 PM edu.uci.ics.pregelix.core.driver.Driver runLoopBody
INFO: ConnectedComponentsVertex: iteration 15 finished 1480ms
Mar 10, 2014 4:16:07 PM edu.uci.ics.pregelix.core.driver.Driver runLoopBody
INFO: ConnectedComponentsVertex: iteration 16 finished 1427ms
Mar 10, 2014 4:16:08 PM edu.uci.ics.pregelix.core.driver.Driver runLoopBody
INFO: ConnectedComponentsVertex: iteration 17 finished 1309ms
Mar 10, 2014 4:16:10 PM edu.uci.ics.pregelix.core.driver.Driver runLoopBody
INFO: ConnectedComponentsVertex: iteration 18 finished 1301ms
Mar 10, 2014 4:16:11 PM edu.uci.ics.pregelix.core.driver.Driver runLoopBody
INFO: ConnectedComponentsVertex: iteration 19 finished 1559ms
Mar 10, 2014 4:16:12 PM edu.uci.ics.pregelix.core.driver.Driver runLoopBody
INFO: ConnectedComponentsVertex: iteration 20 finished 1065ms
Mar 10, 2014 4:16:44 PM edu.uci.ics.pregelix.core.driver.Driver finishJobs
INFO: result writing finished 31531ms
Mar 10, 2014 4:16:44 PM edu.uci.ics.pregelix.core.driver.Driver runJobs
INFO: job finished
Mar 10, 2014 4:16:44 PM edu.uci.ics.pregelix.core.driver.Driver runJobs
INFO: performance counters
	total vertice: 107706280
	total edges: 607509766
	num-processors: 2
	system-load-averages: 1
	heap-used-sizes: 993104058
	disk-reads: 15041536
	disk-writes: 3699184384
	net-payload-bytes-read: 3177425728
	net-payload-bytes-written: 3177425728

Total Execution Time: 1257 seconds
