Mar 12, 2014 9:04:59 PM edu.uci.ics.pregelix.core.driver.Driver installApplication
INFO: jar deployment finished 6935ms
Mar 12, 2014 9:04:59 PM edu.uci.ics.pregelix.core.driver.Driver runJobs
INFO: job started
Mar 12, 2014 9:05:00 PM org.apache.hadoop.mapreduce.lib.input.FileInputFormat listStatus
INFO: Total input paths to process : 37
Mar 12, 2014 9:05:00 PM org.apache.hadoop.util.NativeCodeLoader <clinit>
WARNING: Unable to load native-hadoop library for your platform... using builtin-java classes where applicable
Mar 12, 2014 9:05:00 PM org.apache.hadoop.io.compress.snappy.LoadSnappy <clinit>
WARNING: Snappy native library not loaded
Mar 12, 2014 9:05:00 PM edu.uci.ics.pregelix.core.jobgen.JobGen loadHDFSData
INFO: number of splits: 37
Mar 12, 2014 9:05:00 PM edu.uci.ics.pregelix.core.jobgen.JobGen loadHDFSData
INFO: hdfs://sensorium-1:31888/webmap005x/part-0:0+303232789
Mar 12, 2014 9:05:00 PM edu.uci.ics.pregelix.core.jobgen.JobGen loadHDFSData
INFO: hdfs://sensorium-1:31888/webmap005x/part-1:0+303539176
Mar 12, 2014 9:05:00 PM edu.uci.ics.pregelix.core.jobgen.JobGen loadHDFSData
INFO: hdfs://sensorium-1:31888/webmap005x/part-10:0+303090775
Mar 12, 2014 9:05:00 PM edu.uci.ics.pregelix.core.jobgen.JobGen loadHDFSData
INFO: hdfs://sensorium-1:31888/webmap005x/part-11:0+302998783
Mar 12, 2014 9:05:00 PM edu.uci.ics.pregelix.core.jobgen.JobGen loadHDFSData
INFO: hdfs://sensorium-1:31888/webmap005x/part-12:0+303448602
Mar 12, 2014 9:05:00 PM edu.uci.ics.pregelix.core.jobgen.JobGen loadHDFSData
INFO: hdfs://sensorium-1:31888/webmap005x/part-13:0+303340393
Mar 12, 2014 9:05:00 PM edu.uci.ics.pregelix.core.jobgen.JobGen loadHDFSData
INFO: hdfs://sensorium-1:31888/webmap005x/part-14:0+303007059
Mar 12, 2014 9:05:00 PM edu.uci.ics.pregelix.core.jobgen.JobGen loadHDFSData
INFO: hdfs://sensorium-1:31888/webmap005x/part-15:0+303874442
Mar 12, 2014 9:05:00 PM edu.uci.ics.pregelix.core.jobgen.JobGen loadHDFSData
INFO: hdfs://sensorium-1:31888/webmap005x/part-16:0+303116335
Mar 12, 2014 9:05:00 PM edu.uci.ics.pregelix.core.jobgen.JobGen loadHDFSData
INFO: hdfs://sensorium-1:31888/webmap005x/part-17:0+303707113
Mar 12, 2014 9:05:00 PM edu.uci.ics.pregelix.core.jobgen.JobGen loadHDFSData
INFO: hdfs://sensorium-1:31888/webmap005x/part-18:0+303290646
Mar 12, 2014 9:05:00 PM edu.uci.ics.pregelix.core.jobgen.JobGen loadHDFSData
INFO: hdfs://sensorium-1:31888/webmap005x/part-19:0+303652394
Mar 12, 2014 9:05:00 PM edu.uci.ics.pregelix.core.jobgen.JobGen loadHDFSData
INFO: hdfs://sensorium-1:31888/webmap005x/part-2:0+303647196
Mar 12, 2014 9:05:00 PM edu.uci.ics.pregelix.core.jobgen.JobGen loadHDFSData
INFO: hdfs://sensorium-1:31888/webmap005x/part-20:0+303005066
Mar 12, 2014 9:05:00 PM edu.uci.ics.pregelix.core.jobgen.JobGen loadHDFSData
INFO: hdfs://sensorium-1:31888/webmap005x/part-21:0+302803866
Mar 12, 2014 9:05:00 PM edu.uci.ics.pregelix.core.jobgen.JobGen loadHDFSData
INFO: hdfs://sensorium-1:31888/webmap005x/part-22:0+302851279
Mar 12, 2014 9:05:00 PM edu.uci.ics.pregelix.core.jobgen.JobGen loadHDFSData
INFO: hdfs://sensorium-1:31888/webmap005x/part-23:0+303312415
Mar 12, 2014 9:05:00 PM edu.uci.ics.pregelix.core.jobgen.JobGen loadHDFSData
INFO: hdfs://sensorium-1:31888/webmap005x/part-24:0+302838075
Mar 12, 2014 9:05:00 PM edu.uci.ics.pregelix.core.jobgen.JobGen loadHDFSData
INFO: hdfs://sensorium-1:31888/webmap005x/part-25:0+303161217
Mar 12, 2014 9:05:00 PM edu.uci.ics.pregelix.core.jobgen.JobGen loadHDFSData
INFO: hdfs://sensorium-1:31888/webmap005x/part-26:0+302839288
Mar 12, 2014 9:05:00 PM edu.uci.ics.pregelix.core.jobgen.JobGen loadHDFSData
INFO: hdfs://sensorium-1:31888/webmap005x/part-27:0+303690912
Mar 12, 2014 9:05:00 PM edu.uci.ics.pregelix.core.jobgen.JobGen loadHDFSData
INFO: hdfs://sensorium-1:31888/webmap005x/part-28:0+303084570
Mar 12, 2014 9:05:00 PM edu.uci.ics.pregelix.core.jobgen.JobGen loadHDFSData
INFO: hdfs://sensorium-1:31888/webmap005x/part-29:0+303462758
Mar 12, 2014 9:05:00 PM edu.uci.ics.pregelix.core.jobgen.JobGen loadHDFSData
INFO: hdfs://sensorium-1:31888/webmap005x/part-3:0+303783743
Mar 12, 2014 9:05:00 PM edu.uci.ics.pregelix.core.jobgen.JobGen loadHDFSData
INFO: hdfs://sensorium-1:31888/webmap005x/part-30:0+303719393
Mar 12, 2014 9:05:00 PM edu.uci.ics.pregelix.core.jobgen.JobGen loadHDFSData
INFO: hdfs://sensorium-1:31888/webmap005x/part-31:0+303501355
Mar 12, 2014 9:05:00 PM edu.uci.ics.pregelix.core.jobgen.JobGen loadHDFSData
INFO: hdfs://sensorium-1:31888/webmap005x/part-32:0+303383275
Mar 12, 2014 9:05:00 PM edu.uci.ics.pregelix.core.jobgen.JobGen loadHDFSData
INFO: hdfs://sensorium-1:31888/webmap005x/part-33:0+303200775
Mar 12, 2014 9:05:00 PM edu.uci.ics.pregelix.core.jobgen.JobGen loadHDFSData
INFO: hdfs://sensorium-1:31888/webmap005x/part-34:0+303481831
Mar 12, 2014 9:05:00 PM edu.uci.ics.pregelix.core.jobgen.JobGen loadHDFSData
INFO: hdfs://sensorium-1:31888/webmap005x/part-35:0+303231717
Mar 12, 2014 9:05:00 PM edu.uci.ics.pregelix.core.jobgen.JobGen loadHDFSData
INFO: hdfs://sensorium-1:31888/webmap005x/part-36:0+303132155
Mar 12, 2014 9:05:00 PM edu.uci.ics.pregelix.core.jobgen.JobGen loadHDFSData
INFO: hdfs://sensorium-1:31888/webmap005x/part-4:0+303530270
Mar 12, 2014 9:05:00 PM edu.uci.ics.pregelix.core.jobgen.JobGen loadHDFSData
INFO: hdfs://sensorium-1:31888/webmap005x/part-5:0+303812076
Mar 12, 2014 9:05:00 PM edu.uci.ics.pregelix.core.jobgen.JobGen loadHDFSData
INFO: hdfs://sensorium-1:31888/webmap005x/part-6:0+303554563
Mar 12, 2014 9:05:00 PM edu.uci.ics.pregelix.core.jobgen.JobGen loadHDFSData
INFO: hdfs://sensorium-1:31888/webmap005x/part-7:0+303540585
Mar 12, 2014 9:05:00 PM edu.uci.ics.pregelix.core.jobgen.JobGen loadHDFSData
INFO: hdfs://sensorium-1:31888/webmap005x/part-8:0+303462255
Mar 12, 2014 9:05:00 PM edu.uci.ics.pregelix.core.jobgen.JobGen loadHDFSData
INFO: hdfs://sensorium-1:31888/webmap005x/part-9:0+302925238
Mar 12, 2014 9:05:00 PM edu.uci.ics.hyracks.hdfs.scheduler.Scheduler getLocationConstraints
INFO: Data local rate: 0.837837815284729
Mar 12, 2014 9:07:42 PM edu.uci.ics.pregelix.core.driver.Driver loadData
INFO: data loading finished 162643ms
Mar 12, 2014 9:13:15 PM edu.uci.ics.pregelix.core.driver.Driver runLoopBody
INFO: PageRankVertex: iteration 1 finished 332359ms
Mar 12, 2014 9:19:35 PM edu.uci.ics.pregelix.core.driver.Driver runLoopBody
INFO: PageRankVertex: iteration 2 finished 380410ms
Mar 12, 2014 9:25:56 PM edu.uci.ics.pregelix.core.driver.Driver runLoopBody
INFO: PageRankVertex: iteration 3 finished 380713ms
Mar 12, 2014 9:32:45 PM edu.uci.ics.pregelix.core.driver.Driver runLoopBody
INFO: PageRankVertex: iteration 4 finished 408913ms
Mar 12, 2014 9:35:04 PM edu.uci.ics.pregelix.core.driver.Driver runLoopBody
INFO: PageRankVertex: iteration 5 finished 138774ms
Mar 12, 2014 9:37:19 PM edu.uci.ics.pregelix.core.driver.Driver finishJobs
INFO: result writing finished 134380ms
Mar 12, 2014 9:37:20 PM edu.uci.ics.pregelix.core.driver.Driver runJobs
INFO: job finished
Mar 12, 2014 9:37:20 PM edu.uci.ics.pregelix.core.driver.Driver runJobs
INFO: performance counters
	total vertice: 81126671
	total edges: 1269013366
	num-processors: 2
	system-load-averages: 2
	heap-used-sizes: 1686680152
	disk-reads: 14889008640
	disk-writes: 20264777216
	net-payload-bytes-read: 6138861072
	net-payload-bytes-written: 6138861072

Total Execution Time: 1957 seconds
