Warning: $HADOOP_HOME is deprecated.

rmr: cannot remove /tmp/pgoutput: No such file or directory.
Warning: $HADOOP_HOME is deprecated.

14/02/26 16:18:57 INFO utils.ConfigurationUtils: No edge input format specified. Ensure your InputFormat does not require one.
14/02/26 16:18:57 INFO utils.ConfigurationUtils: No edge output format specified. Ensure your OutputFormat does not require one.
14/02/26 16:18:57 INFO utils.ConfigurationUtils: Setting custom argument [giraph.useOutOfCoreGraph] to [false] in GiraphConfiguration
14/02/26 16:18:57 INFO utils.ConfigurationUtils: Setting custom argument [giraph.useOutOfCoreMessages] to [false] in GiraphConfiguration
14/02/26 16:18:57 INFO utils.ConfigurationUtils: Setting custom argument [giraph.shortestPathsBenchmark.sourcId] to [2691344] in GiraphConfiguration
14/02/26 16:18:57 INFO job.GiraphJob: run: Since checkpointing is disabled (default), do not allow any task retries (setting mapred.map.max.attempts = 0, old value = 4)
14/02/26 16:18:58 INFO mapred.JobClient: Cleaning up the staging area hdfs://sensorium-1:31888/scratch/yingyib/hadoop4-tmp/mapred/staging/yingyib/.staging/job_201402140954_0046
14/02/26 16:18:58 ERROR security.UserGroupInformation: PriviledgedActionException as:yingyib cause:org.apache.hadoop.mapred.FileAlreadyExistsException: Output directory /tmp/spoutput already exists
Exception in thread "main" org.apache.hadoop.mapred.FileAlreadyExistsException: Output directory /tmp/spoutput already exists
	at org.apache.hadoop.mapreduce.lib.output.FileOutputFormat.checkOutputSpecs(FileOutputFormat.java:137)
	at org.apache.giraph.io.formats.TextVertexOutputFormat.checkOutputSpecs(TextVertexOutputFormat.java:60)
	at org.apache.giraph.io.internal.WrappedVertexOutputFormat.checkOutputSpecs(WrappedVertexOutputFormat.java:104)
	at org.apache.giraph.bsp.BspOutputFormat.checkOutputSpecs(BspOutputFormat.java:52)
	at org.apache.hadoop.mapred.JobClient$2.run(JobClient.java:887)
	at org.apache.hadoop.mapred.JobClient$2.run(JobClient.java:850)
	at java.security.AccessController.doPrivileged(Native Method)
	at javax.security.auth.Subject.doAs(Subject.java:415)
	at org.apache.hadoop.security.UserGroupInformation.doAs(UserGroupInformation.java:1121)
	at org.apache.hadoop.mapred.JobClient.submitJobInternal(JobClient.java:850)
	at org.apache.hadoop.mapreduce.Job.submit(Job.java:500)
	at org.apache.giraph.job.GiraphJob.run(GiraphJob.java:250)
	at org.apache.giraph.GiraphRunner.run(GiraphRunner.java:94)
	at org.apache.hadoop.util.ToolRunner.run(ToolRunner.java:65)
	at org.apache.hadoop.util.ToolRunner.run(ToolRunner.java:79)
	at org.apache.giraph.GiraphRunner.main(GiraphRunner.java:124)
	at sun.reflect.NativeMethodAccessorImpl.invoke0(Native Method)
	at sun.reflect.NativeMethodAccessorImpl.invoke(NativeMethodAccessorImpl.java:57)
	at sun.reflect.DelegatingMethodAccessorImpl.invoke(DelegatingMethodAccessorImpl.java:43)
	at java.lang.reflect.Method.invoke(Method.java:606)
	at org.apache.hadoop.util.RunJar.main(RunJar.java:156)
Total Execution Time: 9 seconds
