Warning: $HADOOP_HOME is deprecated.

Deleted hdfs://sensorium-1:31888/tmp/spoutput
Warning: $HADOOP_HOME is deprecated.

14/03/01 14:06:43 INFO utils.ConfigurationUtils: No edge input format specified. Ensure your InputFormat does not require one.
14/03/01 14:06:43 INFO utils.ConfigurationUtils: No edge output format specified. Ensure your OutputFormat does not require one.
14/03/01 14:06:43 INFO utils.ConfigurationUtils: Setting custom argument [giraph.useOutOfCoreGraph] to [false] in GiraphConfiguration
14/03/01 14:06:43 INFO utils.ConfigurationUtils: Setting custom argument [giraph.useOutOfCoreMessages] to [false] in GiraphConfiguration
14/03/01 14:06:43 INFO utils.ConfigurationUtils: Setting custom argument [giraph.partitionsDirectory] to [/scratch/yingyib/giraph] in GiraphConfiguration
14/03/01 14:06:43 INFO utils.ConfigurationUtils: Setting custom argument [giraph.shortestPathsBenchmark.sourceId] to [1120] in GiraphConfiguration
14/03/01 14:06:43 INFO job.GiraphJob: run: Since checkpointing is disabled (default), do not allow any task retries (setting mapred.map.max.attempts = 0, old value = 4)
14/03/01 14:06:45 INFO job.GiraphJob: run: Tracking URL: http://sensorium-1:47040/jobdetails.jsp?jobid=job_201402140954_0119
14/03/01 14:07:45 INFO job.HaltApplicationUtils$DefaultHaltInstructionsWriter: writeHaltInstructions: To halt after next superstep execute: 'bin/halt-application --zkServer sensorium-63.ics.uci.edu:22181 --zkNode /_hadoopBsp/job_201402140954_0119/_haltComputation'
14/03/01 14:07:45 INFO mapred.JobClient: Running job: job_201402140954_0119
14/03/01 14:07:46 INFO mapred.JobClient:  map 87% reduce 0%
14/03/01 14:07:48 INFO mapred.JobClient:  map 100% reduce 0%
14/03/01 14:28:57 INFO mapred.JobClient:  map 87% reduce 0%
14/03/01 14:36:00 INFO mapred.JobClient:  map 75% reduce 0%
14/03/01 14:38:55 INFO mapred.JobClient:  map 62% reduce 0%
14/03/01 15:30:54 INFO mapred.JobClient:  map 50% reduce 0%
14/03/01 16:11:58 INFO mapred.JobClient:  map 37% reduce 0%
14/03/01 16:12:15 INFO mapred.JobClient: Job complete: job_201402140954_0119
14/03/01 16:12:15 INFO mapred.JobClient: Counters: 6
14/03/01 16:12:15 INFO mapred.JobClient:   Job Counters 
14/03/01 16:12:15 INFO mapred.JobClient:     SLOTS_MILLIS_MAPS=29906392
14/03/01 16:12:15 INFO mapred.JobClient:     Total time spent by all reduces waiting after reserving slots (ms)=0
14/03/01 16:12:15 INFO mapred.JobClient:     Total time spent by all maps waiting after reserving slots (ms)=0
14/03/01 16:12:15 INFO mapred.JobClient:     Launched map tasks=8
14/03/01 16:12:15 INFO mapred.JobClient:     SLOTS_MILLIS_REDUCES=0
14/03/01 16:12:15 INFO mapred.JobClient:     Failed map tasks=1
Total Execution Time: 7541 seconds
