Warning: $HADOOP_HOME is deprecated.

Deleted hdfs://sensorium-1:31888/tmp/spoutput
Warning: $HADOOP_HOME is deprecated.

14/03/01 20:19:08 INFO utils.ConfigurationUtils: No edge input format specified. Ensure your InputFormat does not require one.
14/03/01 20:19:08 INFO utils.ConfigurationUtils: No edge output format specified. Ensure your OutputFormat does not require one.
14/03/01 20:19:08 INFO utils.ConfigurationUtils: Setting custom argument [giraph.useOutOfCoreGraph] to [false] in GiraphConfiguration
14/03/01 20:19:08 INFO utils.ConfigurationUtils: Setting custom argument [giraph.useOutOfCoreMessages] to [true] in GiraphConfiguration
14/03/01 20:19:08 INFO utils.ConfigurationUtils: Setting custom argument [giraph.partitionsDirectory] to [/scratch/yingyib/giraph] in GiraphConfiguration
14/03/01 20:19:08 INFO utils.ConfigurationUtils: Setting custom argument [giraph.shortestPathsBenchmark.sourceId] to [] in GiraphConfiguration
14/03/01 20:19:09 INFO job.GiraphJob: run: Since checkpointing is disabled (default), do not allow any task retries (setting mapred.map.max.attempts = 0, old value = 4)
14/03/01 20:19:15 INFO job.GiraphJob: run: Tracking URL: http://sensorium-1:47040/jobdetails.jsp?jobid=job_201402140954_0124
14/03/01 20:19:50 INFO job.HaltApplicationUtils$DefaultHaltInstructionsWriter: writeHaltInstructions: To halt after next superstep execute: 'bin/halt-application --zkServer sensorium-71.ics.uci.edu:22181 --zkNode /_hadoopBsp/job_201402140954_0124/_haltComputation'
14/03/01 20:19:50 INFO mapred.JobClient: Running job: job_201402140954_0124
14/03/01 20:19:51 INFO mapred.JobClient:  map 75% reduce 0%
14/03/01 20:19:53 INFO mapred.JobClient:  map 87% reduce 0%
14/03/01 20:19:57 INFO mapred.JobClient:  map 100% reduce 0%
14/03/01 20:42:46 INFO mapred.JobClient:  map 87% reduce 0%
14/03/01 20:50:48 INFO mapred.JobClient:  map 75% reduce 0%
14/03/01 20:52:15 INFO mapred.JobClient:  map 62% reduce 0%
14/03/01 20:56:25 INFO mapred.JobClient:  map 50% reduce 0%
14/03/01 20:58:55 INFO mapred.JobClient: Job complete: job_201402140954_0124
14/03/01 20:58:55 INFO mapred.JobClient: Counters: 5
14/03/01 20:58:55 INFO mapred.JobClient:   Job Counters 
14/03/01 20:58:55 INFO mapred.JobClient:     SLOTS_MILLIS_MAPS=9396543
14/03/01 20:58:55 INFO mapred.JobClient:     Total time spent by all reduces waiting after reserving slots (ms)=0
14/03/01 20:58:55 INFO mapred.JobClient:     Total time spent by all maps waiting after reserving slots (ms)=0
14/03/01 20:58:55 INFO mapred.JobClient:     Launched map tasks=8
14/03/01 20:58:55 INFO mapred.JobClient:     SLOTS_MILLIS_REDUCES=0
Total Execution Time: 2394 seconds
