Warning: $HADOOP_HOME is deprecated.

Deleted hdfs://sensorium-1:31888/tmp/pgoutput
Warning: $HADOOP_HOME is deprecated.

14/02/17 04:42:05 INFO utils.ConfigurationUtils: No edge input format specified. Ensure your InputFormat does not require one.
14/02/17 04:42:05 INFO utils.ConfigurationUtils: No edge output format specified. Ensure your OutputFormat does not require one.
14/02/17 04:42:05 INFO utils.ConfigurationUtils: Setting custom argument [giraph.useOutOfCoreGraph] to [false] in GiraphConfiguration
14/02/17 04:42:05 INFO utils.ConfigurationUtils: Setting custom argument [giraph.useOutOfCoreMessages] to [true] in GiraphConfiguration
14/02/17 04:42:05 INFO job.GiraphJob: run: Since checkpointing is disabled (default), do not allow any task retries (setting mapred.map.max.attempts = 0, old value = 4)
14/02/17 04:42:08 INFO job.GiraphJob: run: Tracking URL: http://sensorium-1:47040/jobdetails.jsp?jobid=job_201402140954_0016
14/02/17 04:42:46 INFO job.HaltApplicationUtils$DefaultHaltInstructionsWriter: writeHaltInstructions: To halt after next superstep execute: 'bin/halt-application --zkServer sensorium-76.ics.uci.edu:22181 --zkNode /_hadoopBsp/job_201402140954_0016/_haltComputation'
14/02/17 04:42:46 INFO mapred.JobClient: Running job: job_201402140954_0016
14/02/17 04:42:47 INFO mapred.JobClient:  map 68% reduce 0%
14/02/17 04:42:48 INFO mapred.JobClient:  map 75% reduce 0%
14/02/17 04:42:49 INFO mapred.JobClient:  map 81% reduce 0%
14/02/17 04:42:50 INFO mapred.JobClient:  map 87% reduce 0%
14/02/17 04:42:51 INFO mapred.JobClient:  map 93% reduce 0%
14/02/17 04:42:52 INFO mapred.JobClient:  map 100% reduce 0%
14/02/17 06:40:37 INFO mapred.JobClient:  map 93% reduce 0%
14/02/17 08:17:29 INFO mapred.JobClient:  map 87% reduce 0%
14/02/17 08:17:40 INFO mapred.JobClient: Job complete: job_201402140954_0016
14/02/17 08:17:40 INFO mapred.JobClient: Counters: 6
14/02/17 08:17:40 INFO mapred.JobClient:   Job Counters 
14/02/17 08:17:40 INFO mapred.JobClient:     SLOTS_MILLIS_MAPS=193457057
14/02/17 08:17:40 INFO mapred.JobClient:     Total time spent by all reduces waiting after reserving slots (ms)=0
14/02/17 08:17:40 INFO mapred.JobClient:     Total time spent by all maps waiting after reserving slots (ms)=0
14/02/17 08:17:40 INFO mapred.JobClient:     Launched map tasks=16
14/02/17 08:17:40 INFO mapred.JobClient:     SLOTS_MILLIS_REDUCES=0
14/02/17 08:17:40 INFO mapred.JobClient:     Failed map tasks=1
Total Execution Time: 12943 seconds
