Warning: $HADOOP_HOME is deprecated.

Deleted hdfs://sensorium-1:31888/tmp/pgoutput
Warning: $HADOOP_HOME is deprecated.

14/02/18 00:06:10 INFO utils.ConfigurationUtils: No edge input format specified. Ensure your InputFormat does not require one.
14/02/18 00:06:10 INFO utils.ConfigurationUtils: No edge output format specified. Ensure your OutputFormat does not require one.
14/02/18 00:06:10 INFO utils.ConfigurationUtils: Setting custom argument [giraph.useOutOfCoreGraph] to [false] in GiraphConfiguration
14/02/18 00:06:10 INFO utils.ConfigurationUtils: Setting custom argument [giraph.useOutOfCoreMessages] to [true] in GiraphConfiguration
14/02/18 00:06:10 INFO job.GiraphJob: run: Since checkpointing is disabled (default), do not allow any task retries (setting mapred.map.max.attempts = 0, old value = 4)
14/02/18 00:06:13 INFO job.GiraphJob: run: Tracking URL: http://sensorium-1:47040/jobdetails.jsp?jobid=job_201402140954_0027
14/02/18 00:06:58 INFO job.HaltApplicationUtils$DefaultHaltInstructionsWriter: writeHaltInstructions: To halt after next superstep execute: 'bin/halt-application --zkServer sensorium-76.ics.uci.edu:22181 --zkNode /_hadoopBsp/job_201402140954_0027/_haltComputation'
14/02/18 00:06:58 INFO mapred.JobClient: Running job: job_201402140954_0027
14/02/18 00:07:00 INFO mapred.JobClient:  map 41% reduce 0%
14/02/18 00:07:03 INFO mapred.JobClient:  map 49% reduce 0%
14/02/18 00:07:04 INFO mapred.JobClient:  map 66% reduce 0%
14/02/18 00:07:05 INFO mapred.JobClient:  map 79% reduce 0%
14/02/18 00:07:06 INFO mapred.JobClient:  map 87% reduce 0%
14/02/18 00:07:09 INFO mapred.JobClient:  map 91% reduce 0%
14/02/18 00:07:11 INFO mapred.JobClient:  map 95% reduce 0%
14/02/18 00:07:19 INFO mapred.JobClient:  map 100% reduce 0%
14/02/18 00:38:07 INFO mapred.JobClient:  map 95% reduce 0%
14/02/18 00:48:00 INFO mapred.JobClient:  map 91% reduce 0%
14/02/18 00:49:41 INFO mapred.JobClient:  map 87% reduce 0%
14/02/18 00:55:40 INFO mapred.JobClient:  map 83% reduce 0%
14/02/18 02:22:28 INFO mapred.JobClient:  map 79% reduce 0%
14/02/18 02:22:39 INFO mapred.JobClient: Job complete: job_201402140954_0027
14/02/18 02:22:39 INFO mapred.JobClient: Counters: 6
14/02/18 02:22:39 INFO mapred.JobClient:   Job Counters 
14/02/18 02:22:39 INFO mapred.JobClient:     SLOTS_MILLIS_MAPS=162845639
14/02/18 02:22:39 INFO mapred.JobClient:     Total time spent by all reduces waiting after reserving slots (ms)=0
14/02/18 02:22:39 INFO mapred.JobClient:     Total time spent by all maps waiting after reserving slots (ms)=0
14/02/18 02:22:39 INFO mapred.JobClient:     Launched map tasks=24
14/02/18 02:22:39 INFO mapred.JobClient:     SLOTS_MILLIS_REDUCES=0
14/02/18 02:22:39 INFO mapred.JobClient:     Failed map tasks=1
Total Execution Time: 8198 seconds
