Warning: $HADOOP_HOME is deprecated.

Deleted hdfs://sensorium-1:31888/tmp/spoutput
Warning: $HADOOP_HOME is deprecated.

14/03/01 08:56:19 INFO utils.ConfigurationUtils: No edge input format specified. Ensure your InputFormat does not require one.
14/03/01 08:56:19 INFO utils.ConfigurationUtils: No edge output format specified. Ensure your OutputFormat does not require one.
14/03/01 08:56:19 INFO utils.ConfigurationUtils: Setting custom argument [giraph.useOutOfCoreGraph] to [false] in GiraphConfiguration
14/03/01 08:56:19 INFO utils.ConfigurationUtils: Setting custom argument [giraph.useOutOfCoreMessages] to [false] in GiraphConfiguration
14/03/01 08:56:19 INFO utils.ConfigurationUtils: Setting custom argument [giraph.partitionsDirectory] to [/scratch/yingyib/giraph] in GiraphConfiguration
14/03/01 08:56:19 INFO utils.ConfigurationUtils: Setting custom argument [giraph.shortestPathsBenchmark.sourceId] to [1120] in GiraphConfiguration
14/03/01 08:56:19 INFO job.GiraphJob: run: Since checkpointing is disabled (default), do not allow any task retries (setting mapred.map.max.attempts = 0, old value = 4)
14/03/01 08:56:27 INFO job.GiraphJob: run: Tracking URL: http://sensorium-1:47040/jobdetails.jsp?jobid=job_201402140954_0116
14/03/01 08:57:19 INFO job.HaltApplicationUtils$DefaultHaltInstructionsWriter: writeHaltInstructions: To halt after next superstep execute: 'bin/halt-application --zkServer sensorium-55.ics.uci.edu:22181 --zkNode /_hadoopBsp/job_201402140954_0116/_haltComputation'
14/03/01 08:57:19 INFO mapred.JobClient: Running job: job_201402140954_0116
14/03/01 08:57:20 INFO mapred.JobClient:  map 50% reduce 0%
14/03/01 08:57:22 INFO mapred.JobClient:  map 62% reduce 0%
14/03/01 08:57:24 INFO mapred.JobClient:  map 75% reduce 0%
14/03/01 08:57:25 INFO mapred.JobClient:  map 87% reduce 0%
14/03/01 08:57:26 INFO mapred.JobClient:  map 100% reduce 0%
14/03/01 09:20:01 INFO mapred.JobClient:  map 87% reduce 0%
14/03/01 09:21:33 INFO mapred.JobClient:  map 75% reduce 0%
14/03/01 09:27:17 INFO mapred.JobClient:  map 62% reduce 0%
14/03/01 09:42:13 INFO mapred.JobClient:  map 50% reduce 0%
14/03/01 10:01:11 INFO mapred.JobClient:  map 37% reduce 0%
14/03/01 11:07:30 INFO mapred.JobClient:  map 25% reduce 0%
14/03/01 11:07:48 INFO mapred.JobClient: Job complete: job_201402140954_0116
14/03/01 11:07:48 INFO mapred.JobClient: Counters: 6
14/03/01 11:07:48 INFO mapred.JobClient:   Job Counters 
14/03/01 11:07:48 INFO mapred.JobClient:     SLOTS_MILLIS_MAPS=23508363
14/03/01 11:07:48 INFO mapred.JobClient:     Total time spent by all reduces waiting after reserving slots (ms)=0
14/03/01 11:07:48 INFO mapred.JobClient:     Total time spent by all maps waiting after reserving slots (ms)=0
14/03/01 11:07:48 INFO mapred.JobClient:     Launched map tasks=8
14/03/01 11:07:48 INFO mapred.JobClient:     SLOTS_MILLIS_REDUCES=0
14/03/01 11:07:48 INFO mapred.JobClient:     Failed map tasks=1
Total Execution Time: 7897 seconds
