Warning: $HADOOP_HOME is deprecated.

Deleted hdfs://sensorium-1:31888/tmp/ccoutput
Warning: $HADOOP_HOME is deprecated.

14/03/06 19:29:16 INFO utils.ConfigurationUtils: No edge input format specified. Ensure your InputFormat does not require one.
14/03/06 19:29:17 INFO utils.ConfigurationUtils: No edge output format specified. Ensure your OutputFormat does not require one.
14/03/06 19:29:17 INFO utils.ConfigurationUtils: Setting custom argument [giraph.useOutOfCoreGraph] to [false] in GiraphConfiguration
14/03/06 19:29:17 INFO utils.ConfigurationUtils: Setting custom argument [giraph.useOutOfCoreMessages] to [true] in GiraphConfiguration
14/03/06 19:29:17 INFO utils.ConfigurationUtils: Setting custom argument [giraph.partitionsDirectory] to [/scratch/yingyib/giraph] in GiraphConfiguration
14/03/06 19:29:18 INFO job.GiraphJob: run: Since checkpointing is disabled (default), do not allow any task retries (setting mapred.map.max.attempts = 0, old value = 4)
14/03/06 19:29:25 INFO job.GiraphJob: run: Tracking URL: http://sensorium-1:47040/jobdetails.jsp?jobid=job_201402140954_0170
14/03/06 19:30:37 INFO job.HaltApplicationUtils$DefaultHaltInstructionsWriter: writeHaltInstructions: To halt after next superstep execute: 'bin/halt-application --zkServer sensorium-65.ics.uci.edu:22181 --zkNode /_hadoopBsp/job_201402140954_0170/_haltComputation'
14/03/06 19:30:37 INFO mapred.JobClient: Running job: job_201402140954_0170
14/03/06 19:30:38 INFO mapred.JobClient:  map 12% reduce 0%
14/03/06 19:30:42 INFO mapred.JobClient:  map 25% reduce 0%
14/03/06 19:31:06 INFO mapred.JobClient:  map 37% reduce 0%
14/03/06 19:31:07 INFO mapred.JobClient:  map 62% reduce 0%
14/03/06 19:31:08 INFO mapred.JobClient:  map 75% reduce 0%
14/03/06 19:31:09 INFO mapred.JobClient:  map 87% reduce 0%
14/03/06 19:31:58 INFO mapred.JobClient:  map 100% reduce 0%
14/03/06 19:54:06 INFO mapred.JobClient:  map 87% reduce 0%
14/03/06 19:59:15 INFO mapred.JobClient:  map 75% reduce 0%
14/03/06 20:01:31 INFO mapred.JobClient:  map 62% reduce 0%
14/03/06 20:02:04 INFO mapred.JobClient:  map 50% reduce 0%
14/03/06 20:03:24 INFO mapred.JobClient: Job complete: job_201402140954_0170
14/03/06 20:03:24 INFO mapred.JobClient: Counters: 6
14/03/06 20:03:24 INFO mapred.JobClient:   Job Counters 
14/03/06 20:03:24 INFO mapred.JobClient:     SLOTS_MILLIS_MAPS=9571706
14/03/06 20:03:24 INFO mapred.JobClient:     Total time spent by all reduces waiting after reserving slots (ms)=0
14/03/06 20:03:24 INFO mapred.JobClient:     Total time spent by all maps waiting after reserving slots (ms)=0
14/03/06 20:03:24 INFO mapred.JobClient:     Launched map tasks=8
14/03/06 20:03:24 INFO mapred.JobClient:     SLOTS_MILLIS_REDUCES=0
14/03/06 20:03:24 INFO mapred.JobClient:     Failed map tasks=1
Total Execution Time: 2067 seconds
