Feb 25, 2014 10:48:45 PM edu.uci.ics.pregelix.core.driver.Driver installApplication
INFO: jar deployment finished 10040ms
Feb 25, 2014 10:48:45 PM edu.uci.ics.pregelix.core.driver.Driver runJobs
INFO: job started
Feb 25, 2014 10:48:46 PM org.apache.hadoop.mapreduce.lib.input.FileInputFormat listStatus
INFO: Total input paths to process : 68
Feb 25, 2014 10:48:46 PM org.apache.hadoop.util.NativeCodeLoader <clinit>
WARNING: Unable to load native-hadoop library for your platform... using builtin-java classes where applicable
Feb 25, 2014 10:48:46 PM org.apache.hadoop.io.compress.snappy.LoadSnappy <clinit>
WARNING: Snappy native library not loaded
Feb 25, 2014 10:48:47 PM edu.uci.ics.pregelix.core.jobgen.JobGen loadHDFSData
INFO: number of splits: 68
Feb 25, 2014 10:48:47 PM edu.uci.ics.pregelix.core.jobgen.JobGen loadHDFSData
INFO: hdfs://sensorium-1:31888/webmap05x/part-0:0+526322966
Feb 25, 2014 10:48:47 PM edu.uci.ics.pregelix.core.jobgen.JobGen loadHDFSData
INFO: hdfs://sensorium-1:31888/webmap05x/part-1:0+526583460
Feb 25, 2014 10:48:47 PM edu.uci.ics.pregelix.core.jobgen.JobGen loadHDFSData
INFO: hdfs://sensorium-1:31888/webmap05x/part-10:0+526421371
Feb 25, 2014 10:48:47 PM edu.uci.ics.pregelix.core.jobgen.JobGen loadHDFSData
INFO: hdfs://sensorium-1:31888/webmap05x/part-11:0+526431874
Feb 25, 2014 10:48:47 PM edu.uci.ics.pregelix.core.jobgen.JobGen loadHDFSData
INFO: hdfs://sensorium-1:31888/webmap05x/part-12:0+526121545
Feb 25, 2014 10:48:47 PM edu.uci.ics.pregelix.core.jobgen.JobGen loadHDFSData
INFO: hdfs://sensorium-1:31888/webmap05x/part-13:0+526271950
Feb 25, 2014 10:48:47 PM edu.uci.ics.pregelix.core.jobgen.JobGen loadHDFSData
INFO: hdfs://sensorium-1:31888/webmap05x/part-14:0+526562297
Feb 25, 2014 10:48:47 PM edu.uci.ics.pregelix.core.jobgen.JobGen loadHDFSData
INFO: hdfs://sensorium-1:31888/webmap05x/part-15:0+526045679
Feb 25, 2014 10:48:47 PM edu.uci.ics.pregelix.core.jobgen.JobGen loadHDFSData
INFO: hdfs://sensorium-1:31888/webmap05x/part-16:0+526056807
Feb 25, 2014 10:48:47 PM edu.uci.ics.pregelix.core.jobgen.JobGen loadHDFSData
INFO: hdfs://sensorium-1:31888/webmap05x/part-17:0+526113736
Feb 25, 2014 10:48:47 PM edu.uci.ics.pregelix.core.jobgen.JobGen loadHDFSData
INFO: hdfs://sensorium-1:31888/webmap05x/part-18:0+527005972
Feb 25, 2014 10:48:47 PM edu.uci.ics.pregelix.core.jobgen.JobGen loadHDFSData
INFO: hdfs://sensorium-1:31888/webmap05x/part-19:0+525953871
Feb 25, 2014 10:48:47 PM edu.uci.ics.pregelix.core.jobgen.JobGen loadHDFSData
INFO: hdfs://sensorium-1:31888/webmap05x/part-2:0+526067939
Feb 25, 2014 10:48:47 PM edu.uci.ics.pregelix.core.jobgen.JobGen loadHDFSData
INFO: hdfs://sensorium-1:31888/webmap05x/part-20:0+526211705
Feb 25, 2014 10:48:47 PM edu.uci.ics.pregelix.core.jobgen.JobGen loadHDFSData
INFO: hdfs://sensorium-1:31888/webmap05x/part-21:0+525756363
Feb 25, 2014 10:48:47 PM edu.uci.ics.pregelix.core.jobgen.JobGen loadHDFSData
INFO: hdfs://sensorium-1:31888/webmap05x/part-22:0+525934481
Feb 25, 2014 10:48:47 PM edu.uci.ics.pregelix.core.jobgen.JobGen loadHDFSData
INFO: hdfs://sensorium-1:31888/webmap05x/part-23:0+526400976
Feb 25, 2014 10:48:47 PM edu.uci.ics.pregelix.core.jobgen.JobGen loadHDFSData
INFO: hdfs://sensorium-1:31888/webmap05x/part-24:0+526404400
Feb 25, 2014 10:48:47 PM edu.uci.ics.pregelix.core.jobgen.JobGen loadHDFSData
INFO: hdfs://sensorium-1:31888/webmap05x/part-25:0+526310276
Feb 25, 2014 10:48:47 PM edu.uci.ics.pregelix.core.jobgen.JobGen loadHDFSData
INFO: hdfs://sensorium-1:31888/webmap05x/part-26:0+526153548
Feb 25, 2014 10:48:47 PM edu.uci.ics.pregelix.core.jobgen.JobGen loadHDFSData
INFO: hdfs://sensorium-1:31888/webmap05x/part-27:0+526106204
Feb 25, 2014 10:48:47 PM edu.uci.ics.pregelix.core.jobgen.JobGen loadHDFSData
INFO: hdfs://sensorium-1:31888/webmap05x/part-28:0+526477476
Feb 25, 2014 10:48:47 PM edu.uci.ics.pregelix.core.jobgen.JobGen loadHDFSData
INFO: hdfs://sensorium-1:31888/webmap05x/part-29:0+525999049
Feb 25, 2014 10:48:47 PM edu.uci.ics.pregelix.core.jobgen.JobGen loadHDFSData
INFO: hdfs://sensorium-1:31888/webmap05x/part-3:0+525782198
Feb 25, 2014 10:48:47 PM edu.uci.ics.pregelix.core.jobgen.JobGen loadHDFSData
INFO: hdfs://sensorium-1:31888/webmap05x/part-30:0+526398268
Feb 25, 2014 10:48:47 PM edu.uci.ics.pregelix.core.jobgen.JobGen loadHDFSData
INFO: hdfs://sensorium-1:31888/webmap05x/part-31:0+527025992
Feb 25, 2014 10:48:47 PM edu.uci.ics.pregelix.core.jobgen.JobGen loadHDFSData
INFO: hdfs://sensorium-1:31888/webmap05x/part-32:0+526002925
Feb 25, 2014 10:48:47 PM edu.uci.ics.pregelix.core.jobgen.JobGen loadHDFSData
INFO: hdfs://sensorium-1:31888/webmap05x/part-33:0+526197049
Feb 25, 2014 10:48:47 PM edu.uci.ics.pregelix.core.jobgen.JobGen loadHDFSData
INFO: hdfs://sensorium-1:31888/webmap05x/part-34:0+525980473
Feb 25, 2014 10:48:47 PM edu.uci.ics.pregelix.core.jobgen.JobGen loadHDFSData
INFO: hdfs://sensorium-1:31888/webmap05x/part-35:0+526595953
Feb 25, 2014 10:48:47 PM edu.uci.ics.pregelix.core.jobgen.JobGen loadHDFSData
INFO: hdfs://sensorium-1:31888/webmap05x/part-36:0+525869153
Feb 25, 2014 10:48:47 PM edu.uci.ics.pregelix.core.jobgen.JobGen loadHDFSData
INFO: hdfs://sensorium-1:31888/webmap05x/part-37:0+526051783
Feb 25, 2014 10:48:47 PM edu.uci.ics.pregelix.core.jobgen.JobGen loadHDFSData
INFO: hdfs://sensorium-1:31888/webmap05x/part-38:0+525671558
Feb 25, 2014 10:48:47 PM edu.uci.ics.pregelix.core.jobgen.JobGen loadHDFSData
INFO: hdfs://sensorium-1:31888/webmap05x/part-39:0+526214096
Feb 25, 2014 10:48:47 PM edu.uci.ics.pregelix.core.jobgen.JobGen loadHDFSData
INFO: hdfs://sensorium-1:31888/webmap05x/part-4:0+526514441
Feb 25, 2014 10:48:47 PM edu.uci.ics.pregelix.core.jobgen.JobGen loadHDFSData
INFO: hdfs://sensorium-1:31888/webmap05x/part-40:0+526322542
Feb 25, 2014 10:48:47 PM edu.uci.ics.pregelix.core.jobgen.JobGen loadHDFSData
INFO: hdfs://sensorium-1:31888/webmap05x/part-41:0+526125729
Feb 25, 2014 10:48:47 PM edu.uci.ics.pregelix.core.jobgen.JobGen loadHDFSData
INFO: hdfs://sensorium-1:31888/webmap05x/part-42:0+526898689
Feb 25, 2014 10:48:47 PM edu.uci.ics.pregelix.core.jobgen.JobGen loadHDFSData
INFO: hdfs://sensorium-1:31888/webmap05x/part-43:0+526230047
Feb 25, 2014 10:48:47 PM edu.uci.ics.pregelix.core.jobgen.JobGen loadHDFSData
INFO: hdfs://sensorium-1:31888/webmap05x/part-44:0+526369177
Feb 25, 2014 10:48:47 PM edu.uci.ics.pregelix.core.jobgen.JobGen loadHDFSData
INFO: hdfs://sensorium-1:31888/webmap05x/part-45:0+526399294
Feb 25, 2014 10:48:47 PM edu.uci.ics.pregelix.core.jobgen.JobGen loadHDFSData
INFO: hdfs://sensorium-1:31888/webmap05x/part-46:0+526174079
Feb 25, 2014 10:48:47 PM edu.uci.ics.pregelix.core.jobgen.JobGen loadHDFSData
INFO: hdfs://sensorium-1:31888/webmap05x/part-47:0+526554695
Feb 25, 2014 10:48:47 PM edu.uci.ics.pregelix.core.jobgen.JobGen loadHDFSData
INFO: hdfs://sensorium-1:31888/webmap05x/part-48:0+526523005
Feb 25, 2014 10:48:47 PM edu.uci.ics.pregelix.core.jobgen.JobGen loadHDFSData
INFO: hdfs://sensorium-1:31888/webmap05x/part-49:0+526273726
Feb 25, 2014 10:48:47 PM edu.uci.ics.pregelix.core.jobgen.JobGen loadHDFSData
INFO: hdfs://sensorium-1:31888/webmap05x/part-5:0+526280555
Feb 25, 2014 10:48:47 PM edu.uci.ics.pregelix.core.jobgen.JobGen loadHDFSData
INFO: hdfs://sensorium-1:31888/webmap05x/part-50:0+526532656
Feb 25, 2014 10:48:47 PM edu.uci.ics.pregelix.core.jobgen.JobGen loadHDFSData
INFO: hdfs://sensorium-1:31888/webmap05x/part-51:0+526509024
Feb 25, 2014 10:48:47 PM edu.uci.ics.pregelix.core.jobgen.JobGen loadHDFSData
INFO: hdfs://sensorium-1:31888/webmap05x/part-52:0+526314770
Feb 25, 2014 10:48:47 PM edu.uci.ics.pregelix.core.jobgen.JobGen loadHDFSData
INFO: hdfs://sensorium-1:31888/webmap05x/part-53:0+526420571
Feb 25, 2014 10:48:47 PM edu.uci.ics.pregelix.core.jobgen.JobGen loadHDFSData
INFO: hdfs://sensorium-1:31888/webmap05x/part-54:0+526422343
Feb 25, 2014 10:48:47 PM edu.uci.ics.pregelix.core.jobgen.JobGen loadHDFSData
INFO: hdfs://sensorium-1:31888/webmap05x/part-55:0+527067341
Feb 25, 2014 10:48:47 PM edu.uci.ics.pregelix.core.jobgen.JobGen loadHDFSData
INFO: hdfs://sensorium-1:31888/webmap05x/part-56:0+526526707
Feb 25, 2014 10:48:47 PM edu.uci.ics.pregelix.core.jobgen.JobGen loadHDFSData
INFO: hdfs://sensorium-1:31888/webmap05x/part-57:0+526584341
Feb 25, 2014 10:48:47 PM edu.uci.ics.pregelix.core.jobgen.JobGen loadHDFSData
INFO: hdfs://sensorium-1:31888/webmap05x/part-58:0+526514850
Feb 25, 2014 10:48:47 PM edu.uci.ics.pregelix.core.jobgen.JobGen loadHDFSData
INFO: hdfs://sensorium-1:31888/webmap05x/part-59:0+526420503
Feb 25, 2014 10:48:47 PM edu.uci.ics.pregelix.core.jobgen.JobGen loadHDFSData
INFO: hdfs://sensorium-1:31888/webmap05x/part-6:0+526205282
Feb 25, 2014 10:48:47 PM edu.uci.ics.pregelix.core.jobgen.JobGen loadHDFSData
INFO: hdfs://sensorium-1:31888/webmap05x/part-60:0+526710646
Feb 25, 2014 10:48:47 PM edu.uci.ics.pregelix.core.jobgen.JobGen loadHDFSData
INFO: hdfs://sensorium-1:31888/webmap05x/part-61:0+526417163
Feb 25, 2014 10:48:47 PM edu.uci.ics.pregelix.core.jobgen.JobGen loadHDFSData
INFO: hdfs://sensorium-1:31888/webmap05x/part-62:0+526295389
Feb 25, 2014 10:48:47 PM edu.uci.ics.pregelix.core.jobgen.JobGen loadHDFSData
INFO: hdfs://sensorium-1:31888/webmap05x/part-63:0+526150844
Feb 25, 2014 10:48:47 PM edu.uci.ics.pregelix.core.jobgen.JobGen loadHDFSData
INFO: hdfs://sensorium-1:31888/webmap05x/part-64:0+526371805
Feb 25, 2014 10:48:47 PM edu.uci.ics.pregelix.core.jobgen.JobGen loadHDFSData
INFO: hdfs://sensorium-1:31888/webmap05x/part-65:0+526347054
Feb 25, 2014 10:48:47 PM edu.uci.ics.pregelix.core.jobgen.JobGen loadHDFSData
INFO: hdfs://sensorium-1:31888/webmap05x/part-66:0+526273751
Feb 25, 2014 10:48:47 PM edu.uci.ics.pregelix.core.jobgen.JobGen loadHDFSData
INFO: hdfs://sensorium-1:31888/webmap05x/part-67:0+526484550
Feb 25, 2014 10:48:47 PM edu.uci.ics.pregelix.core.jobgen.JobGen loadHDFSData
INFO: hdfs://sensorium-1:31888/webmap05x/part-7:0+526403424
Feb 25, 2014 10:48:47 PM edu.uci.ics.pregelix.core.jobgen.JobGen loadHDFSData
INFO: hdfs://sensorium-1:31888/webmap05x/part-8:0+526197646
Feb 25, 2014 10:48:47 PM edu.uci.ics.pregelix.core.jobgen.JobGen loadHDFSData
INFO: hdfs://sensorium-1:31888/webmap05x/part-9:0+526077459
Feb 25, 2014 10:48:47 PM edu.uci.ics.hyracks.hdfs.scheduler.Scheduler getLocationConstraints
INFO: Data local rate: 0.7941176295280457
Feb 25, 2014 10:53:50 PM edu.uci.ics.pregelix.core.driver.Driver loadData
INFO: data loading finished 304810ms
Feb 25, 2014 10:56:48 PM edu.uci.ics.pregelix.core.driver.Driver runLoopBody
INFO: ShortestPathsVertex: iteration 1 finished 177326ms
Feb 25, 2014 10:57:48 PM edu.uci.ics.pregelix.core.driver.Driver runLoopBody
INFO: ShortestPathsVertex: iteration 2 finished 60571ms
Feb 25, 2014 11:07:57 PM edu.uci.ics.pregelix.core.driver.Driver finishJobs
INFO: result writing finished 608127ms
Feb 25, 2014 11:07:58 PM edu.uci.ics.pregelix.core.driver.Driver runJobs
INFO: job finished
Feb 25, 2014 11:07:58 PM edu.uci.ics.pregelix.core.driver.Driver runJobs
INFO: performance counters
	total vertice: 710434124
	total edges: 3688461371
	num-processors: 2
	system-load-averages: 1
	heap-used-sizes: 1762210886
	disk-reads: 6233612552
	disk-writes: 7192491437
	net-payload-bytes-read: 1850489901
	net-payload-bytes-written: 1850489901

Total Execution Time: 1172 seconds
