Warning: $HADOOP_HOME is deprecated.

Deleted hdfs://sensorium-1:31888/tmp/pgoutput
Warning: $HADOOP_HOME is deprecated.

14/02/17 14:42:06 INFO utils.ConfigurationUtils: No edge input format specified. Ensure your InputFormat does not require one.
14/02/17 14:42:06 INFO utils.ConfigurationUtils: No edge output format specified. Ensure your OutputFormat does not require one.
14/02/17 14:42:06 INFO utils.ConfigurationUtils: Setting custom argument [giraph.useOutOfCoreGraph] to [false] in GiraphConfiguration
14/02/17 14:42:06 INFO utils.ConfigurationUtils: Setting custom argument [giraph.useOutOfCoreMessages] to [true] in GiraphConfiguration
14/02/17 14:42:06 INFO job.GiraphJob: run: Since checkpointing is disabled (default), do not allow any task retries (setting mapred.map.max.attempts = 0, old value = 4)
14/02/17 14:42:16 INFO job.GiraphJob: run: Tracking URL: http://sensorium-1:47040/jobdetails.jsp?jobid=job_201402140954_0020
14/02/17 14:43:04 INFO job.HaltApplicationUtils$DefaultHaltInstructionsWriter: writeHaltInstructions: To halt after next superstep execute: 'bin/halt-application --zkServer sensorium-51.ics.uci.edu:22181 --zkNode /_hadoopBsp/job_201402140954_0020/_haltComputation'
14/02/17 14:43:04 INFO mapred.JobClient: Running job: job_201402140954_0020
14/02/17 14:43:06 INFO mapred.JobClient:  map 43% reduce 0%
14/02/17 14:43:07 INFO mapred.JobClient:  map 50% reduce 0%
14/02/17 14:43:09 INFO mapred.JobClient:  map 68% reduce 0%
14/02/17 14:43:10 INFO mapred.JobClient:  map 81% reduce 0%
14/02/17 14:43:12 INFO mapred.JobClient:  map 87% reduce 0%
14/02/17 14:43:13 INFO mapred.JobClient:  map 93% reduce 0%
14/02/17 14:43:16 INFO mapred.JobClient:  map 100% reduce 0%
14/02/17 15:01:42 INFO mapred.JobClient:  map 93% reduce 0%
14/02/17 15:02:28 INFO mapred.JobClient:  map 87% reduce 0%
14/02/17 15:05:51 INFO mapred.JobClient:  map 81% reduce 0%
14/02/17 15:10:30 INFO mapred.JobClient:  map 75% reduce 0%
14/02/17 15:10:55 INFO mapred.JobClient:  map 68% reduce 0%
14/02/17 15:14:43 INFO mapred.JobClient:  map 62% reduce 0%
14/02/17 15:16:46 INFO mapred.JobClient:  map 56% reduce 0%
14/02/17 16:51:37 INFO mapred.JobClient:  map 50% reduce 0%
14/02/17 16:52:34 INFO mapred.JobClient: Job complete: job_201402140954_0020
14/02/17 16:52:34 INFO mapred.JobClient: Counters: 6
14/02/17 16:52:34 INFO mapred.JobClient:   Job Counters 
14/02/17 16:52:34 INFO mapred.JobClient:     SLOTS_MILLIS_MAPS=69595515
14/02/17 16:52:34 INFO mapred.JobClient:     Total time spent by all reduces waiting after reserving slots (ms)=0
14/02/17 16:52:34 INFO mapred.JobClient:     Total time spent by all maps waiting after reserving slots (ms)=0
14/02/17 16:52:34 INFO mapred.JobClient:     Launched map tasks=16
14/02/17 16:52:34 INFO mapred.JobClient:     SLOTS_MILLIS_REDUCES=0
14/02/17 16:52:34 INFO mapred.JobClient:     Failed map tasks=1
Total Execution Time: 7838 seconds
