Feb 27, 2014 6:18:59 PM edu.uci.ics.pregelix.core.driver.Driver installApplication
INFO: jar deployment finished 10252ms
Feb 27, 2014 6:18:59 PM edu.uci.ics.pregelix.core.driver.Driver runJobs
INFO: job started
Feb 27, 2014 6:19:01 PM org.apache.hadoop.mapreduce.lib.input.FileInputFormat listStatus
INFO: Total input paths to process : 37
Feb 27, 2014 6:19:01 PM org.apache.hadoop.util.NativeCodeLoader <clinit>
WARNING: Unable to load native-hadoop library for your platform... using builtin-java classes where applicable
Feb 27, 2014 6:19:01 PM org.apache.hadoop.io.compress.snappy.LoadSnappy <clinit>
WARNING: Snappy native library not loaded
Feb 27, 2014 6:19:01 PM edu.uci.ics.pregelix.core.jobgen.JobGen loadHDFSData
INFO: number of splits: 37
Feb 27, 2014 6:19:01 PM edu.uci.ics.pregelix.core.jobgen.JobGen loadHDFSData
INFO: hdfs://sensorium-1:31888/webmap005x/part-0:0+303232789
Feb 27, 2014 6:19:01 PM edu.uci.ics.pregelix.core.jobgen.JobGen loadHDFSData
INFO: hdfs://sensorium-1:31888/webmap005x/part-1:0+303539176
Feb 27, 2014 6:19:01 PM edu.uci.ics.pregelix.core.jobgen.JobGen loadHDFSData
INFO: hdfs://sensorium-1:31888/webmap005x/part-10:0+303090775
Feb 27, 2014 6:19:01 PM edu.uci.ics.pregelix.core.jobgen.JobGen loadHDFSData
INFO: hdfs://sensorium-1:31888/webmap005x/part-11:0+302998783
Feb 27, 2014 6:19:01 PM edu.uci.ics.pregelix.core.jobgen.JobGen loadHDFSData
INFO: hdfs://sensorium-1:31888/webmap005x/part-12:0+303448602
Feb 27, 2014 6:19:01 PM edu.uci.ics.pregelix.core.jobgen.JobGen loadHDFSData
INFO: hdfs://sensorium-1:31888/webmap005x/part-13:0+303340393
Feb 27, 2014 6:19:01 PM edu.uci.ics.pregelix.core.jobgen.JobGen loadHDFSData
INFO: hdfs://sensorium-1:31888/webmap005x/part-14:0+303007059
Feb 27, 2014 6:19:01 PM edu.uci.ics.pregelix.core.jobgen.JobGen loadHDFSData
INFO: hdfs://sensorium-1:31888/webmap005x/part-15:0+303874442
Feb 27, 2014 6:19:01 PM edu.uci.ics.pregelix.core.jobgen.JobGen loadHDFSData
INFO: hdfs://sensorium-1:31888/webmap005x/part-16:0+303116335
Feb 27, 2014 6:19:01 PM edu.uci.ics.pregelix.core.jobgen.JobGen loadHDFSData
INFO: hdfs://sensorium-1:31888/webmap005x/part-17:0+303707113
Feb 27, 2014 6:19:01 PM edu.uci.ics.pregelix.core.jobgen.JobGen loadHDFSData
INFO: hdfs://sensorium-1:31888/webmap005x/part-18:0+303290646
Feb 27, 2014 6:19:01 PM edu.uci.ics.pregelix.core.jobgen.JobGen loadHDFSData
INFO: hdfs://sensorium-1:31888/webmap005x/part-19:0+303652394
Feb 27, 2014 6:19:01 PM edu.uci.ics.pregelix.core.jobgen.JobGen loadHDFSData
INFO: hdfs://sensorium-1:31888/webmap005x/part-2:0+303647196
Feb 27, 2014 6:19:01 PM edu.uci.ics.pregelix.core.jobgen.JobGen loadHDFSData
INFO: hdfs://sensorium-1:31888/webmap005x/part-20:0+303005066
Feb 27, 2014 6:19:01 PM edu.uci.ics.pregelix.core.jobgen.JobGen loadHDFSData
INFO: hdfs://sensorium-1:31888/webmap005x/part-21:0+302803866
Feb 27, 2014 6:19:01 PM edu.uci.ics.pregelix.core.jobgen.JobGen loadHDFSData
INFO: hdfs://sensorium-1:31888/webmap005x/part-22:0+302851279
Feb 27, 2014 6:19:01 PM edu.uci.ics.pregelix.core.jobgen.JobGen loadHDFSData
INFO: hdfs://sensorium-1:31888/webmap005x/part-23:0+303312415
Feb 27, 2014 6:19:01 PM edu.uci.ics.pregelix.core.jobgen.JobGen loadHDFSData
INFO: hdfs://sensorium-1:31888/webmap005x/part-24:0+302838075
Feb 27, 2014 6:19:01 PM edu.uci.ics.pregelix.core.jobgen.JobGen loadHDFSData
INFO: hdfs://sensorium-1:31888/webmap005x/part-25:0+303161217
Feb 27, 2014 6:19:01 PM edu.uci.ics.pregelix.core.jobgen.JobGen loadHDFSData
INFO: hdfs://sensorium-1:31888/webmap005x/part-26:0+302839288
Feb 27, 2014 6:19:01 PM edu.uci.ics.pregelix.core.jobgen.JobGen loadHDFSData
INFO: hdfs://sensorium-1:31888/webmap005x/part-27:0+303690912
Feb 27, 2014 6:19:01 PM edu.uci.ics.pregelix.core.jobgen.JobGen loadHDFSData
INFO: hdfs://sensorium-1:31888/webmap005x/part-28:0+303084570
Feb 27, 2014 6:19:01 PM edu.uci.ics.pregelix.core.jobgen.JobGen loadHDFSData
INFO: hdfs://sensorium-1:31888/webmap005x/part-29:0+303462758
Feb 27, 2014 6:19:01 PM edu.uci.ics.pregelix.core.jobgen.JobGen loadHDFSData
INFO: hdfs://sensorium-1:31888/webmap005x/part-3:0+303783743
Feb 27, 2014 6:19:01 PM edu.uci.ics.pregelix.core.jobgen.JobGen loadHDFSData
INFO: hdfs://sensorium-1:31888/webmap005x/part-30:0+303719393
Feb 27, 2014 6:19:01 PM edu.uci.ics.pregelix.core.jobgen.JobGen loadHDFSData
INFO: hdfs://sensorium-1:31888/webmap005x/part-31:0+303501355
Feb 27, 2014 6:19:01 PM edu.uci.ics.pregelix.core.jobgen.JobGen loadHDFSData
INFO: hdfs://sensorium-1:31888/webmap005x/part-32:0+303383275
Feb 27, 2014 6:19:01 PM edu.uci.ics.pregelix.core.jobgen.JobGen loadHDFSData
INFO: hdfs://sensorium-1:31888/webmap005x/part-33:0+303200775
Feb 27, 2014 6:19:01 PM edu.uci.ics.pregelix.core.jobgen.JobGen loadHDFSData
INFO: hdfs://sensorium-1:31888/webmap005x/part-34:0+303481831
Feb 27, 2014 6:19:01 PM edu.uci.ics.pregelix.core.jobgen.JobGen loadHDFSData
INFO: hdfs://sensorium-1:31888/webmap005x/part-35:0+303231717
Feb 27, 2014 6:19:01 PM edu.uci.ics.pregelix.core.jobgen.JobGen loadHDFSData
INFO: hdfs://sensorium-1:31888/webmap005x/part-36:0+303132155
Feb 27, 2014 6:19:01 PM edu.uci.ics.pregelix.core.jobgen.JobGen loadHDFSData
INFO: hdfs://sensorium-1:31888/webmap005x/part-4:0+303530270
Feb 27, 2014 6:19:01 PM edu.uci.ics.pregelix.core.jobgen.JobGen loadHDFSData
INFO: hdfs://sensorium-1:31888/webmap005x/part-5:0+303812076
Feb 27, 2014 6:19:01 PM edu.uci.ics.pregelix.core.jobgen.JobGen loadHDFSData
INFO: hdfs://sensorium-1:31888/webmap005x/part-6:0+303554563
Feb 27, 2014 6:19:01 PM edu.uci.ics.pregelix.core.jobgen.JobGen loadHDFSData
INFO: hdfs://sensorium-1:31888/webmap005x/part-7:0+303540585
Feb 27, 2014 6:19:01 PM edu.uci.ics.pregelix.core.jobgen.JobGen loadHDFSData
INFO: hdfs://sensorium-1:31888/webmap005x/part-8:0+303462255
Feb 27, 2014 6:19:01 PM edu.uci.ics.pregelix.core.jobgen.JobGen loadHDFSData
INFO: hdfs://sensorium-1:31888/webmap005x/part-9:0+302925238
Feb 27, 2014 6:19:01 PM edu.uci.ics.hyracks.hdfs.scheduler.Scheduler getLocationConstraints
INFO: Data local rate: 0.9459459185600281
Feb 27, 2014 6:20:06 PM edu.uci.ics.pregelix.core.driver.Driver loadData
INFO: data loading finished 65992ms
Feb 27, 2014 6:20:22 PM edu.uci.ics.pregelix.core.driver.Driver runLoopBody
INFO: ShortestPathsVertex: iteration 1 finished 16362ms
Feb 27, 2014 6:20:25 PM edu.uci.ics.pregelix.core.driver.Driver runLoopBody
INFO: ShortestPathsVertex: iteration 2 finished 3387ms
Feb 27, 2014 6:20:29 PM edu.uci.ics.pregelix.core.driver.Driver runLoopBody
INFO: ShortestPathsVertex: iteration 3 finished 3206ms
Feb 27, 2014 6:20:32 PM edu.uci.ics.pregelix.core.driver.Driver runLoopBody
INFO: ShortestPathsVertex: iteration 4 finished 3006ms
Feb 27, 2014 6:20:35 PM edu.uci.ics.pregelix.core.driver.Driver runLoopBody
INFO: ShortestPathsVertex: iteration 5 finished 3590ms
Feb 27, 2014 6:20:38 PM edu.uci.ics.pregelix.core.driver.Driver runLoopBody
INFO: ShortestPathsVertex: iteration 6 finished 2474ms
Feb 27, 2014 6:20:40 PM edu.uci.ics.pregelix.core.driver.Driver runLoopBody
INFO: ShortestPathsVertex: iteration 7 finished 2729ms
Feb 27, 2014 6:20:44 PM edu.uci.ics.pregelix.core.driver.Driver runLoopBody
INFO: ShortestPathsVertex: iteration 8 finished 3017ms
Feb 27, 2014 6:20:48 PM edu.uci.ics.pregelix.core.driver.Driver runLoopBody
INFO: ShortestPathsVertex: iteration 9 finished 4350ms
Feb 27, 2014 6:20:55 PM edu.uci.ics.pregelix.core.driver.Driver runLoopBody
INFO: ShortestPathsVertex: iteration 10 finished 7552ms
Feb 27, 2014 6:21:07 PM edu.uci.ics.pregelix.core.driver.Driver runLoopBody
INFO: ShortestPathsVertex: iteration 11 finished 11314ms
Feb 27, 2014 6:21:19 PM edu.uci.ics.pregelix.core.driver.Driver runLoopBody
INFO: ShortestPathsVertex: iteration 12 finished 12101ms
Feb 27, 2014 6:21:30 PM edu.uci.ics.pregelix.core.driver.Driver runLoopBody
INFO: ShortestPathsVertex: iteration 13 finished 10940ms
Feb 27, 2014 6:21:40 PM edu.uci.ics.pregelix.core.driver.Driver runLoopBody
INFO: ShortestPathsVertex: iteration 14 finished 10194ms
Feb 27, 2014 6:21:49 PM edu.uci.ics.pregelix.core.driver.Driver runLoopBody
INFO: ShortestPathsVertex: iteration 15 finished 8556ms
Feb 27, 2014 6:21:55 PM edu.uci.ics.pregelix.core.driver.Driver runLoopBody
INFO: ShortestPathsVertex: iteration 16 finished 6791ms
Feb 27, 2014 6:22:00 PM edu.uci.ics.pregelix.core.driver.Driver runLoopBody
INFO: ShortestPathsVertex: iteration 17 finished 4924ms
Feb 27, 2014 6:22:04 PM edu.uci.ics.pregelix.core.driver.Driver runLoopBody
INFO: ShortestPathsVertex: iteration 18 finished 3659ms
Feb 27, 2014 6:22:07 PM edu.uci.ics.pregelix.core.driver.Driver runLoopBody
INFO: ShortestPathsVertex: iteration 19 finished 3210ms
Feb 27, 2014 6:22:10 PM edu.uci.ics.pregelix.core.driver.Driver runLoopBody
INFO: ShortestPathsVertex: iteration 20 finished 2695ms
Feb 27, 2014 6:22:12 PM edu.uci.ics.pregelix.core.driver.Driver runLoopBody
INFO: ShortestPathsVertex: iteration 21 finished 2193ms
Feb 27, 2014 6:22:14 PM edu.uci.ics.pregelix.core.driver.Driver runLoopBody
INFO: ShortestPathsVertex: iteration 22 finished 2026ms
Feb 27, 2014 6:22:17 PM edu.uci.ics.pregelix.core.driver.Driver runLoopBody
INFO: ShortestPathsVertex: iteration 23 finished 2314ms
Feb 27, 2014 6:22:19 PM edu.uci.ics.pregelix.core.driver.Driver runLoopBody
INFO: ShortestPathsVertex: iteration 24 finished 1969ms
Feb 27, 2014 6:22:21 PM edu.uci.ics.pregelix.core.driver.Driver runLoopBody
INFO: ShortestPathsVertex: iteration 25 finished 2128ms
Feb 27, 2014 6:22:23 PM edu.uci.ics.pregelix.core.driver.Driver runLoopBody
INFO: ShortestPathsVertex: iteration 26 finished 1994ms
Feb 27, 2014 6:22:25 PM edu.uci.ics.pregelix.core.driver.Driver runLoopBody
INFO: ShortestPathsVertex: iteration 27 finished 1826ms
Feb 27, 2014 6:22:26 PM edu.uci.ics.pregelix.core.driver.Driver runLoopBody
INFO: ShortestPathsVertex: iteration 28 finished 1901ms
Feb 27, 2014 6:22:28 PM edu.uci.ics.pregelix.core.driver.Driver runLoopBody
INFO: ShortestPathsVertex: iteration 29 finished 1918ms
Feb 27, 2014 6:22:30 PM edu.uci.ics.pregelix.core.driver.Driver runLoopBody
INFO: ShortestPathsVertex: iteration 30 finished 1640ms
Feb 27, 2014 6:22:32 PM edu.uci.ics.pregelix.core.driver.Driver runLoopBody
INFO: ShortestPathsVertex: iteration 31 finished 1844ms
Feb 27, 2014 6:22:34 PM edu.uci.ics.pregelix.core.driver.Driver runLoopBody
INFO: ShortestPathsVertex: iteration 32 finished 1832ms
Feb 27, 2014 6:22:35 PM edu.uci.ics.pregelix.core.driver.Driver runLoopBody
INFO: ShortestPathsVertex: iteration 33 finished 1739ms
Feb 27, 2014 6:22:37 PM edu.uci.ics.pregelix.core.driver.Driver runLoopBody
INFO: ShortestPathsVertex: iteration 34 finished 1874ms
Feb 27, 2014 6:22:40 PM edu.uci.ics.pregelix.core.driver.Driver runLoopBody
INFO: ShortestPathsVertex: iteration 35 finished 2237ms
Feb 27, 2014 6:22:41 PM edu.uci.ics.pregelix.core.driver.Driver runLoopBody
INFO: ShortestPathsVertex: iteration 36 finished 1946ms
Feb 27, 2014 6:22:44 PM edu.uci.ics.pregelix.core.driver.Driver runLoopBody
INFO: ShortestPathsVertex: iteration 37 finished 2070ms
Feb 27, 2014 6:22:45 PM edu.uci.ics.pregelix.core.driver.Driver runLoopBody
INFO: ShortestPathsVertex: iteration 38 finished 1828ms
Feb 27, 2014 6:22:47 PM edu.uci.ics.pregelix.core.driver.Driver runLoopBody
INFO: ShortestPathsVertex: iteration 39 finished 1592ms
Feb 27, 2014 6:22:48 PM edu.uci.ics.pregelix.core.driver.Driver runLoopBody
INFO: ShortestPathsVertex: iteration 40 finished 1412ms
Feb 27, 2014 6:22:50 PM edu.uci.ics.pregelix.core.driver.Driver runLoopBody
INFO: ShortestPathsVertex: iteration 41 finished 1423ms
Feb 27, 2014 6:22:51 PM edu.uci.ics.pregelix.core.driver.Driver runLoopBody
INFO: ShortestPathsVertex: iteration 42 finished 1198ms
Feb 27, 2014 6:22:53 PM edu.uci.ics.pregelix.core.driver.Driver runLoopBody
INFO: ShortestPathsVertex: iteration 43 finished 1504ms
Feb 27, 2014 6:22:54 PM edu.uci.ics.pregelix.core.driver.Driver runLoopBody
INFO: ShortestPathsVertex: iteration 44 finished 1427ms
Feb 27, 2014 6:22:55 PM edu.uci.ics.pregelix.core.driver.Driver runLoopBody
INFO: ShortestPathsVertex: iteration 45 finished 1270ms
Feb 27, 2014 6:22:57 PM edu.uci.ics.pregelix.core.driver.Driver runLoopBody
INFO: ShortestPathsVertex: iteration 46 finished 1427ms
Feb 27, 2014 6:22:58 PM edu.uci.ics.pregelix.core.driver.Driver runLoopBody
INFO: ShortestPathsVertex: iteration 47 finished 1151ms
Feb 27, 2014 6:22:59 PM edu.uci.ics.pregelix.core.driver.Driver runLoopBody
INFO: ShortestPathsVertex: iteration 48 finished 1296ms
Feb 27, 2014 6:23:00 PM edu.uci.ics.pregelix.core.driver.Driver runLoopBody
INFO: ShortestPathsVertex: iteration 49 finished 1312ms
Feb 27, 2014 6:23:02 PM edu.uci.ics.pregelix.core.driver.Driver runLoopBody
INFO: ShortestPathsVertex: iteration 50 finished 1529ms
Feb 27, 2014 6:23:03 PM edu.uci.ics.pregelix.core.driver.Driver runLoopBody
INFO: ShortestPathsVertex: iteration 51 finished 1277ms
Feb 27, 2014 6:23:05 PM edu.uci.ics.pregelix.core.driver.Driver runLoopBody
INFO: ShortestPathsVertex: iteration 52 finished 1232ms
Feb 27, 2014 6:23:06 PM edu.uci.ics.pregelix.core.driver.Driver runLoopBody
INFO: ShortestPathsVertex: iteration 53 finished 1189ms
Feb 27, 2014 6:23:08 PM edu.uci.ics.pregelix.core.driver.Driver runLoopBody
INFO: ShortestPathsVertex: iteration 54 finished 2085ms
Feb 27, 2014 6:23:09 PM edu.uci.ics.pregelix.core.driver.Driver runLoopBody
INFO: ShortestPathsVertex: iteration 55 finished 1171ms
Feb 27, 2014 6:23:10 PM edu.uci.ics.pregelix.core.driver.Driver runLoopBody
INFO: ShortestPathsVertex: iteration 56 finished 1362ms
Feb 27, 2014 6:23:13 PM edu.uci.ics.pregelix.core.driver.Driver runLoopBody
INFO: ShortestPathsVertex: iteration 57 finished 2148ms
Feb 27, 2014 6:23:14 PM edu.uci.ics.pregelix.core.driver.Driver runLoopBody
INFO: ShortestPathsVertex: iteration 58 finished 1146ms
Feb 27, 2014 6:23:15 PM edu.uci.ics.pregelix.core.driver.Driver runLoopBody
INFO: ShortestPathsVertex: iteration 59 finished 1364ms
Feb 27, 2014 6:23:17 PM edu.uci.ics.pregelix.core.driver.Driver runLoopBody
INFO: ShortestPathsVertex: iteration 60 finished 1455ms
Feb 27, 2014 6:23:50 PM edu.uci.ics.pregelix.core.driver.Driver finishJobs
INFO: result writing finished 33733ms
Feb 27, 2014 6:23:50 PM edu.uci.ics.pregelix.core.driver.Driver runJobs
INFO: job finished
Feb 27, 2014 6:23:50 PM edu.uci.ics.pregelix.core.driver.Driver runJobs
INFO: performance counters
	total vertice: 81126671
	total edges: 1269013366
	num-processors: 2
	system-load-averages: 0
	heap-used-sizes: 881198517
	disk-reads: 4515200
	disk-writes: 630141952
	net-payload-bytes-read: 981097664
	net-payload-bytes-written: 981097664

Total Execution Time: 310 seconds
