Mar 13, 2014 3:45:43 PM edu.uci.ics.pregelix.core.driver.Driver installApplication
INFO: jar deployment finished 6834ms
Mar 13, 2014 3:45:43 PM edu.uci.ics.pregelix.core.driver.Driver runJobs
INFO: job started
Mar 13, 2014 3:45:45 PM org.apache.hadoop.mapreduce.lib.input.FileInputFormat listStatus
INFO: Total input paths to process : 62
Mar 13, 2014 3:45:45 PM org.apache.hadoop.util.NativeCodeLoader <clinit>
WARNING: Unable to load native-hadoop library for your platform... using builtin-java classes where applicable
Mar 13, 2014 3:45:45 PM org.apache.hadoop.io.compress.snappy.LoadSnappy <clinit>
WARNING: Snappy native library not loaded
Mar 13, 2014 3:45:45 PM edu.uci.ics.pregelix.core.jobgen.JobGen loadHDFSData
INFO: number of splits: 62
Mar 13, 2014 3:45:45 PM edu.uci.ics.pregelix.core.jobgen.JobGen loadHDFSData
INFO: hdfs://sensorium-1:31888/btc005x/part-0:0+123745215
Mar 13, 2014 3:45:45 PM edu.uci.ics.pregelix.core.jobgen.JobGen loadHDFSData
INFO: hdfs://sensorium-1:31888/btc005x/part-1:0+123605232
Mar 13, 2014 3:45:45 PM edu.uci.ics.pregelix.core.jobgen.JobGen loadHDFSData
INFO: hdfs://sensorium-1:31888/btc005x/part-10:0+110128704
Mar 13, 2014 3:45:45 PM edu.uci.ics.pregelix.core.jobgen.JobGen loadHDFSData
INFO: hdfs://sensorium-1:31888/btc005x/part-11:0+110067134
Mar 13, 2014 3:45:45 PM edu.uci.ics.pregelix.core.jobgen.JobGen loadHDFSData
INFO: hdfs://sensorium-1:31888/btc005x/part-12:0+109840289
Mar 13, 2014 3:45:45 PM edu.uci.ics.pregelix.core.jobgen.JobGen loadHDFSData
INFO: hdfs://sensorium-1:31888/btc005x/part-13:0+110000824
Mar 13, 2014 3:45:45 PM edu.uci.ics.pregelix.core.jobgen.JobGen loadHDFSData
INFO: hdfs://sensorium-1:31888/btc005x/part-14:0+110090524
Mar 13, 2014 3:45:45 PM edu.uci.ics.pregelix.core.jobgen.JobGen loadHDFSData
INFO: hdfs://sensorium-1:31888/btc005x/part-15:0+110083643
Mar 13, 2014 3:45:45 PM edu.uci.ics.pregelix.core.jobgen.JobGen loadHDFSData
INFO: hdfs://sensorium-1:31888/btc005x/part-16:0+109829668
Mar 13, 2014 3:45:45 PM edu.uci.ics.pregelix.core.jobgen.JobGen loadHDFSData
INFO: hdfs://sensorium-1:31888/btc005x/part-17:0+109968495
Mar 13, 2014 3:45:45 PM edu.uci.ics.pregelix.core.jobgen.JobGen loadHDFSData
INFO: hdfs://sensorium-1:31888/btc005x/part-18:0+109602672
Mar 13, 2014 3:45:45 PM edu.uci.ics.pregelix.core.jobgen.JobGen loadHDFSData
INFO: hdfs://sensorium-1:31888/btc005x/part-19:0+109910314
Mar 13, 2014 3:45:45 PM edu.uci.ics.pregelix.core.jobgen.JobGen loadHDFSData
INFO: hdfs://sensorium-1:31888/btc005x/part-2:0+123749782
Mar 13, 2014 3:45:45 PM edu.uci.ics.pregelix.core.jobgen.JobGen loadHDFSData
INFO: hdfs://sensorium-1:31888/btc005x/part-20:0+109991707
Mar 13, 2014 3:45:45 PM edu.uci.ics.pregelix.core.jobgen.JobGen loadHDFSData
INFO: hdfs://sensorium-1:31888/btc005x/part-21:0+109836921
Mar 13, 2014 3:45:45 PM edu.uci.ics.pregelix.core.jobgen.JobGen loadHDFSData
INFO: hdfs://sensorium-1:31888/btc005x/part-22:0+109996000
Mar 13, 2014 3:45:45 PM edu.uci.ics.pregelix.core.jobgen.JobGen loadHDFSData
INFO: hdfs://sensorium-1:31888/btc005x/part-23:0+109876416
Mar 13, 2014 3:45:45 PM edu.uci.ics.pregelix.core.jobgen.JobGen loadHDFSData
INFO: hdfs://sensorium-1:31888/btc005x/part-24:0+109847029
Mar 13, 2014 3:45:45 PM edu.uci.ics.pregelix.core.jobgen.JobGen loadHDFSData
INFO: hdfs://sensorium-1:31888/btc005x/part-25:0+109714903
Mar 13, 2014 3:45:45 PM edu.uci.ics.pregelix.core.jobgen.JobGen loadHDFSData
INFO: hdfs://sensorium-1:31888/btc005x/part-26:0+109922347
Mar 13, 2014 3:45:45 PM edu.uci.ics.pregelix.core.jobgen.JobGen loadHDFSData
INFO: hdfs://sensorium-1:31888/btc005x/part-27:0+110037313
Mar 13, 2014 3:45:45 PM edu.uci.ics.pregelix.core.jobgen.JobGen loadHDFSData
INFO: hdfs://sensorium-1:31888/btc005x/part-28:0+123676695
Mar 13, 2014 3:45:45 PM edu.uci.ics.pregelix.core.jobgen.JobGen loadHDFSData
INFO: hdfs://sensorium-1:31888/btc005x/part-29:0+123585991
Mar 13, 2014 3:45:45 PM edu.uci.ics.pregelix.core.jobgen.JobGen loadHDFSData
INFO: hdfs://sensorium-1:31888/btc005x/part-3:0+123894935
Mar 13, 2014 3:45:45 PM edu.uci.ics.pregelix.core.jobgen.JobGen loadHDFSData
INFO: hdfs://sensorium-1:31888/btc005x/part-30:0+123616799
Mar 13, 2014 3:45:45 PM edu.uci.ics.pregelix.core.jobgen.JobGen loadHDFSData
INFO: hdfs://sensorium-1:31888/btc005x/part-31:0+123546033
Mar 13, 2014 3:45:45 PM edu.uci.ics.pregelix.core.jobgen.JobGen loadHDFSData
INFO: hdfs://sensorium-1:31888/btc005x/part-32:0+123662258
Mar 13, 2014 3:45:45 PM edu.uci.ics.pregelix.core.jobgen.JobGen loadHDFSData
INFO: hdfs://sensorium-1:31888/btc005x/part-33:0+123489414
Mar 13, 2014 3:45:45 PM edu.uci.ics.pregelix.core.jobgen.JobGen loadHDFSData
INFO: hdfs://sensorium-1:31888/btc005x/part-34:0+123598096
Mar 13, 2014 3:45:45 PM edu.uci.ics.pregelix.core.jobgen.JobGen loadHDFSData
INFO: hdfs://sensorium-1:31888/btc005x/part-35:0+123836316
Mar 13, 2014 3:45:45 PM edu.uci.ics.pregelix.core.jobgen.JobGen loadHDFSData
INFO: hdfs://sensorium-1:31888/btc005x/part-36:0+110123401
Mar 13, 2014 3:45:45 PM edu.uci.ics.pregelix.core.jobgen.JobGen loadHDFSData
INFO: hdfs://sensorium-1:31888/btc005x/part-37:0+110127309
Mar 13, 2014 3:45:45 PM edu.uci.ics.pregelix.core.jobgen.JobGen loadHDFSData
INFO: hdfs://sensorium-1:31888/btc005x/part-38:0+109972774
Mar 13, 2014 3:45:45 PM edu.uci.ics.pregelix.core.jobgen.JobGen loadHDFSData
INFO: hdfs://sensorium-1:31888/btc005x/part-39:0+109978246
Mar 13, 2014 3:45:45 PM edu.uci.ics.pregelix.core.jobgen.JobGen loadHDFSData
INFO: hdfs://sensorium-1:31888/btc005x/part-4:0+123648917
Mar 13, 2014 3:45:45 PM edu.uci.ics.pregelix.core.jobgen.JobGen loadHDFSData
INFO: hdfs://sensorium-1:31888/btc005x/part-40:0+109992704
Mar 13, 2014 3:45:45 PM edu.uci.ics.pregelix.core.jobgen.JobGen loadHDFSData
INFO: hdfs://sensorium-1:31888/btc005x/part-41:0+109940875
Mar 13, 2014 3:45:45 PM edu.uci.ics.pregelix.core.jobgen.JobGen loadHDFSData
INFO: hdfs://sensorium-1:31888/btc005x/part-42:0+109925400
Mar 13, 2014 3:45:45 PM edu.uci.ics.pregelix.core.jobgen.JobGen loadHDFSData
INFO: hdfs://sensorium-1:31888/btc005x/part-43:0+109889259
Mar 13, 2014 3:45:45 PM edu.uci.ics.pregelix.core.jobgen.JobGen loadHDFSData
INFO: hdfs://sensorium-1:31888/btc005x/part-44:0+110086340
Mar 13, 2014 3:45:45 PM edu.uci.ics.pregelix.core.jobgen.JobGen loadHDFSData
INFO: hdfs://sensorium-1:31888/btc005x/part-45:0+109830234
Mar 13, 2014 3:45:45 PM edu.uci.ics.pregelix.core.jobgen.JobGen loadHDFSData
INFO: hdfs://sensorium-1:31888/btc005x/part-46:0+109916425
Mar 13, 2014 3:45:45 PM edu.uci.ics.pregelix.core.jobgen.JobGen loadHDFSData
INFO: hdfs://sensorium-1:31888/btc005x/part-47:0+109995265
Mar 13, 2014 3:45:45 PM edu.uci.ics.pregelix.core.jobgen.JobGen loadHDFSData
INFO: hdfs://sensorium-1:31888/btc005x/part-48:0+110126852
Mar 13, 2014 3:45:45 PM edu.uci.ics.pregelix.core.jobgen.JobGen loadHDFSData
INFO: hdfs://sensorium-1:31888/btc005x/part-49:0+109868641
Mar 13, 2014 3:45:45 PM edu.uci.ics.pregelix.core.jobgen.JobGen loadHDFSData
INFO: hdfs://sensorium-1:31888/btc005x/part-5:0+109691062
Mar 13, 2014 3:45:45 PM edu.uci.ics.pregelix.core.jobgen.JobGen loadHDFSData
INFO: hdfs://sensorium-1:31888/btc005x/part-50:0+110053497
Mar 13, 2014 3:45:45 PM edu.uci.ics.pregelix.core.jobgen.JobGen loadHDFSData
INFO: hdfs://sensorium-1:31888/btc005x/part-51:0+109857173
Mar 13, 2014 3:45:45 PM edu.uci.ics.pregelix.core.jobgen.JobGen loadHDFSData
INFO: hdfs://sensorium-1:31888/btc005x/part-52:0+110207158
Mar 13, 2014 3:45:45 PM edu.uci.ics.pregelix.core.jobgen.JobGen loadHDFSData
INFO: hdfs://sensorium-1:31888/btc005x/part-53:0+110219496
Mar 13, 2014 3:45:45 PM edu.uci.ics.pregelix.core.jobgen.JobGen loadHDFSData
INFO: hdfs://sensorium-1:31888/btc005x/part-54:0+110125075
Mar 13, 2014 3:45:45 PM edu.uci.ics.pregelix.core.jobgen.JobGen loadHDFSData
INFO: hdfs://sensorium-1:31888/btc005x/part-55:0+109942336
Mar 13, 2014 3:45:45 PM edu.uci.ics.pregelix.core.jobgen.JobGen loadHDFSData
INFO: hdfs://sensorium-1:31888/btc005x/part-56:0+110076985
Mar 13, 2014 3:45:45 PM edu.uci.ics.pregelix.core.jobgen.JobGen loadHDFSData
INFO: hdfs://sensorium-1:31888/btc005x/part-57:0+109911125
Mar 13, 2014 3:45:45 PM edu.uci.ics.pregelix.core.jobgen.JobGen loadHDFSData
INFO: hdfs://sensorium-1:31888/btc005x/part-58:0+109965831
Mar 13, 2014 3:45:45 PM edu.uci.ics.pregelix.core.jobgen.JobGen loadHDFSData
INFO: hdfs://sensorium-1:31888/btc005x/part-59:0+123629431
Mar 13, 2014 3:45:45 PM edu.uci.ics.pregelix.core.jobgen.JobGen loadHDFSData
INFO: hdfs://sensorium-1:31888/btc005x/part-6:0+109915609
Mar 13, 2014 3:45:45 PM edu.uci.ics.pregelix.core.jobgen.JobGen loadHDFSData
INFO: hdfs://sensorium-1:31888/btc005x/part-60:0+123829398
Mar 13, 2014 3:45:45 PM edu.uci.ics.pregelix.core.jobgen.JobGen loadHDFSData
INFO: hdfs://sensorium-1:31888/btc005x/part-61:0+123561618
Mar 13, 2014 3:45:45 PM edu.uci.ics.pregelix.core.jobgen.JobGen loadHDFSData
INFO: hdfs://sensorium-1:31888/btc005x/part-7:0+109748169
Mar 13, 2014 3:45:45 PM edu.uci.ics.pregelix.core.jobgen.JobGen loadHDFSData
INFO: hdfs://sensorium-1:31888/btc005x/part-8:0+110091964
Mar 13, 2014 3:45:45 PM edu.uci.ics.pregelix.core.jobgen.JobGen loadHDFSData
INFO: hdfs://sensorium-1:31888/btc005x/part-9:0+110016359
Mar 13, 2014 3:45:45 PM edu.uci.ics.hyracks.hdfs.scheduler.Scheduler getLocationConstraints
INFO: Data local rate: 0.6935483813285828
Mar 13, 2014 3:47:25 PM edu.uci.ics.pregelix.core.driver.Driver loadData
INFO: data loading finished 101462ms
Mar 13, 2014 3:51:00 PM edu.uci.ics.pregelix.core.driver.Driver runLoopBody
INFO: ConnectedComponentsVertex: iteration 1 finished 214959ms
Mar 13, 2014 3:56:28 PM edu.uci.ics.pregelix.core.driver.Driver runLoopBody
INFO: ConnectedComponentsVertex: iteration 2 finished 324971ms
Mar 13, 2014 4:01:12 PM edu.uci.ics.pregelix.core.driver.Driver runLoopBody
INFO: ConnectedComponentsVertex: iteration 3 finished 284618ms
Mar 13, 2014 4:06:08 PM edu.uci.ics.pregelix.core.driver.Driver runLoopBody
INFO: ConnectedComponentsVertex: iteration 4 finished 295654ms
Mar 13, 2014 4:10:30 PM edu.uci.ics.pregelix.core.driver.Driver runLoopBody
INFO: ConnectedComponentsVertex: iteration 5 finished 262184ms
Mar 13, 2014 4:14:05 PM edu.uci.ics.pregelix.core.driver.Driver runLoopBody
INFO: ConnectedComponentsVertex: iteration 6 finished 214802ms
Mar 13, 2014 4:17:05 PM edu.uci.ics.pregelix.core.driver.Driver runLoopBody
INFO: ConnectedComponentsVertex: iteration 7 finished 179984ms
Mar 13, 2014 4:19:14 PM edu.uci.ics.pregelix.core.driver.Driver runLoopBody
INFO: ConnectedComponentsVertex: iteration 8 finished 128325ms
Mar 13, 2014 4:20:03 PM edu.uci.ics.pregelix.core.driver.Driver runLoopBody
INFO: ConnectedComponentsVertex: iteration 9 finished 49945ms
Mar 13, 2014 4:20:38 PM edu.uci.ics.pregelix.core.driver.Driver runLoopBody
INFO: ConnectedComponentsVertex: iteration 10 finished 34648ms
Mar 13, 2014 4:20:47 PM edu.uci.ics.pregelix.core.driver.Driver runLoopBody
INFO: ConnectedComponentsVertex: iteration 11 finished 8685ms
Mar 13, 2014 4:20:51 PM edu.uci.ics.pregelix.core.driver.Driver runLoopBody
INFO: ConnectedComponentsVertex: iteration 12 finished 4345ms
Mar 13, 2014 4:20:55 PM edu.uci.ics.pregelix.core.driver.Driver runLoopBody
INFO: ConnectedComponentsVertex: iteration 13 finished 3928ms
Mar 13, 2014 4:20:57 PM edu.uci.ics.pregelix.core.driver.Driver runLoopBody
INFO: ConnectedComponentsVertex: iteration 14 finished 2277ms
Mar 13, 2014 4:20:59 PM edu.uci.ics.pregelix.core.driver.Driver runLoopBody
INFO: ConnectedComponentsVertex: iteration 15 finished 1384ms
Mar 13, 2014 4:21:01 PM edu.uci.ics.pregelix.core.driver.Driver runLoopBody
INFO: ConnectedComponentsVertex: iteration 16 finished 2037ms
Mar 13, 2014 4:21:03 PM edu.uci.ics.pregelix.core.driver.Driver runLoopBody
INFO: ConnectedComponentsVertex: iteration 17 finished 1109ms
Mar 13, 2014 4:21:05 PM edu.uci.ics.pregelix.core.driver.Driver runLoopBody
INFO: ConnectedComponentsVertex: iteration 18 finished 1400ms
Mar 13, 2014 4:21:07 PM edu.uci.ics.pregelix.core.driver.Driver runLoopBody
INFO: ConnectedComponentsVertex: iteration 19 finished 1738ms
Mar 13, 2014 4:21:09 PM edu.uci.ics.pregelix.core.driver.Driver runLoopBody
INFO: ConnectedComponentsVertex: iteration 20 finished 2086ms
Mar 13, 2014 4:22:29 PM edu.uci.ics.pregelix.core.driver.Driver finishJobs
INFO: result writing finished 79538ms
Mar 13, 2014 4:22:29 PM edu.uci.ics.pregelix.core.driver.Driver runJobs
INFO: job finished
Mar 13, 2014 4:22:29 PM edu.uci.ics.pregelix.core.driver.Driver runJobs
INFO: performance counters
	total vertice: 107706280
	total edges: 607509766
	num-processors: 2
	system-load-averages: 1
	heap-used-sizes: 1491990332
	disk-reads: 4184477696
	disk-writes: 9966553088
	net-payload-bytes-read: 5297664192
	net-payload-bytes-written: 5297664192

Total Execution Time: 2222 seconds
