Warning: $HADOOP_HOME is deprecated.

Deleted hdfs://sensorium-1:31888/tmp/pgoutput
Warning: $HADOOP_HOME is deprecated.

14/02/18 06:50:42 INFO utils.ConfigurationUtils: No edge input format specified. Ensure your InputFormat does not require one.
14/02/18 06:50:42 INFO utils.ConfigurationUtils: No edge output format specified. Ensure your OutputFormat does not require one.
14/02/18 06:50:42 INFO utils.ConfigurationUtils: Setting custom argument [giraph.useOutOfCoreGraph] to [false] in GiraphConfiguration
14/02/18 06:50:42 INFO utils.ConfigurationUtils: Setting custom argument [giraph.useOutOfCoreMessages] to [true] in GiraphConfiguration
14/02/18 06:50:43 INFO job.GiraphJob: run: Since checkpointing is disabled (default), do not allow any task retries (setting mapred.map.max.attempts = 0, old value = 4)
14/02/18 06:51:03 INFO job.GiraphJob: run: Tracking URL: http://sensorium-1:47040/jobdetails.jsp?jobid=job_201402140954_0030
14/02/18 06:52:03 INFO job.HaltApplicationUtils$DefaultHaltInstructionsWriter: writeHaltInstructions: To halt after next superstep execute: 'bin/halt-application --zkServer sensorium-72.ics.uci.edu:22181 --zkNode /_hadoopBsp/job_201402140954_0030/_haltComputation'
14/02/18 06:52:03 INFO mapred.JobClient: Running job: job_201402140954_0030
14/02/18 06:52:04 INFO mapred.JobClient:  map 66% reduce 0%
14/02/18 06:52:05 INFO mapred.JobClient:  map 70% reduce 0%
14/02/18 06:52:06 INFO mapred.JobClient:  map 75% reduce 0%
14/02/18 06:52:07 INFO mapred.JobClient:  map 79% reduce 0%
14/02/18 06:52:11 INFO mapred.JobClient:  map 91% reduce 0%
14/02/18 06:52:14 INFO mapred.JobClient:  map 95% reduce 0%
14/02/18 06:52:19 INFO mapred.JobClient:  map 100% reduce 0%
14/02/18 07:10:55 INFO mapred.JobClient:  map 95% reduce 0%
14/02/18 07:13:49 INFO mapred.JobClient:  map 91% reduce 0%
14/02/18 07:17:29 INFO mapred.JobClient:  map 87% reduce 0%
14/02/18 07:18:48 INFO mapred.JobClient:  map 83% reduce 0%
14/02/18 07:22:04 INFO mapred.JobClient:  map 79% reduce 0%
14/02/18 07:24:57 INFO mapred.JobClient:  map 74% reduce 0%
14/02/18 07:38:20 INFO mapred.JobClient:  map 70% reduce 0%
14/02/18 08:59:34 INFO mapred.JobClient:  map 66% reduce 0%
14/02/18 08:59:56 INFO mapred.JobClient: Job complete: job_201402140954_0030
14/02/18 08:59:56 INFO mapred.JobClient: Counters: 6
14/02/18 08:59:56 INFO mapred.JobClient:   Job Counters 
14/02/18 08:59:56 INFO mapred.JobClient:     SLOTS_MILLIS_MAPS=130405015
14/02/18 08:59:56 INFO mapred.JobClient:     Total time spent by all reduces waiting after reserving slots (ms)=0
14/02/18 08:59:56 INFO mapred.JobClient:     Total time spent by all maps waiting after reserving slots (ms)=0
14/02/18 08:59:56 INFO mapred.JobClient:     Launched map tasks=24
14/02/18 08:59:56 INFO mapred.JobClient:     SLOTS_MILLIS_REDUCES=0
14/02/18 08:59:56 INFO mapred.JobClient:     Failed map tasks=1
Total Execution Time: 7762 seconds
