Warning: $HADOOP_HOME is deprecated.

Deleted hdfs://sensorium-1:31888/tmp/spoutput
Warning: $HADOOP_HOME is deprecated.

14/03/01 00:43:29 INFO utils.ConfigurationUtils: No edge input format specified. Ensure your InputFormat does not require one.
14/03/01 00:43:29 INFO utils.ConfigurationUtils: No edge output format specified. Ensure your OutputFormat does not require one.
14/03/01 00:43:29 INFO utils.ConfigurationUtils: Setting custom argument [giraph.useOutOfCoreGraph] to [false] in GiraphConfiguration
14/03/01 00:43:29 INFO utils.ConfigurationUtils: Setting custom argument [giraph.useOutOfCoreMessages] to [false] in GiraphConfiguration
14/03/01 00:43:29 INFO utils.ConfigurationUtils: Setting custom argument [giraph.partitionsDirectory] to [/scratch/yingyib/giraph] in GiraphConfiguration
14/03/01 00:43:29 INFO utils.ConfigurationUtils: Setting custom argument [giraph.shortestPathsBenchmark.sourceId] to [1120] in GiraphConfiguration
14/03/01 00:43:29 INFO job.GiraphJob: run: Since checkpointing is disabled (default), do not allow any task retries (setting mapred.map.max.attempts = 0, old value = 4)
14/03/01 00:43:32 INFO job.GiraphJob: run: Tracking URL: http://sensorium-1:47040/jobdetails.jsp?jobid=job_201402140954_0108
14/03/01 00:44:37 INFO job.HaltApplicationUtils$DefaultHaltInstructionsWriter: writeHaltInstructions: To halt after next superstep execute: 'bin/halt-application --zkServer sensorium-52.ics.uci.edu:22181 --zkNode /_hadoopBsp/job_201402140954_0108/_haltComputation'
14/03/01 00:44:37 INFO mapred.JobClient: Running job: job_201402140954_0108
14/03/01 00:44:38 INFO mapred.JobClient:  map 43% reduce 0%
14/03/01 00:44:39 INFO mapred.JobClient:  map 50% reduce 0%
14/03/01 00:44:40 INFO mapred.JobClient:  map 56% reduce 0%
14/03/01 00:44:41 INFO mapred.JobClient:  map 68% reduce 0%
14/03/01 00:44:44 INFO mapred.JobClient:  map 75% reduce 0%
14/03/01 00:44:47 INFO mapred.JobClient:  map 81% reduce 0%
14/03/01 00:44:50 INFO mapred.JobClient:  map 87% reduce 0%
14/03/01 00:44:54 INFO mapred.JobClient:  map 93% reduce 0%
14/03/01 00:44:58 INFO mapred.JobClient:  map 100% reduce 0%
14/03/01 01:14:48 INFO mapred.JobClient:  map 93% reduce 0%
14/03/01 01:15:25 INFO mapred.JobClient:  map 87% reduce 0%
14/03/01 01:19:16 INFO mapred.JobClient:  map 81% reduce 0%
14/03/01 01:23:20 INFO mapred.JobClient:  map 75% reduce 0%
14/03/01 01:24:07 INFO mapred.JobClient:  map 68% reduce 0%
14/03/01 01:41:07 INFO mapred.JobClient:  map 62% reduce 0%
14/03/01 01:55:38 INFO mapred.JobClient:  map 56% reduce 0%
14/03/01 02:51:26 INFO mapred.JobClient:  map 50% reduce 0%
14/03/01 02:52:09 INFO mapred.JobClient: Job complete: job_201402140954_0108
14/03/01 02:52:09 INFO mapred.JobClient: Counters: 6
14/03/01 02:52:09 INFO mapred.JobClient:   Job Counters 
14/03/01 02:52:09 INFO mapred.JobClient:     SLOTS_MILLIS_MAPS=68667103
14/03/01 02:52:09 INFO mapred.JobClient:     Total time spent by all reduces waiting after reserving slots (ms)=0
14/03/01 02:52:09 INFO mapred.JobClient:     Total time spent by all maps waiting after reserving slots (ms)=0
14/03/01 02:52:09 INFO mapred.JobClient:     Launched map tasks=16
14/03/01 02:52:09 INFO mapred.JobClient:     SLOTS_MILLIS_REDUCES=0
14/03/01 02:52:09 INFO mapred.JobClient:     Failed map tasks=1
Total Execution Time: 7729 seconds
