Warning: $HADOOP_HOME is deprecated.

Deleted hdfs://sensorium-1:31888/tmp/spoutput
Warning: $HADOOP_HOME is deprecated.

14/03/01 05:58:34 INFO utils.ConfigurationUtils: No edge input format specified. Ensure your InputFormat does not require one.
14/03/01 05:58:34 INFO utils.ConfigurationUtils: No edge output format specified. Ensure your OutputFormat does not require one.
14/03/01 05:58:34 INFO utils.ConfigurationUtils: Setting custom argument [giraph.useOutOfCoreGraph] to [false] in GiraphConfiguration
14/03/01 05:58:34 INFO utils.ConfigurationUtils: Setting custom argument [giraph.useOutOfCoreMessages] to [true] in GiraphConfiguration
14/03/01 05:58:34 INFO utils.ConfigurationUtils: Setting custom argument [giraph.partitionsDirectory] to [/scratch/yingyib/giraph] in GiraphConfiguration
14/03/01 05:58:34 INFO utils.ConfigurationUtils: Setting custom argument [giraph.shortestPathsBenchmark.sourceId] to [] in GiraphConfiguration
14/03/01 05:58:34 INFO job.GiraphJob: run: Since checkpointing is disabled (default), do not allow any task retries (setting mapred.map.max.attempts = 0, old value = 4)
14/03/01 05:58:43 INFO job.GiraphJob: run: Tracking URL: http://sensorium-1:47040/jobdetails.jsp?jobid=job_201402140954_0113
14/03/01 06:00:11 INFO job.HaltApplicationUtils$DefaultHaltInstructionsWriter: writeHaltInstructions: To halt after next superstep execute: 'bin/halt-application --zkServer sensorium-57.ics.uci.edu:22181 --zkNode /_hadoopBsp/job_201402140954_0113/_haltComputation'
14/03/01 06:00:11 INFO mapred.JobClient: Running job: job_201402140954_0113
14/03/01 06:00:12 INFO mapred.JobClient:  map 25% reduce 0%
14/03/01 06:00:13 INFO mapred.JobClient:  map 43% reduce 0%
14/03/01 06:00:14 INFO mapred.JobClient:  map 81% reduce 0%
14/03/01 06:00:15 INFO mapred.JobClient:  map 87% reduce 0%
14/03/01 06:00:16 INFO mapred.JobClient:  map 93% reduce 0%
14/03/01 06:00:23 INFO mapred.JobClient:  map 100% reduce 0%
14/03/01 06:17:58 INFO mapred.JobClient:  map 93% reduce 0%
14/03/01 06:58:45 INFO mapred.JobClient:  map 87% reduce 0%
14/03/01 07:52:31 INFO mapred.JobClient:  map 81% reduce 0%
14/03/01 07:52:45 INFO mapred.JobClient: Job complete: job_201402140954_0113
14/03/01 07:52:45 INFO mapred.JobClient: Counters: 6
14/03/01 07:52:45 INFO mapred.JobClient:   Job Counters 
14/03/01 07:52:45 INFO mapred.JobClient:     SLOTS_MILLIS_MAPS=94682085
14/03/01 07:52:45 INFO mapred.JobClient:     Total time spent by all reduces waiting after reserving slots (ms)=0
14/03/01 07:52:45 INFO mapred.JobClient:     Total time spent by all maps waiting after reserving slots (ms)=0
14/03/01 07:52:45 INFO mapred.JobClient:     Launched map tasks=16
14/03/01 07:52:45 INFO mapred.JobClient:     SLOTS_MILLIS_REDUCES=0
14/03/01 07:52:45 INFO mapred.JobClient:     Failed map tasks=1
Total Execution Time: 6860 seconds
