Mar 20, 2014 8:10:07 PM edu.uci.ics.pregelix.core.driver.Driver installApplication
INFO: jar deployment finished 8901ms
Mar 20, 2014 8:10:07 PM edu.uci.ics.pregelix.core.driver.Driver runJobs
INFO: job started
Mar 20, 2014 8:10:10 PM org.apache.hadoop.mapreduce.lib.input.FileInputFormat listStatus
INFO: Total input paths to process : 62
Mar 20, 2014 8:10:10 PM org.apache.hadoop.util.NativeCodeLoader <clinit>
WARNING: Unable to load native-hadoop library for your platform... using builtin-java classes where applicable
Mar 20, 2014 8:10:10 PM org.apache.hadoop.io.compress.snappy.LoadSnappy <clinit>
WARNING: Snappy native library not loaded
Mar 20, 2014 8:10:10 PM edu.uci.ics.pregelix.core.jobgen.JobGen loadHDFSData
INFO: number of splits: 62
Mar 20, 2014 8:10:10 PM edu.uci.ics.pregelix.core.jobgen.JobGen loadHDFSData
INFO: hdfs://sensorium-1:31888/btc05x/part-0:0+236285114
Mar 20, 2014 8:10:10 PM edu.uci.ics.pregelix.core.jobgen.JobGen loadHDFSData
INFO: hdfs://sensorium-1:31888/btc05x/part-1:0+236377117
Mar 20, 2014 8:10:10 PM edu.uci.ics.pregelix.core.jobgen.JobGen loadHDFSData
INFO: hdfs://sensorium-1:31888/btc05x/part-10:0+210180069
Mar 20, 2014 8:10:10 PM edu.uci.ics.pregelix.core.jobgen.JobGen loadHDFSData
INFO: hdfs://sensorium-1:31888/btc05x/part-11:0+209983562
Mar 20, 2014 8:10:10 PM edu.uci.ics.pregelix.core.jobgen.JobGen loadHDFSData
INFO: hdfs://sensorium-1:31888/btc05x/part-12:0+209916492
Mar 20, 2014 8:10:10 PM edu.uci.ics.pregelix.core.jobgen.JobGen loadHDFSData
INFO: hdfs://sensorium-1:31888/btc05x/part-13:0+210216595
Mar 20, 2014 8:10:10 PM edu.uci.ics.pregelix.core.jobgen.JobGen loadHDFSData
INFO: hdfs://sensorium-1:31888/btc05x/part-14:0+210037964
Mar 20, 2014 8:10:10 PM edu.uci.ics.pregelix.core.jobgen.JobGen loadHDFSData
INFO: hdfs://sensorium-1:31888/btc05x/part-15:0+210183509
Mar 20, 2014 8:10:10 PM edu.uci.ics.pregelix.core.jobgen.JobGen loadHDFSData
INFO: hdfs://sensorium-1:31888/btc05x/part-16:0+210099849
Mar 20, 2014 8:10:10 PM edu.uci.ics.pregelix.core.jobgen.JobGen loadHDFSData
INFO: hdfs://sensorium-1:31888/btc05x/part-17:0+210267434
Mar 20, 2014 8:10:10 PM edu.uci.ics.pregelix.core.jobgen.JobGen loadHDFSData
INFO: hdfs://sensorium-1:31888/btc05x/part-18:0+209868950
Mar 20, 2014 8:10:10 PM edu.uci.ics.pregelix.core.jobgen.JobGen loadHDFSData
INFO: hdfs://sensorium-1:31888/btc05x/part-19:0+209963169
Mar 20, 2014 8:10:10 PM edu.uci.ics.pregelix.core.jobgen.JobGen loadHDFSData
INFO: hdfs://sensorium-1:31888/btc05x/part-2:0+236219675
Mar 20, 2014 8:10:10 PM edu.uci.ics.pregelix.core.jobgen.JobGen loadHDFSData
INFO: hdfs://sensorium-1:31888/btc05x/part-20:0+210184526
Mar 20, 2014 8:10:10 PM edu.uci.ics.pregelix.core.jobgen.JobGen loadHDFSData
INFO: hdfs://sensorium-1:31888/btc05x/part-21:0+210090047
Mar 20, 2014 8:10:10 PM edu.uci.ics.pregelix.core.jobgen.JobGen loadHDFSData
INFO: hdfs://sensorium-1:31888/btc05x/part-22:0+210172123
Mar 20, 2014 8:10:10 PM edu.uci.ics.pregelix.core.jobgen.JobGen loadHDFSData
INFO: hdfs://sensorium-1:31888/btc05x/part-23:0+210122152
Mar 20, 2014 8:10:10 PM edu.uci.ics.pregelix.core.jobgen.JobGen loadHDFSData
INFO: hdfs://sensorium-1:31888/btc05x/part-24:0+210017340
Mar 20, 2014 8:10:10 PM edu.uci.ics.pregelix.core.jobgen.JobGen loadHDFSData
INFO: hdfs://sensorium-1:31888/btc05x/part-25:0+209921550
Mar 20, 2014 8:10:10 PM edu.uci.ics.pregelix.core.jobgen.JobGen loadHDFSData
INFO: hdfs://sensorium-1:31888/btc05x/part-26:0+210085932
Mar 20, 2014 8:10:10 PM edu.uci.ics.pregelix.core.jobgen.JobGen loadHDFSData
INFO: hdfs://sensorium-1:31888/btc05x/part-27:0+210167018
Mar 20, 2014 8:10:10 PM edu.uci.ics.pregelix.core.jobgen.JobGen loadHDFSData
INFO: hdfs://sensorium-1:31888/btc05x/part-28:0+236296485
Mar 20, 2014 8:10:10 PM edu.uci.ics.pregelix.core.jobgen.JobGen loadHDFSData
INFO: hdfs://sensorium-1:31888/btc05x/part-29:0+236349382
Mar 20, 2014 8:10:10 PM edu.uci.ics.pregelix.core.jobgen.JobGen loadHDFSData
INFO: hdfs://sensorium-1:31888/btc05x/part-3:0+236521242
Mar 20, 2014 8:10:10 PM edu.uci.ics.pregelix.core.jobgen.JobGen loadHDFSData
INFO: hdfs://sensorium-1:31888/btc05x/part-30:0+236320093
Mar 20, 2014 8:10:10 PM edu.uci.ics.pregelix.core.jobgen.JobGen loadHDFSData
INFO: hdfs://sensorium-1:31888/btc05x/part-31:0+236387031
Mar 20, 2014 8:10:10 PM edu.uci.ics.pregelix.core.jobgen.JobGen loadHDFSData
INFO: hdfs://sensorium-1:31888/btc05x/part-32:0+236310127
Mar 20, 2014 8:10:10 PM edu.uci.ics.pregelix.core.jobgen.JobGen loadHDFSData
INFO: hdfs://sensorium-1:31888/btc05x/part-33:0+236430910
Mar 20, 2014 8:10:10 PM edu.uci.ics.pregelix.core.jobgen.JobGen loadHDFSData
INFO: hdfs://sensorium-1:31888/btc05x/part-34:0+236288182
Mar 20, 2014 8:10:10 PM edu.uci.ics.pregelix.core.jobgen.JobGen loadHDFSData
INFO: hdfs://sensorium-1:31888/btc05x/part-35:0+236308962
Mar 20, 2014 8:10:10 PM edu.uci.ics.pregelix.core.jobgen.JobGen loadHDFSData
INFO: hdfs://sensorium-1:31888/btc05x/part-36:0+210147862
Mar 20, 2014 8:10:10 PM edu.uci.ics.pregelix.core.jobgen.JobGen loadHDFSData
INFO: hdfs://sensorium-1:31888/btc05x/part-37:0+210238137
Mar 20, 2014 8:10:10 PM edu.uci.ics.pregelix.core.jobgen.JobGen loadHDFSData
INFO: hdfs://sensorium-1:31888/btc05x/part-38:0+210203360
Mar 20, 2014 8:10:10 PM edu.uci.ics.pregelix.core.jobgen.JobGen loadHDFSData
INFO: hdfs://sensorium-1:31888/btc05x/part-39:0+210115068
Mar 20, 2014 8:10:10 PM edu.uci.ics.pregelix.core.jobgen.JobGen loadHDFSData
INFO: hdfs://sensorium-1:31888/btc05x/part-4:0+236317804
Mar 20, 2014 8:10:10 PM edu.uci.ics.pregelix.core.jobgen.JobGen loadHDFSData
INFO: hdfs://sensorium-1:31888/btc05x/part-40:0+210033759
Mar 20, 2014 8:10:10 PM edu.uci.ics.pregelix.core.jobgen.JobGen loadHDFSData
INFO: hdfs://sensorium-1:31888/btc05x/part-41:0+209999531
Mar 20, 2014 8:10:10 PM edu.uci.ics.pregelix.core.jobgen.JobGen loadHDFSData
INFO: hdfs://sensorium-1:31888/btc05x/part-42:0+209994216
Mar 20, 2014 8:10:10 PM edu.uci.ics.pregelix.core.jobgen.JobGen loadHDFSData
INFO: hdfs://sensorium-1:31888/btc05x/part-43:0+210169120
Mar 20, 2014 8:10:10 PM edu.uci.ics.pregelix.core.jobgen.JobGen loadHDFSData
INFO: hdfs://sensorium-1:31888/btc05x/part-44:0+209955515
Mar 20, 2014 8:10:10 PM edu.uci.ics.pregelix.core.jobgen.JobGen loadHDFSData
INFO: hdfs://sensorium-1:31888/btc05x/part-45:0+210036829
Mar 20, 2014 8:10:10 PM edu.uci.ics.pregelix.core.jobgen.JobGen loadHDFSData
INFO: hdfs://sensorium-1:31888/btc05x/part-46:0+210120102
Mar 20, 2014 8:10:10 PM edu.uci.ics.pregelix.core.jobgen.JobGen loadHDFSData
INFO: hdfs://sensorium-1:31888/btc05x/part-47:0+210056968
Mar 20, 2014 8:10:10 PM edu.uci.ics.pregelix.core.jobgen.JobGen loadHDFSData
INFO: hdfs://sensorium-1:31888/btc05x/part-48:0+210226212
Mar 20, 2014 8:10:10 PM edu.uci.ics.pregelix.core.jobgen.JobGen loadHDFSData
INFO: hdfs://sensorium-1:31888/btc05x/part-49:0+209879590
Mar 20, 2014 8:10:10 PM edu.uci.ics.pregelix.core.jobgen.JobGen loadHDFSData
INFO: hdfs://sensorium-1:31888/btc05x/part-5:0+209938586
Mar 20, 2014 8:10:10 PM edu.uci.ics.pregelix.core.jobgen.JobGen loadHDFSData
INFO: hdfs://sensorium-1:31888/btc05x/part-50:0+210078182
Mar 20, 2014 8:10:10 PM edu.uci.ics.pregelix.core.jobgen.JobGen loadHDFSData
INFO: hdfs://sensorium-1:31888/btc05x/part-51:0+209978626
Mar 20, 2014 8:10:10 PM edu.uci.ics.pregelix.core.jobgen.JobGen loadHDFSData
INFO: hdfs://sensorium-1:31888/btc05x/part-52:0+210307789
Mar 20, 2014 8:10:10 PM edu.uci.ics.pregelix.core.jobgen.JobGen loadHDFSData
INFO: hdfs://sensorium-1:31888/btc05x/part-53:0+210262770
Mar 20, 2014 8:10:10 PM edu.uci.ics.pregelix.core.jobgen.JobGen loadHDFSData
INFO: hdfs://sensorium-1:31888/btc05x/part-54:0+210201056
Mar 20, 2014 8:10:10 PM edu.uci.ics.pregelix.core.jobgen.JobGen loadHDFSData
INFO: hdfs://sensorium-1:31888/btc05x/part-55:0+209999413
Mar 20, 2014 8:10:10 PM edu.uci.ics.pregelix.core.jobgen.JobGen loadHDFSData
INFO: hdfs://sensorium-1:31888/btc05x/part-56:0+210367628
Mar 20, 2014 8:10:10 PM edu.uci.ics.pregelix.core.jobgen.JobGen loadHDFSData
INFO: hdfs://sensorium-1:31888/btc05x/part-57:0+210038499
Mar 20, 2014 8:10:10 PM edu.uci.ics.pregelix.core.jobgen.JobGen loadHDFSData
INFO: hdfs://sensorium-1:31888/btc05x/part-58:0+210181007
Mar 20, 2014 8:10:10 PM edu.uci.ics.pregelix.core.jobgen.JobGen loadHDFSData
INFO: hdfs://sensorium-1:31888/btc05x/part-59:0+236176319
Mar 20, 2014 8:10:10 PM edu.uci.ics.pregelix.core.jobgen.JobGen loadHDFSData
INFO: hdfs://sensorium-1:31888/btc05x/part-6:0+210129899
Mar 20, 2014 8:10:10 PM edu.uci.ics.pregelix.core.jobgen.JobGen loadHDFSData
INFO: hdfs://sensorium-1:31888/btc05x/part-60:0+236611024
Mar 20, 2014 8:10:10 PM edu.uci.ics.pregelix.core.jobgen.JobGen loadHDFSData
INFO: hdfs://sensorium-1:31888/btc05x/part-61:0+236408205
Mar 20, 2014 8:10:10 PM edu.uci.ics.pregelix.core.jobgen.JobGen loadHDFSData
INFO: hdfs://sensorium-1:31888/btc05x/part-7:0+209956059
Mar 20, 2014 8:10:10 PM edu.uci.ics.pregelix.core.jobgen.JobGen loadHDFSData
INFO: hdfs://sensorium-1:31888/btc05x/part-8:0+210024801
Mar 20, 2014 8:10:10 PM edu.uci.ics.pregelix.core.jobgen.JobGen loadHDFSData
INFO: hdfs://sensorium-1:31888/btc05x/part-9:0+210150713
Mar 20, 2014 8:10:11 PM edu.uci.ics.hyracks.hdfs.scheduler.Scheduler getLocationConstraints
INFO: Data local rate: 0.9032257795333862
Mar 20, 2014 8:19:05 PM edu.uci.ics.pregelix.core.driver.Driver loadData
INFO: data loading finished 537946ms
Mar 20, 2014 8:20:44 PM edu.uci.ics.pregelix.core.driver.Driver runLoopBody
INFO: ShortestPathsVertex: iteration 1 finished 99013ms
Mar 20, 2014 8:21:45 PM edu.uci.ics.pregelix.core.driver.Driver runLoopBody
INFO: ShortestPathsVertex: iteration 2 finished 60830ms
Mar 20, 2014 8:22:51 PM edu.uci.ics.pregelix.core.driver.Driver runLoopBody
INFO: ShortestPathsVertex: iteration 3 finished 66200ms
Mar 20, 2014 8:23:36 PM edu.uci.ics.pregelix.core.driver.Driver runLoopBody
INFO: ShortestPathsVertex: iteration 4 finished 44712ms
Mar 20, 2014 8:25:17 PM edu.uci.ics.pregelix.core.driver.Driver runLoopBody
INFO: ShortestPathsVertex: iteration 5 finished 101507ms
Mar 20, 2014 8:25:57 PM edu.uci.ics.pregelix.core.driver.Driver runLoopBody
INFO: ShortestPathsVertex: iteration 6 finished 39534ms
Mar 20, 2014 8:26:43 PM edu.uci.ics.pregelix.core.driver.Driver runLoopBody
INFO: ShortestPathsVertex: iteration 7 finished 46118ms
Mar 20, 2014 8:27:47 PM edu.uci.ics.pregelix.core.driver.Driver runLoopBody
INFO: ShortestPathsVertex: iteration 8 finished 63994ms
Mar 20, 2014 8:28:48 PM edu.uci.ics.pregelix.core.driver.Driver runLoopBody
INFO: ShortestPathsVertex: iteration 9 finished 60624ms
Mar 20, 2014 8:29:39 PM edu.uci.ics.pregelix.core.driver.Driver runLoopBody
INFO: ShortestPathsVertex: iteration 10 finished 51091ms
Mar 20, 2014 8:29:51 PM edu.uci.ics.pregelix.core.driver.Driver runLoopBody
INFO: ShortestPathsVertex: iteration 11 finished 12375ms
Mar 20, 2014 8:30:00 PM edu.uci.ics.pregelix.core.driver.Driver runLoopBody
INFO: ShortestPathsVertex: iteration 12 finished 8768ms
Mar 20, 2014 8:30:13 PM edu.uci.ics.pregelix.core.driver.Driver runLoopBody
INFO: ShortestPathsVertex: iteration 13 finished 12945ms
Mar 20, 2014 8:30:47 PM edu.uci.ics.pregelix.core.driver.Driver runLoopBody
INFO: ShortestPathsVertex: iteration 14 finished 33613ms
Mar 20, 2014 8:31:21 PM edu.uci.ics.pregelix.core.driver.Driver runLoopBody
INFO: ShortestPathsVertex: iteration 15 finished 34124ms
Mar 20, 2014 8:31:34 PM edu.uci.ics.pregelix.core.driver.Driver runLoopBody
INFO: ShortestPathsVertex: iteration 16 finished 13137ms
Mar 20, 2014 8:31:43 PM edu.uci.ics.pregelix.core.driver.Driver runLoopBody
INFO: ShortestPathsVertex: iteration 17 finished 8804ms
Mar 20, 2014 8:31:52 PM edu.uci.ics.pregelix.core.driver.Driver runLoopBody
INFO: ShortestPathsVertex: iteration 18 finished 9540ms
Mar 20, 2014 8:35:50 PM edu.uci.ics.pregelix.core.driver.Driver finishJobs
INFO: result writing finished 236545ms
Mar 20, 2014 8:35:52 PM edu.uci.ics.pregelix.core.driver.Driver runJobs
INFO: job finished
Mar 20, 2014 8:35:52 PM edu.uci.ics.pregelix.core.driver.Driver runJobs
INFO: performance counters
	total vertice: 154468585
	total edges: 1217346688
	num-processors: 2
	system-load-averages: 2
	heap-used-sizes: 1150211975
	disk-reads: 12667171456
	disk-writes: 6081089024
	net-payload-bytes-read: 1948045704
	net-payload-bytes-written: 1948080445

Total Execution Time: 1565 seconds
