Warning: $HADOOP_HOME is deprecated.

Deleted hdfs://sensorium-1:31888/tmp/pgoutput
Warning: $HADOOP_HOME is deprecated.

14/02/05 14:33:00 INFO utils.ConfigurationUtils: No edge input format specified. Ensure your InputFormat does not require one.
14/02/05 14:33:00 INFO utils.ConfigurationUtils: No edge output format specified. Ensure your OutputFormat does not require one.
14/02/05 14:33:00 INFO utils.ConfigurationUtils: Setting custom argument [giraph.useOutOfCoreGraph] to [false] in GiraphConfiguration
14/02/05 14:33:00 INFO utils.ConfigurationUtils: Setting custom argument [giraph.useOutOfCoreMessages] to [true] in GiraphConfiguration
14/02/05 14:33:00 INFO job.GiraphJob: run: Since checkpointing is disabled (default), do not allow any task retries (setting mapred.map.max.attempts = 0, old value = 4)
14/02/05 14:33:07 INFO job.GiraphJob: run: Tracking URL: http://sensorium-1:47040/jobdetails.jsp?jobid=job_201402050026_0009
14/02/05 14:33:51 INFO job.HaltApplicationUtils$DefaultHaltInstructionsWriter: writeHaltInstructions: To halt after next superstep execute: 'bin/halt-application --zkServer sensorium-62.ics.uci.edu:22181 --zkNode /_hadoopBsp/job_201402050026_0009/_haltComputation'
14/02/05 14:33:51 INFO mapred.JobClient: Running job: job_201402050026_0009
14/02/05 14:33:52 INFO mapred.JobClient:  map 3% reduce 0%
14/02/05 14:34:00 INFO mapred.JobClient:  map 9% reduce 0%
14/02/05 14:34:13 INFO mapred.JobClient:  map 37% reduce 0%
14/02/05 14:34:14 INFO mapred.JobClient:  map 75% reduce 0%
14/02/05 14:34:15 INFO mapred.JobClient:  map 93% reduce 0%
14/02/05 14:34:16 INFO mapred.JobClient:  map 96% reduce 0%
14/02/05 14:34:19 INFO mapred.JobClient:  map 100% reduce 0%
14/02/05 15:04:54 INFO mapred.JobClient:  map 96% reduce 0%
14/02/05 15:08:51 INFO mapred.JobClient:  map 93% reduce 0%
14/02/05 15:09:30 INFO mapred.JobClient:  map 90% reduce 0%
14/02/05 15:14:37 INFO mapred.JobClient:  map 87% reduce 0%
14/02/05 15:18:01 INFO mapred.JobClient:  map 84% reduce 0%
14/02/05 16:39:44 INFO mapred.JobClient:  map 81% reduce 0%
14/02/05 16:39:57 INFO mapred.JobClient: Job complete: job_201402050026_0009
14/02/05 16:39:57 INFO mapred.JobClient: Counters: 6
14/02/05 16:39:57 INFO mapred.JobClient:   Job Counters 
14/02/05 16:39:57 INFO mapred.JobClient:     SLOTS_MILLIS_MAPS=203982690
14/02/05 16:39:57 INFO mapred.JobClient:     Total time spent by all reduces waiting after reserving slots (ms)=0
14/02/05 16:39:57 INFO mapred.JobClient:     Total time spent by all maps waiting after reserving slots (ms)=0
14/02/05 16:39:57 INFO mapred.JobClient:     Launched map tasks=32
14/02/05 16:39:57 INFO mapred.JobClient:     SLOTS_MILLIS_REDUCES=0
14/02/05 16:39:57 INFO mapred.JobClient:     Failed map tasks=1
Total Execution Time: 7626 seconds
