Warning: $HADOOP_HOME is deprecated.

rmr: cannot remove /tmp/pgoutput: No such file or directory.
Warning: $HADOOP_HOME is deprecated.

Exception in thread "main" java.lang.ExceptionInInitializerError
	at org.apache.giraph.GiraphRunner.run(GiraphRunner.java:74)
	at org.apache.hadoop.util.ToolRunner.run(ToolRunner.java:65)
	at org.apache.hadoop.util.ToolRunner.run(ToolRunner.java:79)
	at org.apache.giraph.GiraphRunner.main(GiraphRunner.java:124)
	at sun.reflect.NativeMethodAccessorImpl.invoke0(Native Method)
	at sun.reflect.NativeMethodAccessorImpl.invoke(NativeMethodAccessorImpl.java:57)
	at sun.reflect.DelegatingMethodAccessorImpl.invoke(DelegatingMethodAccessorImpl.java:43)
	at java.lang.reflect.Method.invoke(Method.java:606)
	at org.apache.hadoop.util.RunJar.main(RunJar.java:156)
Caused by: java.lang.IllegalStateException: Shutdown in progress
	at java.lang.ApplicationShutdownHooks.add(ApplicationShutdownHooks.java:66)
	at java.lang.Runtime.addShutdownHook(Runtime.java:211)
	at org.apache.hadoop.fs.FileSystem$Cache.get(FileSystem.java:1414)
	at org.apache.hadoop.fs.FileSystem.get(FileSystem.java:254)
	at org.apache.hadoop.fs.FileSystem.get(FileSystem.java:123)
	at org.apache.giraph.utils.ConfigurationUtils.<clinit>(ConfigurationUtils.java:78)
	... 9 more
Total Execution Time: 7 seconds
