Warning: $HADOOP_HOME is deprecated.

Deleted hdfs://sensorium-1:31888/tmp/spoutput
Warning: $HADOOP_HOME is deprecated.

14/02/26 20:33:57 INFO utils.ConfigurationUtils: No edge input format specified. Ensure your InputFormat does not require one.
14/02/26 20:33:57 INFO utils.ConfigurationUtils: No edge output format specified. Ensure your OutputFormat does not require one.
14/02/26 20:33:57 INFO utils.ConfigurationUtils: Setting custom argument [giraph.useOutOfCoreGraph] to [false] in GiraphConfiguration
14/02/26 20:33:57 INFO utils.ConfigurationUtils: Setting custom argument [giraph.useOutOfCoreMessages] to [false] in GiraphConfiguration
14/02/26 20:33:57 INFO utils.ConfigurationUtils: Setting custom argument [giraph.shortestPathsBenchmark.sourceId] to [9239908] in GiraphConfiguration
14/02/26 20:33:57 INFO job.GiraphJob: run: Since checkpointing is disabled (default), do not allow any task retries (setting mapred.map.max.attempts = 0, old value = 4)
14/02/26 20:34:45 INFO job.GiraphJob: run: Tracking URL: http://sensorium-1:47040/jobdetails.jsp?jobid=job_201402140954_0069
14/02/26 20:35:44 INFO job.HaltApplicationUtils$DefaultHaltInstructionsWriter: writeHaltInstructions: To halt after next superstep execute: 'bin/halt-application --zkServer sensorium-50.ics.uci.edu:22181 --zkNode /_hadoopBsp/job_201402140954_0069/_haltComputation'
14/02/26 20:35:44 INFO mapred.JobClient: Running job: job_201402140954_0069
14/02/26 20:35:45 INFO mapred.JobClient:  map 31% reduce 0%
14/02/26 20:35:46 INFO mapred.JobClient:  map 34% reduce 0%
14/02/26 20:35:47 INFO mapred.JobClient:  map 50% reduce 0%
14/02/26 20:35:48 INFO mapred.JobClient:  map 56% reduce 0%
14/02/26 20:35:49 INFO mapred.JobClient:  map 68% reduce 0%
14/02/26 20:35:50 INFO mapred.JobClient:  map 71% reduce 0%
14/02/26 20:35:54 INFO mapred.JobClient:  map 75% reduce 0%
14/02/26 20:35:55 INFO mapred.JobClient:  map 78% reduce 0%
14/02/26 20:35:56 INFO mapred.JobClient:  map 81% reduce 0%
14/02/26 20:35:57 INFO mapred.JobClient:  map 84% reduce 0%
14/02/26 20:35:58 INFO mapred.JobClient:  map 87% reduce 0%
14/02/26 20:36:04 INFO mapred.JobClient:  map 90% reduce 0%
14/02/26 20:36:09 INFO mapred.JobClient:  map 96% reduce 0%
14/02/26 20:36:44 INFO mapred.JobClient: Job complete: job_201402140954_0069
14/02/26 20:36:44 INFO mapred.JobClient: Counters: 5
14/02/26 20:36:44 INFO mapred.JobClient:   Job Counters 
14/02/26 20:36:44 INFO mapred.JobClient:     SLOTS_MILLIS_MAPS=1996244
14/02/26 20:36:44 INFO mapred.JobClient:     Total time spent by all reduces waiting after reserving slots (ms)=0
14/02/26 20:36:44 INFO mapred.JobClient:     Total time spent by all maps waiting after reserving slots (ms)=0
14/02/26 20:36:44 INFO mapred.JobClient:     Launched map tasks=32
14/02/26 20:36:44 INFO mapred.JobClient:     SLOTS_MILLIS_REDUCES=0
Total Execution Time: 176 seconds
