Warning: $HADOOP_HOME is deprecated.

Deleted hdfs://sensorium-1:31888/tmp/spoutput
Warning: $HADOOP_HOME is deprecated.

14/02/26 22:08:11 INFO utils.ConfigurationUtils: No edge input format specified. Ensure your InputFormat does not require one.
14/02/26 22:08:11 INFO utils.ConfigurationUtils: No edge output format specified. Ensure your OutputFormat does not require one.
14/02/26 22:08:11 INFO utils.ConfigurationUtils: Setting custom argument [giraph.useOutOfCoreGraph] to [false] in GiraphConfiguration
14/02/26 22:08:11 INFO utils.ConfigurationUtils: Setting custom argument [giraph.useOutOfCoreMessages] to [true] in GiraphConfiguration
14/02/26 22:08:11 INFO utils.ConfigurationUtils: Setting custom argument [giraph.partitionsDirectory] to [/scratch/yingyib/giraph] in GiraphConfiguration
14/02/26 22:08:11 INFO utils.ConfigurationUtils: Setting custom argument [giraph.shortestPathsBenchmark.sourceId] to [9239908] in GiraphConfiguration
14/02/26 22:08:11 INFO job.GiraphJob: run: Since checkpointing is disabled (default), do not allow any task retries (setting mapred.map.max.attempts = 0, old value = 4)
14/02/26 22:08:21 INFO job.GiraphJob: run: Tracking URL: http://sensorium-1:47040/jobdetails.jsp?jobid=job_201402140954_0076
14/02/26 22:09:10 INFO job.HaltApplicationUtils$DefaultHaltInstructionsWriter: writeHaltInstructions: To halt after next superstep execute: 'bin/halt-application --zkServer sensorium-45.ics.uci.edu:22181 --zkNode /_hadoopBsp/job_201402140954_0076/_haltComputation'
14/02/26 22:09:10 INFO mapred.JobClient: Running job: job_201402140954_0076
14/02/26 22:09:11 INFO mapred.JobClient:  map 37% reduce 0%
14/02/26 22:09:12 INFO mapred.JobClient:  map 50% reduce 0%
14/02/26 22:09:13 INFO mapred.JobClient:  map 59% reduce 0%
14/02/26 22:09:14 INFO mapred.JobClient:  map 65% reduce 0%
14/02/26 22:09:15 INFO mapred.JobClient:  map 71% reduce 0%
14/02/26 22:09:17 INFO mapred.JobClient:  map 75% reduce 0%
14/02/26 22:09:18 INFO mapred.JobClient:  map 84% reduce 0%
14/02/26 22:09:19 INFO mapred.JobClient:  map 87% reduce 0%
14/02/26 22:09:20 INFO mapred.JobClient:  map 96% reduce 0%
14/02/26 22:09:21 INFO mapred.JobClient:  map 100% reduce 0%
14/02/26 22:35:32 INFO mapred.JobClient:  map 96% reduce 0%
14/02/26 22:35:47 INFO mapred.JobClient:  map 93% reduce 0%
14/02/26 22:37:21 INFO mapred.JobClient:  map 90% reduce 0%
14/02/26 22:40:58 INFO mapred.JobClient:  map 87% reduce 0%
14/02/26 22:42:25 INFO mapred.JobClient:  map 84% reduce 0%
14/02/26 22:44:22 INFO mapred.JobClient:  map 81% reduce 0%
14/02/26 22:46:59 INFO mapred.JobClient:  map 78% reduce 0%
14/02/26 22:47:54 INFO mapred.JobClient: Job complete: job_201402140954_0076
14/02/26 22:47:54 INFO mapred.JobClient: Counters: 5
14/02/26 22:47:54 INFO mapred.JobClient:   Job Counters 
14/02/26 22:47:54 INFO mapred.JobClient:     SLOTS_MILLIS_MAPS=55259171
14/02/26 22:47:54 INFO mapred.JobClient:     Total time spent by all reduces waiting after reserving slots (ms)=0
14/02/26 22:47:54 INFO mapred.JobClient:     Total time spent by all maps waiting after reserving slots (ms)=0
14/02/26 22:47:54 INFO mapred.JobClient:     Launched map tasks=32
14/02/26 22:47:54 INFO mapred.JobClient:     SLOTS_MILLIS_REDUCES=0
Total Execution Time: 2391 seconds
