Mar 14, 2014 12:36:31 AM edu.uci.ics.pregelix.core.driver.Driver installApplication
INFO: jar deployment finished 4308ms
Mar 14, 2014 12:36:31 AM edu.uci.ics.pregelix.core.driver.Driver runJobs
INFO: job started
Mar 14, 2014 12:36:32 AM org.apache.hadoop.mapreduce.lib.input.FileInputFormat listStatus
INFO: Total input paths to process : 62
Mar 14, 2014 12:36:32 AM org.apache.hadoop.util.NativeCodeLoader <clinit>
WARNING: Unable to load native-hadoop library for your platform... using builtin-java classes where applicable
Mar 14, 2014 12:36:32 AM org.apache.hadoop.io.compress.snappy.LoadSnappy <clinit>
WARNING: Snappy native library not loaded
Mar 14, 2014 12:36:32 AM edu.uci.ics.pregelix.core.jobgen.JobGen loadHDFSData
INFO: number of splits: 62
Mar 14, 2014 12:36:32 AM edu.uci.ics.pregelix.core.jobgen.JobGen loadHDFSData
INFO: hdfs://sensorium-1:31888/btc001x/part-0:0+45723279
Mar 14, 2014 12:36:32 AM edu.uci.ics.pregelix.core.jobgen.JobGen loadHDFSData
INFO: hdfs://sensorium-1:31888/btc001x/part-1:0+45767488
Mar 14, 2014 12:36:32 AM edu.uci.ics.pregelix.core.jobgen.JobGen loadHDFSData
INFO: hdfs://sensorium-1:31888/btc001x/part-10:0+40767675
Mar 14, 2014 12:36:32 AM edu.uci.ics.pregelix.core.jobgen.JobGen loadHDFSData
INFO: hdfs://sensorium-1:31888/btc001x/part-11:0+40736333
Mar 14, 2014 12:36:32 AM edu.uci.ics.pregelix.core.jobgen.JobGen loadHDFSData
INFO: hdfs://sensorium-1:31888/btc001x/part-12:0+40712189
Mar 14, 2014 12:36:32 AM edu.uci.ics.pregelix.core.jobgen.JobGen loadHDFSData
INFO: hdfs://sensorium-1:31888/btc001x/part-13:0+40954376
Mar 14, 2014 12:36:32 AM edu.uci.ics.pregelix.core.jobgen.JobGen loadHDFSData
INFO: hdfs://sensorium-1:31888/btc001x/part-14:0+40857013
Mar 14, 2014 12:36:32 AM edu.uci.ics.pregelix.core.jobgen.JobGen loadHDFSData
INFO: hdfs://sensorium-1:31888/btc001x/part-15:0+40984939
Mar 14, 2014 12:36:32 AM edu.uci.ics.pregelix.core.jobgen.JobGen loadHDFSData
INFO: hdfs://sensorium-1:31888/btc001x/part-16:0+40819820
Mar 14, 2014 12:36:32 AM edu.uci.ics.pregelix.core.jobgen.JobGen loadHDFSData
INFO: hdfs://sensorium-1:31888/btc001x/part-17:0+40785131
Mar 14, 2014 12:36:32 AM edu.uci.ics.pregelix.core.jobgen.JobGen loadHDFSData
INFO: hdfs://sensorium-1:31888/btc001x/part-18:0+40800590
Mar 14, 2014 12:36:32 AM edu.uci.ics.pregelix.core.jobgen.JobGen loadHDFSData
INFO: hdfs://sensorium-1:31888/btc001x/part-19:0+40864864
Mar 14, 2014 12:36:32 AM edu.uci.ics.pregelix.core.jobgen.JobGen loadHDFSData
INFO: hdfs://sensorium-1:31888/btc001x/part-2:0+45709638
Mar 14, 2014 12:36:32 AM edu.uci.ics.pregelix.core.jobgen.JobGen loadHDFSData
INFO: hdfs://sensorium-1:31888/btc001x/part-20:0+40899600
Mar 14, 2014 12:36:32 AM edu.uci.ics.pregelix.core.jobgen.JobGen loadHDFSData
INFO: hdfs://sensorium-1:31888/btc001x/part-21:0+40863914
Mar 14, 2014 12:36:32 AM edu.uci.ics.pregelix.core.jobgen.JobGen loadHDFSData
INFO: hdfs://sensorium-1:31888/btc001x/part-22:0+40921035
Mar 14, 2014 12:36:32 AM edu.uci.ics.pregelix.core.jobgen.JobGen loadHDFSData
INFO: hdfs://sensorium-1:31888/btc001x/part-23:0+40895430
Mar 14, 2014 12:36:32 AM edu.uci.ics.pregelix.core.jobgen.JobGen loadHDFSData
INFO: hdfs://sensorium-1:31888/btc001x/part-24:0+40810916
Mar 14, 2014 12:36:32 AM edu.uci.ics.pregelix.core.jobgen.JobGen loadHDFSData
INFO: hdfs://sensorium-1:31888/btc001x/part-25:0+40846936
Mar 14, 2014 12:36:32 AM edu.uci.ics.pregelix.core.jobgen.JobGen loadHDFSData
INFO: hdfs://sensorium-1:31888/btc001x/part-26:0+40869355
Mar 14, 2014 12:36:32 AM edu.uci.ics.pregelix.core.jobgen.JobGen loadHDFSData
INFO: hdfs://sensorium-1:31888/btc001x/part-27:0+40794097
Mar 14, 2014 12:36:32 AM edu.uci.ics.pregelix.core.jobgen.JobGen loadHDFSData
INFO: hdfs://sensorium-1:31888/btc001x/part-28:0+45920170
Mar 14, 2014 12:36:32 AM edu.uci.ics.pregelix.core.jobgen.JobGen loadHDFSData
INFO: hdfs://sensorium-1:31888/btc001x/part-29:0+45895060
Mar 14, 2014 12:36:32 AM edu.uci.ics.pregelix.core.jobgen.JobGen loadHDFSData
INFO: hdfs://sensorium-1:31888/btc001x/part-3:0+45859323
Mar 14, 2014 12:36:32 AM edu.uci.ics.pregelix.core.jobgen.JobGen loadHDFSData
INFO: hdfs://sensorium-1:31888/btc001x/part-30:0+45847856
Mar 14, 2014 12:36:32 AM edu.uci.ics.pregelix.core.jobgen.JobGen loadHDFSData
INFO: hdfs://sensorium-1:31888/btc001x/part-31:0+45879327
Mar 14, 2014 12:36:32 AM edu.uci.ics.pregelix.core.jobgen.JobGen loadHDFSData
INFO: hdfs://sensorium-1:31888/btc001x/part-32:0+45898253
Mar 14, 2014 12:36:32 AM edu.uci.ics.pregelix.core.jobgen.JobGen loadHDFSData
INFO: hdfs://sensorium-1:31888/btc001x/part-33:0+45808704
Mar 14, 2014 12:36:32 AM edu.uci.ics.pregelix.core.jobgen.JobGen loadHDFSData
INFO: hdfs://sensorium-1:31888/btc001x/part-34:0+45906466
Mar 14, 2014 12:36:32 AM edu.uci.ics.pregelix.core.jobgen.JobGen loadHDFSData
INFO: hdfs://sensorium-1:31888/btc001x/part-35:0+45885345
Mar 14, 2014 12:36:32 AM edu.uci.ics.pregelix.core.jobgen.JobGen loadHDFSData
INFO: hdfs://sensorium-1:31888/btc001x/part-36:0+40850150
Mar 14, 2014 12:36:32 AM edu.uci.ics.pregelix.core.jobgen.JobGen loadHDFSData
INFO: hdfs://sensorium-1:31888/btc001x/part-37:0+40999279
Mar 14, 2014 12:36:32 AM edu.uci.ics.pregelix.core.jobgen.JobGen loadHDFSData
INFO: hdfs://sensorium-1:31888/btc001x/part-38:0+40990586
Mar 14, 2014 12:36:32 AM edu.uci.ics.pregelix.core.jobgen.JobGen loadHDFSData
INFO: hdfs://sensorium-1:31888/btc001x/part-39:0+40805808
Mar 14, 2014 12:36:32 AM edu.uci.ics.pregelix.core.jobgen.JobGen loadHDFSData
INFO: hdfs://sensorium-1:31888/btc001x/part-4:0+45784992
Mar 14, 2014 12:36:32 AM edu.uci.ics.pregelix.core.jobgen.JobGen loadHDFSData
INFO: hdfs://sensorium-1:31888/btc001x/part-40:0+40817561
Mar 14, 2014 12:36:32 AM edu.uci.ics.pregelix.core.jobgen.JobGen loadHDFSData
INFO: hdfs://sensorium-1:31888/btc001x/part-41:0+40859492
Mar 14, 2014 12:36:32 AM edu.uci.ics.pregelix.core.jobgen.JobGen loadHDFSData
INFO: hdfs://sensorium-1:31888/btc001x/part-42:0+40945164
Mar 14, 2014 12:36:32 AM edu.uci.ics.pregelix.core.jobgen.JobGen loadHDFSData
INFO: hdfs://sensorium-1:31888/btc001x/part-43:0+40878098
Mar 14, 2014 12:36:32 AM edu.uci.ics.pregelix.core.jobgen.JobGen loadHDFSData
INFO: hdfs://sensorium-1:31888/btc001x/part-44:0+40842770
Mar 14, 2014 12:36:32 AM edu.uci.ics.pregelix.core.jobgen.JobGen loadHDFSData
INFO: hdfs://sensorium-1:31888/btc001x/part-45:0+40823335
Mar 14, 2014 12:36:32 AM edu.uci.ics.pregelix.core.jobgen.JobGen loadHDFSData
INFO: hdfs://sensorium-1:31888/btc001x/part-46:0+40858561
Mar 14, 2014 12:36:32 AM edu.uci.ics.pregelix.core.jobgen.JobGen loadHDFSData
INFO: hdfs://sensorium-1:31888/btc001x/part-47:0+40827922
Mar 14, 2014 12:36:32 AM edu.uci.ics.pregelix.core.jobgen.JobGen loadHDFSData
INFO: hdfs://sensorium-1:31888/btc001x/part-48:0+40824842
Mar 14, 2014 12:36:32 AM edu.uci.ics.pregelix.core.jobgen.JobGen loadHDFSData
INFO: hdfs://sensorium-1:31888/btc001x/part-49:0+40758496
Mar 14, 2014 12:36:32 AM edu.uci.ics.pregelix.core.jobgen.JobGen loadHDFSData
INFO: hdfs://sensorium-1:31888/btc001x/part-5:0+40575357
Mar 14, 2014 12:36:32 AM edu.uci.ics.pregelix.core.jobgen.JobGen loadHDFSData
INFO: hdfs://sensorium-1:31888/btc001x/part-50:0+40860702
Mar 14, 2014 12:36:32 AM edu.uci.ics.pregelix.core.jobgen.JobGen loadHDFSData
INFO: hdfs://sensorium-1:31888/btc001x/part-51:0+40808743
Mar 14, 2014 12:36:32 AM edu.uci.ics.pregelix.core.jobgen.JobGen loadHDFSData
INFO: hdfs://sensorium-1:31888/btc001x/part-52:0+40909957
Mar 14, 2014 12:36:32 AM edu.uci.ics.pregelix.core.jobgen.JobGen loadHDFSData
INFO: hdfs://sensorium-1:31888/btc001x/part-53:0+40962482
Mar 14, 2014 12:36:32 AM edu.uci.ics.pregelix.core.jobgen.JobGen loadHDFSData
INFO: hdfs://sensorium-1:31888/btc001x/part-54:0+40961537
Mar 14, 2014 12:36:32 AM edu.uci.ics.pregelix.core.jobgen.JobGen loadHDFSData
INFO: hdfs://sensorium-1:31888/btc001x/part-55:0+40766983
Mar 14, 2014 12:36:32 AM edu.uci.ics.pregelix.core.jobgen.JobGen loadHDFSData
INFO: hdfs://sensorium-1:31888/btc001x/part-56:0+41066903
Mar 14, 2014 12:36:32 AM edu.uci.ics.pregelix.core.jobgen.JobGen loadHDFSData
INFO: hdfs://sensorium-1:31888/btc001x/part-57:0+40871133
Mar 14, 2014 12:36:32 AM edu.uci.ics.pregelix.core.jobgen.JobGen loadHDFSData
INFO: hdfs://sensorium-1:31888/btc001x/part-58:0+40875276
Mar 14, 2014 12:36:32 AM edu.uci.ics.pregelix.core.jobgen.JobGen loadHDFSData
INFO: hdfs://sensorium-1:31888/btc001x/part-59:0+45808017
Mar 14, 2014 12:36:32 AM edu.uci.ics.pregelix.core.jobgen.JobGen loadHDFSData
INFO: hdfs://sensorium-1:31888/btc001x/part-6:0+40705947
Mar 14, 2014 12:36:32 AM edu.uci.ics.pregelix.core.jobgen.JobGen loadHDFSData
INFO: hdfs://sensorium-1:31888/btc001x/part-60:0+46013646
Mar 14, 2014 12:36:32 AM edu.uci.ics.pregelix.core.jobgen.JobGen loadHDFSData
INFO: hdfs://sensorium-1:31888/btc001x/part-61:0+45767699
Mar 14, 2014 12:36:32 AM edu.uci.ics.pregelix.core.jobgen.JobGen loadHDFSData
INFO: hdfs://sensorium-1:31888/btc001x/part-7:0+40818765
Mar 14, 2014 12:36:32 AM edu.uci.ics.pregelix.core.jobgen.JobGen loadHDFSData
INFO: hdfs://sensorium-1:31888/btc001x/part-8:0+40781618
Mar 14, 2014 12:36:32 AM edu.uci.ics.pregelix.core.jobgen.JobGen loadHDFSData
INFO: hdfs://sensorium-1:31888/btc001x/part-9:0+40797283
Mar 14, 2014 12:36:32 AM edu.uci.ics.hyracks.hdfs.scheduler.Scheduler getLocationConstraints
INFO: Data local rate: 0.5483871102333069
Mar 14, 2014 12:37:20 AM edu.uci.ics.pregelix.core.driver.Driver loadData
INFO: data loading finished 48394ms
Mar 14, 2014 12:37:35 AM edu.uci.ics.pregelix.core.driver.Driver runLoopBody
INFO: ShortestPathsVertex: iteration 1 finished 15062ms
Mar 14, 2014 12:37:37 AM edu.uci.ics.pregelix.core.driver.Driver runLoopBody
INFO: ShortestPathsVertex: iteration 2 finished 1986ms
Mar 14, 2014 12:37:38 AM edu.uci.ics.pregelix.core.driver.Driver runLoopBody
INFO: ShortestPathsVertex: iteration 3 finished 1462ms
Mar 14, 2014 12:37:39 AM edu.uci.ics.pregelix.core.driver.Driver runLoopBody
INFO: ShortestPathsVertex: iteration 4 finished 1165ms
Mar 14, 2014 12:37:41 AM edu.uci.ics.pregelix.core.driver.Driver runLoopBody
INFO: ShortestPathsVertex: iteration 5 finished 1364ms
Mar 14, 2014 12:37:42 AM edu.uci.ics.pregelix.core.driver.Driver runLoopBody
INFO: ShortestPathsVertex: iteration 6 finished 1173ms
Mar 14, 2014 12:37:43 AM edu.uci.ics.pregelix.core.driver.Driver runLoopBody
INFO: ShortestPathsVertex: iteration 7 finished 1349ms
Mar 14, 2014 12:37:45 AM edu.uci.ics.pregelix.core.driver.Driver runLoopBody
INFO: ShortestPathsVertex: iteration 8 finished 1416ms
Mar 14, 2014 12:37:46 AM edu.uci.ics.pregelix.core.driver.Driver runLoopBody
INFO: ShortestPathsVertex: iteration 9 finished 1573ms
Mar 14, 2014 12:37:48 AM edu.uci.ics.pregelix.core.driver.Driver runLoopBody
INFO: ShortestPathsVertex: iteration 10 finished 1356ms
Mar 14, 2014 12:37:49 AM edu.uci.ics.pregelix.core.driver.Driver runLoopBody
INFO: ShortestPathsVertex: iteration 11 finished 1495ms
Mar 14, 2014 12:37:50 AM edu.uci.ics.pregelix.core.driver.Driver runLoopBody
INFO: ShortestPathsVertex: iteration 12 finished 1029ms
Mar 14, 2014 12:37:52 AM edu.uci.ics.pregelix.core.driver.Driver runLoopBody
INFO: ShortestPathsVertex: iteration 13 finished 1295ms
Mar 14, 2014 12:37:52 AM edu.uci.ics.pregelix.core.driver.Driver runLoopBody
INFO: ShortestPathsVertex: iteration 14 finished 916ms
Mar 14, 2014 12:37:53 AM edu.uci.ics.pregelix.core.driver.Driver runLoopBody
INFO: ShortestPathsVertex: iteration 15 finished 934ms
Mar 14, 2014 12:37:55 AM edu.uci.ics.pregelix.core.driver.Driver runLoopBody
INFO: ShortestPathsVertex: iteration 16 finished 1169ms
Mar 14, 2014 12:37:56 AM edu.uci.ics.pregelix.core.driver.Driver runLoopBody
INFO: ShortestPathsVertex: iteration 17 finished 1019ms
Mar 14, 2014 12:37:57 AM edu.uci.ics.pregelix.core.driver.Driver runLoopBody
INFO: ShortestPathsVertex: iteration 18 finished 1003ms
Mar 14, 2014 12:37:58 AM edu.uci.ics.pregelix.core.driver.Driver runLoopBody
INFO: ShortestPathsVertex: iteration 19 finished 947ms
Mar 14, 2014 12:37:58 AM edu.uci.ics.pregelix.core.driver.Driver runLoopBody
INFO: ShortestPathsVertex: iteration 20 finished 837ms
Mar 14, 2014 12:37:59 AM edu.uci.ics.pregelix.core.driver.Driver runLoopBody
INFO: ShortestPathsVertex: iteration 21 finished 787ms
Mar 14, 2014 12:38:00 AM edu.uci.ics.pregelix.core.driver.Driver runLoopBody
INFO: ShortestPathsVertex: iteration 22 finished 722ms
Mar 14, 2014 12:39:12 AM edu.uci.ics.pregelix.core.driver.Driver finishJobs
INFO: result writing finished 71999ms
Mar 14, 2014 12:39:12 AM edu.uci.ics.pregelix.core.driver.Driver runJobs
INFO: job finished
Mar 14, 2014 12:39:12 AM edu.uci.ics.pregelix.core.driver.Driver runJobs
INFO: performance counters
	total vertice: 48568218
	total edges: 215998524
	num-processors: 2
	system-load-averages: 1
	heap-used-sizes: 1059963069
	disk-reads: 25088
	disk-writes: 907451392
	net-payload-bytes-read: 513271136
	net-payload-bytes-written: 513271136

Total Execution Time: 174 seconds
