Warning: $HADOOP_HOME is deprecated.

Deleted hdfs://sensorium-1:31888/tmp/pgoutput
Warning: $HADOOP_HOME is deprecated.

14/04/03 11:31:03 INFO utils.ConfigurationUtils: No edge input format specified. Ensure your InputFormat does not require one.
14/04/03 11:31:03 INFO utils.ConfigurationUtils: No edge output format specified. Ensure your OutputFormat does not require one.
14/04/03 11:31:03 INFO utils.ConfigurationUtils: Setting custom argument [giraph.useOutOfCoreGraph] to [false] in GiraphConfiguration
14/04/03 11:31:03 INFO utils.ConfigurationUtils: Setting custom argument [giraph.useOutOfCoreMessages] to [true] in GiraphConfiguration
14/04/03 11:31:03 INFO utils.ConfigurationUtils: Setting custom argument [giraph.numComputeThreads] to [4] in GiraphConfiguration
14/04/03 11:31:03 INFO utils.ConfigurationUtils: Setting custom argument [giraph.partitionsDirectory] to [/scratch/yingyib/giraph] in GiraphConfiguration
14/04/03 11:31:03 INFO job.GiraphJob: run: Since checkpointing is disabled (default), do not allow any task retries (setting mapred.map.max.attempts = 0, old value = 4)
14/04/03 11:31:11 INFO job.GiraphJob: run: Tracking URL: http://sensorium-1:47040/jobdetails.jsp?jobid=job_201404030814_0014
14/04/03 11:32:10 INFO mapred.JobClient: Running job: job_201404030814_0014
14/04/03 11:32:10 INFO mapred.JobClient: Job complete: job_201404030814_0014
14/04/03 11:32:10 INFO mapred.JobClient: Counters: 5
14/04/03 11:32:10 INFO mapred.JobClient:   Job Counters 
14/04/03 11:32:10 INFO mapred.JobClient:     SLOTS_MILLIS_MAPS=499086
14/04/03 11:32:10 INFO mapred.JobClient:     Total time spent by all reduces waiting after reserving slots (ms)=0
14/04/03 11:32:10 INFO mapred.JobClient:     Total time spent by all maps waiting after reserving slots (ms)=0
14/04/03 11:32:10 INFO mapred.JobClient:     Launched map tasks=32
14/04/03 11:32:10 INFO mapred.JobClient:     SLOTS_MILLIS_REDUCES=6473
Total Execution Time: 75 seconds
